<?xml version="1.0" encoding="UTF-8"?>
<!-- Generated by org.testng.reporters.JUnitReportReporter -->
<testsuite hostname="DESKTOP-LMKUKFJ" failures="0" tests="15" name="Freedo_domain.appium_2" time="589.068" errors="0" timestamp="2023-09-20T14:11:49 IST" skipped="0">
  <testcase classname="Freedo_domain.appium_2" name="TC_0060_Admin_approved_request" time="52.193"/>
  <system-out/>
  <testcase classname="Freedo_domain.appium_2" name="TC_0063_Verify_user_end_ride_booking_status" time="11.056"/>
  <system-out/>
  <testcase classname="Freedo_domain.appium_2" name="TC_0058_admin_Request_reject" time="28.787"/>
  <system-out/>
  <testcase classname="Freedo_domain.appium_2" name="TC_0064_Admin_check_End_ride_request" time="37.501"/>
  <system-out/>
  <testcase classname="Freedo_domain.appium_2" name="TC_0062_Verify_user_End_ride_request" time="5.981"/>
  <system-out/>
  <testcase classname="Freedo_domain.appium_2" name="TC_0061_Verify_user_able_to_view_booking_status_all_elements" time="75.073"/>
  <system-out/>
  <testcase classname="Freedo_domain.appium_2" name="TC_0052_admin_Request_reject" time="33.181"/>
  <system-out/>
  <testcase classname="Freedo_domain.appium_2" name="TC_0053_Track_booking_status" time="26.802"/>
  <system-out/>
  <testcase classname="Freedo_domain.appium_2" name="TC_0054_Verify_user_able_to_logout_cancel" time="21.486"/>
  <system-out/>
  <testcase classname="Freedo_domain.appium_2" name="TC_0055_Verify_user_able_to_successful_logout" time="15.647"/>
  <system-out/>
  <testcase classname="Freedo_domain.appium_2" name="TC_0056_Verify_user_able_to_deactivate_account" time="52.738"/>
  <system-out/>
  <testcase classname="Freedo_domain.appium_2" name="TC_0057_Verify_user_able_to_COD_booking" time="64.191"/>
  <system-out/>
  <testcase classname="Freedo_domain.appium_2" name="TC_0059_Verify_user_able_to_Online_payment_booking" time="134.077"/>
  <system-out/>
  <testcase classname="Freedo_domain.appium_2" name="TC_0065_Verify_user_Complete_ride_booking_status" time="25.960"/>
  <system-out/>
  <testcase classname="Freedo_domain.appium_2" name="TC_0066_Verify_after_Complete_ride_invoice_button" time="4.395"/>
  <system-out/>
</testsuite> <!-- Freedo_domain.appium_2 -->
