<?xml version="1.0" encoding="UTF-8"?>
<!-- Generated by org.testng.reporters.JUnitReportReporter -->
<testsuite hostname="DESKTOP-19KQ7J4" failures="0" tests="1" name="Freedo.appium.TC_001" time="21.398" errors="0" timestamp="2022-12-20T11:30:47 IST" skipped="0">
  <testcase classname="Freedo.appium.TC_001" name="appiumTest" time="21.398"/>
  <system-out/>
</testsuite> <!-- Freedo.appium.TC_001 -->
