<?xml version="1.0" encoding="UTF-8"?>
<!-- Generated by org.testng.reporters.JUnitReportReporter -->
<testsuite hostname="DESKTOP-LMKUKFJ" failures="0" tests="28" name="Freedo_domain.appium_1" time="446.602" errors="0" timestamp="2023-05-18T22:37:13 IST" skipped="0">
  <testcase classname="Freedo_domain.appium_1" name="TC_0050_Verify_user_able_to_view_booking_status" time="0.003"/>
  <system-out/>
  <testcase classname="Freedo_domain.appium_1" name="TC_0027_Verify_homepage_bike_rentals_tab_available_bike" time="13.570"/>
  <system-out/>
  <testcase classname="Freedo_domain.appium_1" name="TC_0040_Verify_user_able_to_select_time_slot_Morning" time="1.945"/>
  <system-out/>
  <testcase classname="Freedo_domain.appium_1" name="TC_0047_Verify_summary_page_i_accept_checkbox" time="6.598"/>
  <system-out/>
  <testcase classname="Freedo_domain.appium_1" name="TC_0049_Verify_user_able_to_make_payment" time="61.492"/>
  <system-out/>
  <testcase classname="Freedo_domain.appium_1" name="TC_0025_Verify_available_all_bikes" time="16.231"/>
  <system-out/>
  <testcase classname="Freedo_domain.appium_1" name="TC_0037_Verify_user_able_to_select_date_and_package_under_booking_all_elements_using_home_delivery" time="53.437"/>
  <system-out/>
  <testcase classname="Freedo_domain.appium_1" name="TC_0024_Verify_home_page_all_elements" time="11.893"/>
  <system-out/>
  <testcase classname="Freedo_domain.appium_1" name="TC_0031_Verify_Booking_elements" time="15.504"/>
  <system-out/>
  <testcase classname="Freedo_domain.appium_1" name="TC_0046_Verify_summary_page_cash_on_delivery_method" time="8.289"/>
  <system-out/>
  <testcase classname="Freedo_domain.appium_1" name="TC_0032_Verify_Booking_elements" time="13.519"/>
  <system-out/>
  <testcase classname="Freedo_domain.appium_1" name="TC_0045_Verify_summary_page_coupon_code" time="11.616"/>
  <system-out/>
  <testcase classname="Freedo_domain.appium_1" name="TC_0035_Verify_user_able_to_select_date_and_package_under_booking" time="22.451"/>
  <system-out/>
  <testcase classname="Freedo_domain.appium_1" name="TC_0044_Verify_summary_page_additional_helmet_charges" time="5.093"/>
  <system-out/>
  <testcase classname="Freedo_domain.appium_1" name="TC_0034_Verify_scooter_button_on_homepage" time="6.548"/>
  <system-out/>
  <testcase classname="Freedo_domain.appium_1" name="TC_0039_Verify_user_able_to_select_time_slot_Evening" time="1.644"/>
  <system-out/>
  <testcase classname="Freedo_domain.appium_1" name="TC_0028_Verify_Rent_tab_all_elements" time="4.110"/>
  <system-out/>
  <testcase classname="Freedo_domain.appium_1" name="TC_0041_Verify_user_able_to_list_button" time="1.657"/>
  <system-out/>
  <testcase classname="Freedo_domain.appium_1" name="TC_0048_Verify_summary_page_pay_now_button" time="10.530"/>
  <system-out/>
  <testcase classname="Freedo_domain.appium_1" name="TC_0029_Verify_freedo_rental_icon" time="3.628"/>
  <system-out/>
  <testcase classname="Freedo_domain.appium_1" name="TC_0033_Verify_Bike_button_on_homepage" time="12.140"/>
  <system-out/>
  <testcase classname="Freedo_domain.appium_1" name="TC_0038_Verify_user_able_to_select_time_slot_afternoon" time="44.497"/>
  <system-out/>
  <testcase classname="Freedo_domain.appium_1" name="TC_0030_Verify_more_button_all_elements" time="10.288"/>
  <system-out/>
  <testcase classname="Freedo_domain.appium_1" name="TC_0051_Verify_user_able_to_view_booking_status_all_elements" time="20.497"/>
  <system-out/>
  <testcase classname="Freedo_domain.appium_1" name="TC_0036_Verify_user_able_to_select_date_and_package_under_booking_all_elements" time="7.915"/>
  <system-out/>
  <testcase classname="Freedo_domain.appium_1" name="TC_0043_Verify_continue_button_and_summary_page" time="17.980"/>
  <system-out/>
  <testcase classname="Freedo_domain.appium_1" name="TC_0026_Verify_available_all_Scooters" time="4.054"/>
  <system-out/>
  <testcase classname="Freedo_domain.appium_1" name="TC_0042_Verify_select_automation_city" time="59.473"/>
  <system-out/>
</testsuite> <!-- Freedo_domain.appium_1 -->
