<?xml version="1.0" encoding="UTF-8"?>
<!-- Generated by org.testng.reporters.JUnitReportReporter -->
<testsuite hostname="DESKTOP-LMKUKFJ" failures="0" tests="28" name="Freedo_domain.appium_1" time="650.649" errors="0" timestamp="2023-06-12T22:47:34 IST" skipped="0">
  <testcase classname="Freedo_domain.appium_1" name="TC_0026_Verify_available_all_Scooters" time="5.301"/>
  <system-out/>
  <testcase classname="Freedo_domain.appium_1" name="TC_0038_Verify_user_able_to_select_time_slot_afternoon" time="57.455"/>
  <system-out/>
  <testcase classname="Freedo_domain.appium_1" name="TC_0049_Verify_user_able_to_make_payment" time="59.322"/>
  <system-out/>
  <testcase classname="Freedo_domain.appium_1" name="TC_0039_Verify_user_able_to_select_time_slot_Evening" time="2.264"/>
  <system-out/>
  <testcase classname="Freedo_domain.appium_1" name="TC_0045_Verify_summary_page_coupon_code" time="18.385"/>
  <system-out/>
  <testcase classname="Freedo_domain.appium_1" name="TC_0024_Verify_home_page_all_elements" time="27.110"/>
  <system-out/>
  <testcase classname="Freedo_domain.appium_1" name="TC_0035_Verify_user_able_to_select_date_and_package_under_booking" time="30.254"/>
  <system-out/>
  <testcase classname="Freedo_domain.appium_1" name="TC_0046_Verify_summary_page_cash_on_delivery_method" time="8.470"/>
  <system-out/>
  <testcase classname="Freedo_domain.appium_1" name="TC_0030_Verify_more_button_all_elements" time="18.460"/>
  <system-out/>
  <testcase classname="Freedo_domain.appium_1" name="TC_0027_Verify_homepage_bike_rentals_tab_available_bike" time="21.075"/>
  <system-out/>
  <testcase classname="Freedo_domain.appium_1" name="TC_0044_Verify_summary_page_additional_helmet_charges" time="14.874"/>
  <system-out/>
  <testcase classname="Freedo_domain.appium_1" name="TC_0050_Verify_user_able_to_view_booking_status" time="0.957"/>
  <system-out/>
  <testcase classname="Freedo_domain.appium_1" name="TC_0033_Verify_Bike_button_on_homepage" time="14.355"/>
  <system-out/>
  <testcase classname="Freedo_domain.appium_1" name="TC_0043_Verify_continue_button_and_summary_page" time="34.286"/>
  <system-out/>
  <testcase classname="Freedo_domain.appium_1" name="TC_0036_Verify_user_able_to_select_date_and_package_under_booking_all_elements" time="18.856"/>
  <system-out/>
  <testcase classname="Freedo_domain.appium_1" name="TC_0029_Verify_freedo_rental_icon" time="3.321"/>
  <system-out/>
  <testcase classname="Freedo_domain.appium_1" name="TC_0047_Verify_summary_page_i_accept_checkbox" time="4.556"/>
  <system-out/>
  <testcase classname="Freedo_domain.appium_1" name="TC_0048_Verify_summary_page_pay_now_button" time="24.992"/>
  <system-out/>
  <testcase classname="Freedo_domain.appium_1" name="TC_0028_Verify_Rent_tab_all_elements" time="12.383"/>
  <system-out/>
  <testcase classname="Freedo_domain.appium_1" name="TC_0037_Verify_user_able_to_select_date_and_package_under_booking_all_elements_using_home_delivery" time="84.410"/>
  <system-out/>
  <testcase classname="Freedo_domain.appium_1" name="TC_0041_Verify_user_able_to_list_button" time="2.535"/>
  <system-out/>
  <testcase classname="Freedo_domain.appium_1" name="TC_0025_Verify_available_all_bikes" time="20.849"/>
  <system-out/>
  <testcase classname="Freedo_domain.appium_1" name="TC_0031_Verify_Booking_elements" time="30.199"/>
  <system-out/>
  <testcase classname="Freedo_domain.appium_1" name="TC_0040_Verify_user_able_to_select_time_slot_Morning" time="1.930"/>
  <system-out/>
  <testcase classname="Freedo_domain.appium_1" name="TC_0032_Verify_Booking_elements" time="14.418"/>
  <system-out/>
  <testcase classname="Freedo_domain.appium_1" name="TC_0034_Verify_scooter_button_on_homepage" time="8.585"/>
  <system-out/>
  <testcase classname="Freedo_domain.appium_1" name="TC_0051_Verify_user_able_to_view_booking_status_all_elements" time="47.688"/>
  <system-out/>
  <testcase classname="Freedo_domain.appium_1" name="TC_0042_Verify_select_automation_city" time="63.359"/>
  <system-out/>
</testsuite> <!-- Freedo_domain.appium_1 -->
