<?xml version="1.0" encoding="UTF-8"?>
<!-- Generated by org.testng.reporters.JUnitReportReporter -->
<testsuite hostname="DESKTOP-LMKUKFJ" failures="0" tests="23" name="freedodomain.appium_0" time="157.251" errors="0" timestamp="2023-11-28T14:30:45 IST" skipped="0">
  <testcase classname="freedodomain.appium_0" name="TC_001_verify_install_apk" time="7.833"/>
  <system-out/>
  <testcase classname="freedodomain.appium_0" name="TC_002_verify_select_pickup_location_date_and_packages" time="3.961"/>
  <system-out/>
  <testcase classname="freedodomain.appium_0" name="TC_003_Verify_the_NEXT_button" time="5.851"/>
  <system-out/>
  <testcase classname="freedodomain.appium_0" name="TC_004_Verify_the_NEXT_button_clicking" time="6.214"/>
  <system-out/>
  <testcase classname="freedodomain.appium_0" name="TC_005_Verify_the_slide_indicator" time="1.290"/>
  <system-out/>
  <testcase classname="freedodomain.appium_0" name="TC_006_Verify_the_Done_button_clicking" time="0.740"/>
  <system-out/>
  <testcase classname="freedodomain.appium_0" name="TC_007_Verify_login_component" time="5.778"/>
  <system-out/>
  <testcase classname="freedodomain.appium_0" name="TC_008_Verify_login_functionality_Register_mo_number" time="5.306"/>
  <system-out/>
  <testcase classname="freedodomain.appium_0" name="TC_009_verify_login_button_on_create_an_account_page" time="3.772"/>
  <system-out/>
  <testcase classname="freedodomain.appium_0" name="TC_0010_verify_create_an_account_page" time="9.703"/>
  <system-out/>
  <testcase classname="freedodomain.appium_0" name="TC_0011_verify_user_able_to_create_an_account" time="29.169"/>
  <system-out/>
  <testcase classname="freedodomain.appium_0" name="TC_0012_verify_Terms_and_condition_link_on_create_an_account_page" time="27.521"/>
  <system-out/>
  <testcase classname="freedodomain.appium_0" name="TC_0013_verify_Privacy_and_policy_link_on_create_an_account_page" time="4.367"/>
  <system-out/>
  <testcase classname="freedodomain.appium_0" name="TC_0014_verify_Privacy_policy_under_Privacy_policy_dropdown_all_element" time="6.298"/>
  <system-out/>
  <testcase classname="freedodomain.appium_0" name="TC_0015_Verify_create_my_account_button" time="1.006"/>
  <system-out/>
  <testcase classname="freedodomain.appium_0" name="TC_0016_Verify_otp_verification_time_slot" time="2.512"/>
  <system-out/>
  <testcase classname="freedodomain.appium_0" name="TC_0017_Verify_OTP_Verification_Page" time="5.503"/>
  <system-out/>
  <testcase classname="freedodomain.appium_0" name="TC_0018_Select_location" time="9.130"/>
  <system-out/>
  <testcase classname="freedodomain.appium_0" name="TC_0019_verify_user_select_City_Page" time="4.674"/>
  <system-out/>
  <testcase classname="freedodomain.appium_0" name="TC_0020_Search_wrong_city_name" time="6.695"/>
  <system-out/>
  <testcase classname="freedodomain.appium_0" name="TC_0021_Search_city_name" time="6.868"/>
  <system-out/>
  <testcase classname="freedodomain.appium_0" name="TC_0022_Select_all__City" time="0.924"/>
  <system-out/>
  <testcase classname="freedodomain.appium_0" name="TC_0023_Verify_location_popup" time="2.136"/>
  <system-out/>
</testsuite> <!-- freedodomain.appium_0 -->
