<?xml version="1.0" encoding="UTF-8"?>
<!-- Generated by org.testng.reporters.JUnitReportReporter -->
<testsuite hostname="DESKTOP-LMKUKFJ" failures="0" tests="6" name="Freedo_domain.appium_4" time="0.000" errors="0" timestamp="2023-04-13T21:42:14 IST" skipped="6">
  <testcase classname="Freedo_domain.appium_4" name="appium_4_TC_0031_verify_booking_page_status" time="0.000">
    <skipped/>
  </testcase> <!-- appium_4_TC_0031_verify_booking_page_status -->
  <system-out/>
  <testcase classname="Freedo_domain.appium_4" name="appium_4_TC_0030_Admin_End_Ride_request" time="0.000">
    <skipped/>
  </testcase> <!-- appium_4_TC_0030_Admin_End_Ride_request -->
  <system-out/>
  <testcase classname="Freedo_domain.appium_4" name="appium_4_TC_0029_verify_extend_ride_and_apply_coupon_code" time="0.000">
    <skipped/>
  </testcase> <!-- appium_4_TC_0029_verify_extend_ride_and_apply_coupon_code -->
  <system-out/>
  <testcase classname="Freedo_domain.appium_4" name="appium_4__TC_0033_Verify_Create_Account_functionality" time="0.000">
    <skipped/>
  </testcase> <!-- appium_4__TC_0033_Verify_Create_Account_functionality -->
  <system-out/>
  <testcase classname="Freedo_domain.appium_4" name="appium_4_TC_0028_verify_Booking_details" time="0.000">
    <skipped/>
  </testcase> <!-- appium_4_TC_0028_verify_Booking_details -->
  <system-out/>
  <testcase classname="Freedo_domain.appium_4" name="appium_4_TC_0032_verify_log_out_account" time="0.000">
    <skipped/>
  </testcase> <!-- appium_4_TC_0032_verify_log_out_account -->
  <system-out/>
</testsuite> <!-- Freedo_domain.appium_4 -->
