<?xml version="1.0" encoding="UTF-8"?>
<!-- Generated by org.testng.reporters.JUnitReportReporter -->
<testsuite hostname="DESKTOP-LMKUKFJ" failures="0" tests="8" name="Freedo_domain.appium_2" time="200.569" errors="0" timestamp="2023-04-02T23:06:09 IST" skipped="0">
  <testcase classname="Freedo_domain.appium_2" name="appium_2_TC_0022_verify_app_dark_theme" time="3.984"/>
  <system-out/>
  <testcase classname="Freedo_domain.appium_2" name="appium_2_TC_0019_verify_Booking_confirmation" time="29.246"/>
  <system-out/>
  <testcase classname="Freedo_domain.appium_2" name="appium_2_TC_0018_verify_payment_process_methods" time="14.734"/>
  <system-out/>
  <testcase classname="Freedo_domain.appium_2" name="appium_2_TC_0020_verify_booking_page_components" time="16.085"/>
  <system-out/>
  <testcase classname="Freedo_domain.appium_2" name="appium_2_TC_0017_verify_Home_delivery_section_with_fill_valid_data" time="46.003"/>
  <system-out/>
  <testcase classname="Freedo_domain.appium_2" name="appium_2_TC_0016_verify_PickUp_delivery_section_with_valid_data" time="29.514"/>
  <system-out/>
  <testcase classname="Freedo_domain.appium_2" name="appium_2_TC_0021_verify_profile_edit_data" time="32.098"/>
  <system-out/>
  <testcase classname="Freedo_domain.appium_2" name="appium_2_TC_0023_admin_Request_reject" time="28.905"/>
  <system-out/>
</testsuite> <!-- Freedo_domain.appium_2 -->
