<?xml version="1.0" encoding="UTF-8"?>
<!-- Generated by org.testng.reporters.JUnitReportReporter -->
<testsuite hostname="DESKTOP-LMKUKFJ" failures="0" tests="23" name="Freedo_domain.appium_0" time="146.277" errors="0" timestamp="2023-11-09T14:44:03 IST" skipped="0">
  <testcase classname="Freedo_domain.appium_0" name="TC_001_verify_install_apk" time="8.742"/>
  <system-out/>
  <testcase classname="Freedo_domain.appium_0" name="TC_002_verify_select_pickup_location_date_and_packages" time="4.235"/>
  <system-out/>
  <testcase classname="Freedo_domain.appium_0" name="TC_003_Verify_the_NEXT_button_clicking" time="4.626"/>
  <system-out/>
  <testcase classname="Freedo_domain.appium_0" name="TC_004_Verify_the_NEXT_button_clicking" time="4.872"/>
  <system-out/>
  <testcase classname="Freedo_domain.appium_0" name="TC_005_Verify_the_slide_indicator" time="0.500"/>
  <system-out/>
  <testcase classname="Freedo_domain.appium_0" name="TC_006_Verify_the_Done_button_clicking" time="1.178"/>
  <system-out/>
  <testcase classname="Freedo_domain.appium_0" name="TC_007_Verify_login_component" time="3.856"/>
  <system-out/>
  <testcase classname="Freedo_domain.appium_0" name="TC_008_Verify_login_functionality_Register_mo_number" time="5.140"/>
  <system-out/>
  <testcase classname="Freedo_domain.appium_0" name="TC_009_verify_login_button_on_create_an_account_page" time="5.620"/>
  <system-out/>
  <testcase classname="Freedo_domain.appium_0" name="TC_0010_verify_create_an_account_by_clicking_login_page" time="8.379"/>
  <system-out/>
  <testcase classname="Freedo_domain.appium_0" name="TC_0011_verify_user_able_to_create_an_account" time="24.170"/>
  <system-out/>
  <testcase classname="Freedo_domain.appium_0" name="TC_0012_verify_Terms_and_condition_link_on_create_an_account_page" time="14.576"/>
  <system-out/>
  <testcase classname="Freedo_domain.appium_0" name="TC_0013_verify_Privacy_and_policy_link_on_create_an_account_page" time="4.428"/>
  <system-out/>
  <testcase classname="Freedo_domain.appium_0" name="TC_0014_verify_Privacy_policy_under_Privacy_policy_dropdown_all_element" time="5.764"/>
  <system-out/>
  <testcase classname="Freedo_domain.appium_0" name="TC_0015_Verify_create_my_account_button" time="1.504"/>
  <system-out/>
  <testcase classname="Freedo_domain.appium_0" name="TC_0016_Verify_otp_verification_time_slot" time="4.041"/>
  <system-out/>
  <testcase classname="Freedo_domain.appium_0" name="TC_0017_Verify_OTP_Verification_Page" time="10.819"/>
  <system-out/>
  <testcase classname="Freedo_domain.appium_0" name="TC_0018_Select_location" time="11.924"/>
  <system-out/>
  <testcase classname="Freedo_domain.appium_0" name="TC_0019_verify_user_select_City" time="4.083"/>
  <system-out/>
  <testcase classname="Freedo_domain.appium_0" name="TC_0020_Search_wrong_city_name" time="7.644"/>
  <system-out/>
  <testcase classname="Freedo_domain.appium_0" name="TC_0021_Search_city_name" time="7.210"/>
  <system-out/>
  <testcase classname="Freedo_domain.appium_0" name="TC_0022_Select_all__City" time="0.938"/>
  <system-out/>
  <testcase classname="Freedo_domain.appium_0" name="TC_0023_Verify_location_popup" time="2.028"/>
  <system-out/>
</testsuite> <!-- Freedo_domain.appium_0 -->
