<?xml version="1.0" encoding="UTF-8"?>
<!-- Generated by org.testng.reporters.JUnitReportReporter -->
<testsuite hostname="DESKTOP-LMKUKFJ" failures="0" tests="23" name="Freedo_domain.appium_0" time="202.496" errors="0" timestamp="2023-09-20T14:11:49 IST" skipped="0">
  <testcase classname="Freedo_domain.appium_0" name="TC_001_verify_install_apk" time="7.786"/>
  <system-out/>
  <testcase classname="Freedo_domain.appium_0" name="TC_002_verify_select_pickup_location_date_and_packages" time="5.913"/>
  <system-out/>
  <testcase classname="Freedo_domain.appium_0" name="TC_003_Verify_the_NEXT_button_clicking" time="7.007"/>
  <system-out/>
  <testcase classname="Freedo_domain.appium_0" name="TC_004_Verify_the_NEXT_button_clicking" time="6.280"/>
  <system-out/>
  <testcase classname="Freedo_domain.appium_0" name="TC_005_Verify_the_slide_indicator" time="1.456"/>
  <system-out/>
  <testcase classname="Freedo_domain.appium_0" name="TC_006_Verify_the_Done_button_clicking" time="2.352"/>
  <system-out/>
  <testcase classname="Freedo_domain.appium_0" name="TC_007_Verify_login_component" time="5.248"/>
  <system-out/>
  <testcase classname="Freedo_domain.appium_0" name="TC_008_Verify_login_functionality_Register_mo_number" time="5.280"/>
  <system-out/>
  <testcase classname="Freedo_domain.appium_0" name="TC_009_verify_login_button_on_create_an_account_page" time="8.188"/>
  <system-out/>
  <testcase classname="Freedo_domain.appium_0" name="TC_0010_verify_create_an_account_by_clicking_login_page" time="9.765"/>
  <system-out/>
  <testcase classname="Freedo_domain.appium_0" name="TC_0011_verify_user_able_to_create_an_account" time="31.137"/>
  <system-out/>
  <testcase classname="Freedo_domain.appium_0" name="TC_0012_verify_Terms_and_condition_link_on_create_an_account_page" time="30.353"/>
  <system-out/>
  <testcase classname="Freedo_domain.appium_0" name="TC_0013_verify_Privacy_and_policy_link_on_create_an_account_page" time="5.374"/>
  <system-out/>
  <testcase classname="Freedo_domain.appium_0" name="TC_0014_verify_Privacy_policy_under_Privacy_policy_dropdown_all_element" time="8.327"/>
  <system-out/>
  <testcase classname="Freedo_domain.appium_0" name="TC_0015_Verify_create_my_account_button" time="3.475"/>
  <system-out/>
  <testcase classname="Freedo_domain.appium_0" name="TC_0016_Verify_otp_verification_time_slot" time="6.633"/>
  <system-out/>
  <testcase classname="Freedo_domain.appium_0" name="TC_0017_Verify_OTP_Verification_Page" time="14.275"/>
  <system-out/>
  <testcase classname="Freedo_domain.appium_0" name="TC_0018_Select_location" time="13.796"/>
  <system-out/>
  <testcase classname="Freedo_domain.appium_0" name="TC_0019_verify_user_select_City" time="5.011"/>
  <system-out/>
  <testcase classname="Freedo_domain.appium_0" name="TC_0020_Search_wrong_city_name" time="10.214"/>
  <system-out/>
  <testcase classname="Freedo_domain.appium_0" name="TC_0021_Search_city_name" time="9.300"/>
  <system-out/>
  <testcase classname="Freedo_domain.appium_0" name="TC_0022_Select_all__City" time="2.033"/>
  <system-out/>
  <testcase classname="Freedo_domain.appium_0" name="TC_0023_Verify_location_popup" time="3.293"/>
  <system-out/>
</testsuite> <!-- Freedo_domain.appium_0 -->
