<?xml version="1.0" encoding="UTF-8"?>
<!-- Generated by org.testng.reporters.JUnitReportReporter -->
<testsuite hostname="DESKTOP-LMKUKFJ" failures="0" tests="6" name="Freedo_domain.appium_4" time="144.131" errors="0" timestamp="2023-04-02T23:06:09 IST" skipped="0">
  <testcase classname="Freedo_domain.appium_4" name="appium_4__TC_0033_Verify_Create_Account_functionality" time="30.050"/>
  <system-out/>
  <testcase classname="Freedo_domain.appium_4" name="appium_4_TC_0030_Admin_End_Ride_request" time="30.817"/>
  <system-out/>
  <testcase classname="Freedo_domain.appium_4" name="appium_4_TC_0029_verify_extend_ride_and_apply_coupon_code" time="34.914"/>
  <system-out/>
  <testcase classname="Freedo_domain.appium_4" name="appium_4_TC_0031_verify_booking_page_status" time="23.313"/>
  <system-out/>
  <testcase classname="Freedo_domain.appium_4" name="appium_4_TC_0028_verify_Booking_details" time="18.487"/>
  <system-out/>
  <testcase classname="Freedo_domain.appium_4" name="appium_4_TC_0032_verify_log_out_account" time="6.550"/>
  <system-out/>
</testsuite> <!-- Freedo_domain.appium_4 -->
