<?xml version="1.0" encoding="UTF-8"?>
<!-- Generated by org.testng.reporters.JUnitReportReporter -->
<testsuite hostname="DESKTOP-LMKUKFJ" failures="0" tests="17" name="Freedo_domain.appium_1" time="143.160" errors="0" timestamp="2023-04-02T23:06:09 IST" skipped="0">
  <testcase classname="Freedo_domain.appium_1" name="appium_1_TC_003_Verify_login_component" time="1.593"/>
  <system-out/>
  <testcase classname="Freedo_domain.appium_1" name="appium_1_TC_004_1_Verify_login_functionality_Register_mo_number" time="4.270"/>
  <system-out/>
  <testcase classname="Freedo_domain.appium_1" name="appium_1_TC_005_verify_all__City" time="1.292"/>
  <system-out/>
  <testcase classname="Freedo_domain.appium_1" name="appium_1_TC_006_Select_all__City" time="3.542"/>
  <system-out/>
  <testcase classname="Freedo_domain.appium_1" name="appium_1_TC_007_Verify_book_your_city_section" time="16.931"/>
  <system-out/>
  <testcase classname="Freedo_domain.appium_1" name="appium_1_TC_0015_admin_Request_reject" time="30.666"/>
  <system-out/>
  <testcase classname="Freedo_domain.appium_1" name="appium_1_TC_0012_verify_Aadhaar_verification_process" time="1.181"/>
  <system-out/>
  <testcase classname="Freedo_domain.appium_1" name="appium_1_TC_004_2_Verify_OTP_Verification_Page" time="6.605"/>
  <system-out/>
  <testcase classname="Freedo_domain.appium_1" name="appium_1_TC_009_cod_payment" time="7.031"/>
  <system-out/>
  <testcase classname="Freedo_domain.appium_1" name="appium_1_TC_0010_verify_booking_Rentals_fleet_section" time="16.581"/>
  <system-out/>
  <testcase classname="Freedo_domain.appium_1" name="appium_1_TC_004_3_Select_location" time="9.080"/>
  <system-out/>
  <testcase classname="Freedo_domain.appium_1" name="appium_1_TC_0013_verify_Selfi_verification_process" time="1.348"/>
  <system-out/>
  <testcase classname="Freedo_domain.appium_1" name="appium_1_TC_0014_verify_More_document_verification_process" time="6.114"/>
  <system-out/>
  <testcase classname="Freedo_domain.appium_1" name="appium_1_TC_002_static_pages_view" time="6.437"/>
  <system-out/>
  <testcase classname="Freedo_domain.appium_1" name="appium_1_TC_008_verify_book_your_vehicle_section" time="13.058"/>
  <system-out/>
  <testcase classname="Freedo_domain.appium_1" name="appium_1_TC_001_On_boarding_screen" time="6.631"/>
  <system-out/>
  <testcase classname="Freedo_domain.appium_1" name="appium_1_TC_0011_verify_kyc_verification_process" time="10.800"/>
  <system-out/>
</testsuite> <!-- Freedo_domain.appium_1 -->
