<?xml version="1.0" encoding="UTF-8"?>
<!-- Generated by org.testng.reporters.JUnitReportReporter -->
<testsuite hostname="DESKTOP-LMKUKFJ" failures="0" tests="29" name="freedodomain.appium_1" time="0.002" errors="1" timestamp="2023-11-16T21:09:11 IST" skipped="28">
  <testcase classname="freedodomain.appium_1" name="logger" time="0.001">
    <error message="Cannot invoke &quot;org.apache.logging.log4j.Logger.info(String)&quot; because &quot;com.utility.BaseClass.log&quot; is null" type="java.lang.NullPointerException">
      <![CDATA[java.lang.NullPointerException: Cannot invoke "org.apache.logging.log4j.Logger.info(String)" because "com.utility.BaseClass.log" is null
at com.utility.BaseClass.logger(BaseClass.java:233)
at java.base/jdk.internal.reflect.NativeMethodAccessorImpl.invoke0(Native Method)
at java.base/jdk.internal.reflect.NativeMethodAccessorImpl.invoke(NativeMethodAccessorImpl.java:77)
at java.base/jdk.internal.reflect.DelegatingMethodAccessorImpl.invoke(DelegatingMethodAccessorImpl.java:43)
at java.base/java.lang.reflect.Method.invoke(Method.java:568)
at org.testng.internal.MethodInvocationHelper.invokeMethod(MethodInvocationHelper.java:133)
at org.testng.internal.MethodInvocationHelper.invokeMethodConsideringTimeout(MethodInvocationHelper.java:62)
at org.testng.internal.ConfigInvoker.invokeConfigurationMethod(ConfigInvoker.java:385)
at org.testng.internal.ConfigInvoker.invokeConfigurations(ConfigInvoker.java:321)
at org.testng.internal.TestInvoker.runConfigMethods(TestInvoker.java:700)
at org.testng.internal.TestInvoker.invokeMethod(TestInvoker.java:527)
at org.testng.internal.TestInvoker.invokeTestMethod(TestInvoker.java:173)
at org.testng.internal.MethodRunner.runInSequence(MethodRunner.java:46)
at org.testng.internal.TestInvoker$MethodInvocationAgent.invoke(TestInvoker.java:824)
at org.testng.internal.TestInvoker.invokeTestMethods(TestInvoker.java:146)
at org.testng.internal.TestMethodWorker.invokeTestMethods(TestMethodWorker.java:146)
at org.testng.internal.TestMethodWorker.run(TestMethodWorker.java:128)
at java.base/java.util.ArrayList.forEach(ArrayList.java:1511)
at org.testng.TestRunner.privateRun(TestRunner.java:794)
at org.testng.TestRunner.run(TestRunner.java:596)
at org.testng.SuiteRunner.runTest(SuiteRunner.java:377)
at org.testng.SuiteRunner.runSequentially(SuiteRunner.java:371)
at org.testng.SuiteRunner.privateRun(SuiteRunner.java:332)
at org.testng.SuiteRunner.run(SuiteRunner.java:276)
at org.testng.SuiteRunnerWorker.runSuite(SuiteRunnerWorker.java:53)
at org.testng.SuiteRunnerWorker.run(SuiteRunnerWorker.java:96)
at org.testng.TestNG.runSuitesSequentially(TestNG.java:1212)
at org.testng.TestNG.runSuitesLocally(TestNG.java:1134)
at org.testng.TestNG.runSuites(TestNG.java:1063)
at org.testng.TestNG.run(TestNG.java:1031)
at org.testng.remote.AbstractRemoteTestNG.run(AbstractRemoteTestNG.java:115)
at org.testng.remote.RemoteTestNG.initAndRun(RemoteTestNG.java:251)
at org.testng.remote.RemoteTestNG.main(RemoteTestNG.java:77)
]]>
    </error>
  </testcase> <!-- logger -->
  <system-out/>
  <testcase classname="freedodomain.appium_1" name="TC_0024_Verify_home_page_all_elements" time="0.000">
    <skipped/>
  </testcase> <!-- TC_0024_Verify_home_page_all_elements -->
  <system-out/>
  <testcase classname="freedodomain.appium_1" name="TC_0025_Verify_available_all_bikes" time="0.000">
    <skipped/>
  </testcase> <!-- TC_0025_Verify_available_all_bikes -->
  <system-out/>
  <testcase classname="freedodomain.appium_1" name="TC_0026_Verify_available_all_Scooters" time="0.000">
    <skipped/>
  </testcase> <!-- TC_0026_Verify_available_all_Scooters -->
  <system-out/>
  <testcase classname="freedodomain.appium_1" name="TC_0027_Verify_homepage_bike_rentals_tab_available_bike" time="0.000">
    <skipped/>
  </testcase> <!-- TC_0027_Verify_homepage_bike_rentals_tab_available_bike -->
  <system-out/>
  <testcase classname="freedodomain.appium_1" name="TC_0028_Verify_Rent_tab_all_elements" time="0.000">
    <skipped/>
  </testcase> <!-- TC_0028_Verify_Rent_tab_all_elements -->
  <system-out/>
  <testcase classname="freedodomain.appium_1" name="TC_0029_Verify_freedo_rental_icon" time="0.000">
    <skipped/>
  </testcase> <!-- TC_0029_Verify_freedo_rental_icon -->
  <system-out/>
  <testcase classname="freedodomain.appium_1" name="TC_0030_Verify_more_button_all_elements" time="0.000">
    <skipped/>
  </testcase> <!-- TC_0030_Verify_more_button_all_elements -->
  <system-out/>
  <testcase classname="freedodomain.appium_1" name="TC_0031_Verify_Booking_elements" time="0.000">
    <skipped/>
  </testcase> <!-- TC_0031_Verify_Booking_elements -->
  <system-out/>
  <testcase classname="freedodomain.appium_1" name="TC_0032_Verify_change_city" time="0.000">
    <skipped/>
  </testcase> <!-- TC_0032_Verify_change_city -->
  <system-out/>
  <testcase classname="freedodomain.appium_1" name="TC_0033_Verify_Bike_button_on_homepage" time="0.000">
    <skipped/>
  </testcase> <!-- TC_0033_Verify_Bike_button_on_homepage -->
  <system-out/>
  <testcase classname="freedodomain.appium_1" name="TC_0034_Verify_scooter_button_on_homepage" time="0.000">
    <skipped/>
  </testcase> <!-- TC_0034_Verify_scooter_button_on_homepage -->
  <system-out/>
  <testcase classname="freedodomain.appium_1" name="TC_0035_Verify_user_able_to_select_date_and_package_under_booking" time="0.000">
    <skipped/>
  </testcase> <!-- TC_0035_Verify_user_able_to_select_date_and_package_under_booking -->
  <system-out/>
  <testcase classname="freedodomain.appium_1" name="TC_0036_Verify_user_able_to_select_date_and_package_under_booking_all_elements" time="0.000">
    <skipped/>
  </testcase> <!-- TC_0036_Verify_user_able_to_select_date_and_package_under_booking_all_elements -->
  <system-out/>
  <testcase classname="freedodomain.appium_1" name="TC_0037_Verify_user_able_to_select_date_and_package_under_booking_all_elements_using_home_delivery" time="0.000">
    <skipped/>
  </testcase> <!-- TC_0037_Verify_user_able_to_select_date_and_package_under_booking_all_elements_using_home_delivery -->
  <system-out/>
  <testcase classname="freedodomain.appium_1" name="TC_0038_Verify_user_able_to_select_time_slot_afternoon" time="0.000">
    <skipped/>
  </testcase> <!-- TC_0038_Verify_user_able_to_select_time_slot_afternoon -->
  <system-out/>
  <testcase classname="freedodomain.appium_1" name="TC_0039_Verify_user_able_to_select_time_slot_Evening" time="0.000">
    <skipped/>
  </testcase> <!-- TC_0039_Verify_user_able_to_select_time_slot_Evening -->
  <system-out/>
  <testcase classname="freedodomain.appium_1" name="TC_0040_Verify_user_able_to_select_time_slot_Morning" time="0.000">
    <skipped/>
  </testcase> <!-- TC_0040_Verify_user_able_to_select_time_slot_Morning -->
  <system-out/>
  <testcase classname="freedodomain.appium_1" name="TC_0041_Verify_user_able_to_list_button" time="0.000">
    <skipped/>
  </testcase> <!-- TC_0041_Verify_user_able_to_list_button -->
  <system-out/>
  <testcase classname="freedodomain.appium_1" name="TC_0042_Verify_select_city" time="0.000">
    <skipped/>
  </testcase> <!-- TC_0042_Verify_select_city -->
  <system-out/>
  <testcase classname="freedodomain.appium_1" name="TC_0043_Verify_continue_button_and_summary_page" time="0.000">
    <skipped/>
  </testcase> <!-- TC_0043_Verify_continue_button_and_summary_page -->
  <system-out/>
  <testcase classname="freedodomain.appium_1" name="TC_0044_Verify_summary_page_additional_helmet_charges" time="0.000">
    <skipped/>
  </testcase> <!-- TC_0044_Verify_summary_page_additional_helmet_charges -->
  <system-out/>
  <testcase classname="freedodomain.appium_1" name="TC_0045_Verify_summary_page_coupon_code" time="0.000">
    <skipped/>
  </testcase> <!-- TC_0045_Verify_summary_page_coupon_code -->
  <system-out/>
  <testcase classname="freedodomain.appium_1" name="TC_0046_Verify_summary_page_cash_on_delivery_method" time="0.000">
    <skipped/>
  </testcase> <!-- TC_0046_Verify_summary_page_cash_on_delivery_method -->
  <system-out/>
  <testcase classname="freedodomain.appium_1" name="TC_0047_Verify_summary_page_pay_now_button_status" time="0.000">
    <skipped/>
  </testcase> <!-- TC_0047_Verify_summary_page_pay_now_button_status -->
  <system-out/>
  <testcase classname="freedodomain.appium_1" name="TC_0048_Verify_summary_page_pay_now_button" time="0.000">
    <skipped/>
  </testcase> <!-- TC_0048_Verify_summary_page_pay_now_button -->
  <system-out/>
  <testcase classname="freedodomain.appium_1" name="TC_0049_Verify_user_able_to_make_payment" time="0.001">
    <skipped/>
  </testcase> <!-- TC_0049_Verify_user_able_to_make_payment -->
  <system-out/>
  <testcase classname="freedodomain.appium_1" name="TC_0050_Verify_user_able_to_view_booking_status" time="0.000">
    <skipped/>
  </testcase> <!-- TC_0050_Verify_user_able_to_view_booking_status -->
  <system-out/>
  <testcase classname="freedodomain.appium_1" name="TC_0051_Verify_user_able_to_view_booking_status_all_elements" time="0.000">
    <skipped/>
  </testcase> <!-- TC_0051_Verify_user_able_to_view_booking_status_all_elements -->
  <system-out/>
</testsuite> <!-- freedodomain.appium_1 -->
