<?xml version="1.0" encoding="UTF-8"?>
<!-- Generated by org.testng.reporters.JUnitReportReporter -->
<testsuite hostname="Prathmesh" failures="0" tests="8" name="Freedo_domain.module_1_2" time="65.517" errors="0" timestamp="2023-01-10T15:20:59 IST" skipped="0">
  <testcase classname="Freedo_domain.module_1_2" name="Module2_TC_004_3_Select_location" time="17.841"/>
  <system-out/>
  <testcase classname="Freedo_domain.module_1_2" name="Module2_TC_004_3_Select_all__City" time="8.965"/>
  <system-out/>
  <testcase classname="Freedo_domain.module_1_2" name="Module2_TC_003_Verify_login_component" time="1.646"/>
  <system-out/>
  <testcase classname="Freedo_domain.module_1_2" name="Module2_TC_004_2_Verify_OTP_Verification_Page" time="5.890"/>
  <system-out/>
  <testcase classname="Freedo_domain.module_1_2" name="Module2_TC_004_1_Verify_login_functionality_Register_mo_number" time="9.363"/>
  <system-out/>
  <testcase classname="Freedo_domain.module_1_2" name="Module1_TC_002_static_pages_view" time="8.657"/>
  <system-out/>
  <testcase classname="Freedo_domain.module_1_2" name="Module1_TC_001_On_boarding_screen" time="9.751"/>
  <system-out/>
  <testcase classname="Freedo_domain.module_1_2" name="Module2_TC_004_3_verify_all__City" time="3.404"/>
  <system-out/>
</testsuite> <!-- Freedo_domain.module_1_2 -->
