<?xml version="1.0" encoding="UTF-8"?>
<!-- Generated by org.testng.reporters.JUnitReportReporter -->
<testsuite hostname="DESKTOP-LMKUKFJ" failures="0" tests="1" name="freedodomain.TEST" time="7.679" errors="0" timestamp="2023-11-27T19:23:38 IST" skipped="0">
  <testcase classname="freedodomain.TEST" name="TC_002_verify_select_pickup_location_date_and_packages" time="7.679"/>
  <system-out/>
</testsuite> <!-- freedodomain.TEST -->
