<?xml version="1.0" encoding="UTF-8"?>
<!-- Generated by org.testng.reporters.JUnitReportReporter -->
<testsuite hostname="DESKTOP-LMKUKFJ" failures="0" tests="4" name="Freedo_domain.appium_3" time="0.000" errors="0" timestamp="2023-04-13T21:42:14 IST" skipped="4">
  <testcase classname="Freedo_domain.appium_3" name="appium_3_TC_0027_Admin_approved_request" time="0.000">
    <skipped/>
  </testcase> <!-- appium_3_TC_0027_Admin_approved_request -->
  <system-out/>
  <testcase classname="Freedo_domain.appium_3" name="appium_3_TC_0025_verify_3_to_2_month_booking_summary_page" time="0.000">
    <skipped/>
  </testcase> <!-- appium_3_TC_0025_verify_3_to_2_month_booking_summary_page -->
  <system-out/>
  <testcase classname="Freedo_domain.appium_3" name="appium_3_TC_0026_verify_booking_payment_through_split" time="0.000">
    <skipped/>
  </testcase> <!-- appium_3_TC_0026_verify_booking_payment_through_split -->
  <system-out/>
  <testcase classname="Freedo_domain.appium_3" name="appium_3_TC_0024_verify_2_to_3_month_booking_with_valid_data" time="0.000">
    <skipped/>
  </testcase> <!-- appium_3_TC_0024_verify_2_to_3_month_booking_with_valid_data -->
  <system-out/>
</testsuite> <!-- Freedo_domain.appium_3 -->
