<?xml version="1.0" encoding="UTF-8"?>
<!-- Generated by org.testng.reporters.JUnitReportReporter -->
<testsuite hostname="DESKTOP-LMKUKFJ" failures="0" tests="9" name="Freedo_domain.appium_1" time="107.758" errors="1" timestamp="2023-04-19T17:33:53 IST" skipped="2">
  <testcase classname="Freedo_domain.appium_1" name="appium_1_TC_0012_verify_Aadhaar_verification_process" time="2.069"/>
  <system-out/>
  <testcase classname="Freedo_domain.appium_1" name="appium_1_TC_009_cod_payment" time="0.000">
    <skipped/>
  </testcase> <!-- appium_1_TC_009_cod_payment -->
  <system-out/>
  <testcase classname="Freedo_domain.appium_1" name="appium_1_TC_0010_verify_booking_Rentals_fleet_section" time="0.000">
    <skipped/>
  </testcase> <!-- appium_1_TC_0010_verify_booking_Rentals_fleet_section -->
  <system-out/>
  <testcase classname="Freedo_domain.appium_1" name="appium_1_TC_007_Verify_book_your_city_section" time="17.399"/>
  <system-out/>
  <testcase classname="Freedo_domain.appium_1" name="appium_1_TC_0014_verify_More_document_verification_process" time="13.588"/>
  <system-out/>
  <testcase classname="Freedo_domain.appium_1" name="appium_1_TC_008_verify_book_your_vehicle_section" time="23.207">
    <error message="Cannot invoke &quot;com.utility.listner.onTestFailure(org.testng.ITestResult)&quot; because &quot;com.utility.library.listner&quot; is null" type="java.lang.NullPointerException">
      <![CDATA[java.lang.NullPointerException: Cannot invoke "com.utility.listner.onTestFailure(org.testng.ITestResult)" because "com.utility.library.listner" is null
at com.utility.library.isSelected(library.java:251)
at Freedo_domain.appium_1.appium_1_TC_008_verify_book_your_vehicle_section(appium_1.java:54)
at java.base/jdk.internal.reflect.NativeMethodAccessorImpl.invoke0(Native Method)
at java.base/jdk.internal.reflect.NativeMethodAccessorImpl.invoke(NativeMethodAccessorImpl.java:77)
at java.base/jdk.internal.reflect.DelegatingMethodAccessorImpl.invoke(DelegatingMethodAccessorImpl.java:43)
at java.base/java.lang.reflect.Method.invoke(Method.java:568)
at org.testng.internal.MethodInvocationHelper.invokeMethod(MethodInvocationHelper.java:133)
at org.testng.internal.TestInvoker.invokeMethod(TestInvoker.java:598)
at org.testng.internal.TestInvoker.invokeTestMethod(TestInvoker.java:173)
at org.testng.internal.MethodRunner.runInSequence(MethodRunner.java:46)
at org.testng.internal.TestInvoker$MethodInvocationAgent.invoke(TestInvoker.java:824)
at org.testng.internal.TestInvoker.invokeTestMethods(TestInvoker.java:146)
at org.testng.internal.TestMethodWorker.invokeTestMethods(TestMethodWorker.java:146)
at org.testng.internal.TestMethodWorker.run(TestMethodWorker.java:128)
at java.base/java.util.ArrayList.forEach(ArrayList.java:1511)
at org.testng.TestRunner.privateRun(TestRunner.java:794)
at org.testng.TestRunner.run(TestRunner.java:596)
at org.testng.SuiteRunner.runTest(SuiteRunner.java:377)
at org.testng.SuiteRunner.runSequentially(SuiteRunner.java:371)
at org.testng.SuiteRunner.privateRun(SuiteRunner.java:332)
at org.testng.SuiteRunner.run(SuiteRunner.java:276)
at org.testng.SuiteRunnerWorker.runSuite(SuiteRunnerWorker.java:53)
at org.testng.SuiteRunnerWorker.run(SuiteRunnerWorker.java:96)
at org.testng.TestNG.runSuitesSequentially(TestNG.java:1212)
at org.testng.TestNG.runSuitesLocally(TestNG.java:1134)
at org.testng.TestNG.runSuites(TestNG.java:1063)
at org.testng.TestNG.run(TestNG.java:1031)
at org.testng.remote.AbstractRemoteTestNG.run(AbstractRemoteTestNG.java:115)
at org.testng.remote.RemoteTestNG.initAndRun(RemoteTestNG.java:251)
at org.testng.remote.RemoteTestNG.main(RemoteTestNG.java:77)
]]>
    </error>
  </testcase> <!-- appium_1_TC_008_verify_book_your_vehicle_section -->
  <system-out/>
  <testcase classname="Freedo_domain.appium_1" name="appium_1_TC_0013_verify_Selfi_verification_process" time="3.430"/>
  <system-out/>
  <testcase classname="Freedo_domain.appium_1" name="appium_1_TC_0015_admin_Request_reject" time="32.003"/>
  <system-out/>
  <testcase classname="Freedo_domain.appium_1" name="appium_1_TC_0011_verify_kyc_verification_process" time="16.062"/>
  <system-out/>
</testsuite> <!-- Freedo_domain.appium_1 -->
