<?xml version="1.0" encoding="UTF-8"?>
<!-- Generated by org.testng.reporters.JUnitReportReporter -->
<testsuite hostname="DESKTOP-LMKUKFJ" failures="0" tests="7" name="Freedo_domain.appium_2" time="150.294" errors="0" timestamp="2023-11-09T14:44:03 IST" skipped="0">
  <testcase classname="Freedo_domain.appium_2" name="TC_0058_admin_Request_reject" time="25.395"/>
  <system-out/>
  <testcase classname="Freedo_domain.appium_2" name="TC_0052_admin_Request_reject" time="26.753"/>
  <system-out/>
  <testcase classname="Freedo_domain.appium_2" name="TC_0053_Track_booking_status" time="19.089"/>
  <system-out/>
  <testcase classname="Freedo_domain.appium_2" name="TC_0054_Verify_user_able_to_logout_cancel" time="12.864"/>
  <system-out/>
  <testcase classname="Freedo_domain.appium_2" name="TC_0055_Verify_user_able_to_successful_logout" time="8.069"/>
  <system-out/>
  <testcase classname="Freedo_domain.appium_2" name="TC_0056_Verify_user_able_to_deactivate_account" time="29.779"/>
  <system-out/>
  <testcase classname="Freedo_domain.appium_2" name="TC_0057_Verify_user_able_to_COD_booking" time="28.345"/>
  <system-out/>
</testsuite> <!-- Freedo_domain.appium_2 -->
