<?xml version="1.0" encoding="UTF-8"?>
<!-- Generated by org.testng.reporters.JUnitReportReporter -->
<testsuite hostname="DESKTOP-LMKUKFJ" failures="0" tests="1" name="Freedo_domain.TEST" time="41.861" errors="0" timestamp="2023-05-25T14:28:31 IST" skipped="0">
  <testcase classname="Freedo_domain.TEST" name="t1" time="41.861"/>
  <system-out/>
</testsuite> <!-- Freedo_domain.TEST -->
