<?xml version="1.0" encoding="UTF-8"?>
<!-- Generated by org.testng.reporters.JUnitReportReporter -->
<testsuite hostname="DESKTOP-LMKUKFJ" failures="0" tests="28" name="Freedo_domain.appium_1" time="0.005" errors="0" timestamp="2023-06-08T15:50:41 IST" skipped="28">
  <testcase classname="Freedo_domain.appium_1" name="TC_0045_Verify_summary_page_coupon_code" time="0.001">
    <skipped/>
  </testcase> <!-- TC_0045_Verify_summary_page_coupon_code -->
  <system-out/>
  <testcase classname="Freedo_domain.appium_1" name="TC_0043_Verify_continue_button_and_summary_page" time="0.000">
    <skipped/>
  </testcase> <!-- TC_0043_Verify_continue_button_and_summary_page -->
  <system-out/>
  <testcase classname="Freedo_domain.appium_1" name="TC_0050_Verify_user_able_to_view_booking_status" time="0.000">
    <skipped/>
  </testcase> <!-- TC_0050_Verify_user_able_to_view_booking_status -->
  <system-out/>
  <testcase classname="Freedo_domain.appium_1" name="TC_0035_Verify_user_able_to_select_date_and_package_under_booking" time="0.001">
    <skipped/>
  </testcase> <!-- TC_0035_Verify_user_able_to_select_date_and_package_under_booking -->
  <system-out/>
  <testcase classname="Freedo_domain.appium_1" name="TC_0033_Verify_Bike_button_on_homepage" time="0.000">
    <skipped/>
  </testcase> <!-- TC_0033_Verify_Bike_button_on_homepage -->
  <system-out/>
  <testcase classname="Freedo_domain.appium_1" name="TC_0049_Verify_user_able_to_make_payment" time="0.000">
    <skipped/>
  </testcase> <!-- TC_0049_Verify_user_able_to_make_payment -->
  <system-out/>
  <testcase classname="Freedo_domain.appium_1" name="TC_0044_Verify_summary_page_additional_helmet_charges" time="0.000">
    <skipped/>
  </testcase> <!-- TC_0044_Verify_summary_page_additional_helmet_charges -->
  <system-out/>
  <testcase classname="Freedo_domain.appium_1" name="TC_0029_Verify_freedo_rental_icon" time="0.000">
    <skipped/>
  </testcase> <!-- TC_0029_Verify_freedo_rental_icon -->
  <system-out/>
  <testcase classname="Freedo_domain.appium_1" name="TC_0034_Verify_scooter_button_on_homepage" time="0.000">
    <skipped/>
  </testcase> <!-- TC_0034_Verify_scooter_button_on_homepage -->
  <system-out/>
  <testcase classname="Freedo_domain.appium_1" name="TC_0031_Verify_Booking_elements" time="0.001">
    <skipped/>
  </testcase> <!-- TC_0031_Verify_Booking_elements -->
  <system-out/>
  <testcase classname="Freedo_domain.appium_1" name="TC_0047_Verify_summary_page_i_accept_checkbox" time="0.000">
    <skipped/>
  </testcase> <!-- TC_0047_Verify_summary_page_i_accept_checkbox -->
  <system-out/>
  <testcase classname="Freedo_domain.appium_1" name="TC_0028_Verify_Rent_tab_all_elements" time="0.000">
    <skipped/>
  </testcase> <!-- TC_0028_Verify_Rent_tab_all_elements -->
  <system-out/>
  <testcase classname="Freedo_domain.appium_1" name="TC_0036_Verify_user_able_to_select_date_and_package_under_booking_all_elements" time="0.000">
    <skipped/>
  </testcase> <!-- TC_0036_Verify_user_able_to_select_date_and_package_under_booking_all_elements -->
  <system-out/>
  <testcase classname="Freedo_domain.appium_1" name="TC_0046_Verify_summary_page_cash_on_delivery_method" time="0.000">
    <skipped/>
  </testcase> <!-- TC_0046_Verify_summary_page_cash_on_delivery_method -->
  <system-out/>
  <testcase classname="Freedo_domain.appium_1" name="TC_0038_Verify_user_able_to_select_time_slot_afternoon" time="0.001">
    <skipped/>
  </testcase> <!-- TC_0038_Verify_user_able_to_select_time_slot_afternoon -->
  <system-out/>
  <testcase classname="Freedo_domain.appium_1" name="TC_0030_Verify_more_button_all_elements" time="0.000">
    <skipped/>
  </testcase> <!-- TC_0030_Verify_more_button_all_elements -->
  <system-out/>
  <testcase classname="Freedo_domain.appium_1" name="TC_0041_Verify_user_able_to_list_button" time="0.001">
    <skipped/>
  </testcase> <!-- TC_0041_Verify_user_able_to_list_button -->
  <system-out/>
  <testcase classname="Freedo_domain.appium_1" name="TC_0037_Verify_user_able_to_select_date_and_package_under_booking_all_elements_using_home_delivery" time="0.000">
    <skipped/>
  </testcase> <!-- TC_0037_Verify_user_able_to_select_date_and_package_under_booking_all_elements_using_home_delivery -->
  <system-out/>
  <testcase classname="Freedo_domain.appium_1" name="TC_0025_Verify_available_all_bikes" time="0.000">
    <skipped/>
  </testcase> <!-- TC_0025_Verify_available_all_bikes -->
  <system-out/>
  <testcase classname="Freedo_domain.appium_1" name="TC_0026_Verify_available_all_Scooters" time="0.000">
    <skipped/>
  </testcase> <!-- TC_0026_Verify_available_all_Scooters -->
  <system-out/>
  <testcase classname="Freedo_domain.appium_1" name="TC_0051_Verify_user_able_to_view_booking_status_all_elements" time="0.000">
    <skipped/>
  </testcase> <!-- TC_0051_Verify_user_able_to_view_booking_status_all_elements -->
  <system-out/>
  <testcase classname="Freedo_domain.appium_1" name="TC_0032_Verify_Booking_elements" time="0.000">
    <skipped/>
  </testcase> <!-- TC_0032_Verify_Booking_elements -->
  <system-out/>
  <testcase classname="Freedo_domain.appium_1" name="TC_0040_Verify_user_able_to_select_time_slot_Morning" time="0.000">
    <skipped/>
  </testcase> <!-- TC_0040_Verify_user_able_to_select_time_slot_Morning -->
  <system-out/>
  <testcase classname="Freedo_domain.appium_1" name="TC_0048_Verify_summary_page_pay_now_button" time="0.000">
    <skipped/>
  </testcase> <!-- TC_0048_Verify_summary_page_pay_now_button -->
  <system-out/>
  <testcase classname="Freedo_domain.appium_1" name="TC_0039_Verify_user_able_to_select_time_slot_Evening" time="0.000">
    <skipped/>
  </testcase> <!-- TC_0039_Verify_user_able_to_select_time_slot_Evening -->
  <system-out/>
  <testcase classname="Freedo_domain.appium_1" name="TC_0024_Verify_home_page_all_elements" time="0.000">
    <skipped/>
  </testcase> <!-- TC_0024_Verify_home_page_all_elements -->
  <system-out/>
  <testcase classname="Freedo_domain.appium_1" name="TC_0027_Verify_homepage_bike_rentals_tab_available_bike" time="0.000">
    <skipped/>
  </testcase> <!-- TC_0027_Verify_homepage_bike_rentals_tab_available_bike -->
  <system-out/>
  <testcase classname="Freedo_domain.appium_1" name="TC_0042_Verify_select_automation_city" time="0.000">
    <skipped/>
  </testcase> <!-- TC_0042_Verify_select_automation_city -->
  <system-out/>
</testsuite> <!-- Freedo_domain.appium_1 -->
