<?xml version="1.0" encoding="UTF-8"?>
<!-- Generated by org.testng.reporters.JUnitReportReporter -->
<testsuite hostname="DESKTOP-19KQ7J4" failures="0" tests="9" name="Freedo_domain.module_1" time="54.943" errors="0" timestamp="2022-12-24T22:07:37 IST" skipped="1">
  <testcase classname="Freedo_domain.module_1" name="Module1_TC_001_On_boarding_screen" time="9.177"/>
  <system-out/>
  <testcase classname="Freedo_domain.module_1" name="Module2_TC_004_2_Select_location" time="14.746"/>
  <system-out/>
  <testcase classname="Freedo_domain.module_1" name="Module2_TC_004_3_verify_all__City" time="1.967"/>
  <system-out/>
  <testcase classname="Freedo_domain.module_1" name="Module2_TC_004_2_Verify_OTP_VERIFYCATION_PAGE" time="3.544"/>
  <system-out/>
  <testcase classname="Freedo_domain.module_1" name="Module2_TC_003_Verify_login_component" time="1.986"/>
  <system-out/>
  <testcase classname="Freedo_domain.module_1" name="Module1_TC_002_static_pages_view" time="8.211"/>
  <system-out/>
  <testcase classname="Freedo_domain.module_1" name="Module2_TC_004_3_Select_all__City" time="7.203"/>
  <system-out/>
  <testcase classname="Freedo_domain.module_1" name="Module2_TC_004_1_Verify_login_functionality_Register_mo_number" time="8.109"/>
  <system-out/>
  <testcase classname="Freedo_domain.module_1" name="Module4_TC_004_Verify_Create_Account_functionality">
    <skipped/>
  </testcase> <!-- Module4_TC_004_Verify_Create_Account_functionality -->
  <system-out/>
</testsuite> <!-- Freedo_domain.module_1 -->
