<?xml version="1.0" encoding="UTF-8"?>
<!-- Generated by org.testng.reporters.JUnitReportReporter -->
<testsuite hostname="DESKTOP-19KQ7J4" failures="0" tests="1" name="Freedo_domain.test_newapk" time="119.858" errors="1" timestamp="2022-12-24T01:51:44 IST" skipped="0">
  <testcase classname="Freedo_domain.test_newapk" name="test" time="119.858">
    <error message="Could not start a new session. Response code 500. Message: Appium Server Error due to some reason please check Hub/AppiumStdErr logs for more Information 
Host info: host: &#039;DESKTOP-19KQ7J4&#039;, ip: &#039;192.168.1.12&#039;
Build info: version: &#039;4.6.0&#039;, revision: &#039;79f1c02ae20&#039;
System info: os.name: &#039;Windows 10&#039;, os.arch: &#039;amd64&#039;, os.version: &#039;10.0&#039;, java.version: &#039;19.0.1&#039;
Driver info: io.appium.java_client.android.AndroidDriver
Command: [null, newSession {capabilities=[{appium:appActivity=Freedo Rentals, appium:appPackage=com.heerofreedo, appium:automationName=uiautomator2, appium:launchTimeout=90000, appium:newCommandTimeout=600, appium:pCloudy_ApiKey=2gdc5pv55mh54mqtwmvj4xbr, appium:pCloudy_ApplicationName=freedo_rentals_test.apk, appium:pCloudy_DeviceManufacturer=GOOGLE, appium:pCloudy_DeviceVersion=13.0.0, appium:pCloudy_DurationInMinutes=60, appium:pCloudy_EnableDeviceLogs=true, appium:pCloudy_EnablePerformanceData=true, appium:pCloudy_EnableVideo=true, appium:pCloudy_Username=randhir.kumar@heromotocorp.com, appium:pCloudy_WildNet=false, platformName=ANDROID, appium:platformVersion=13.0.0}], desiredCapabilities=Capabilities {appActivity: Freedo Rentals, appPackage: com.heerofreedo, automationName: uiautomator2, launchTimeout: 90000, newCommandTimeout: 600, pCloudy_ApiKey: 2gdc5pv55mh54mqtwmvj4xbr, pCloudy_ApplicationName: freedo_rentals_test.apk, pCloudy_DeviceManufacturer: GOOGLE, pCloudy_DeviceVersion: 13.0.0, pCloudy_DurationInMinutes: 60, pCloudy_EnableDeviceLogs: true, pCloudy_EnablePerformanceData: true, pCloudy_EnableVideo: true, pCloudy_Username: randhir.kumar@heromotocorp.com, pCloudy_WildNet: false, platformName: ANDROID, platformVersion: 13.0.0}}]
Capabilities {}" type="org.openqa.selenium.SessionNotCreatedException">
      <![CDATA[org.openqa.selenium.SessionNotCreatedException: Could not start a new session. Response code 500. Message: Appium Server Error due to some reason please check Hub/AppiumStdErr logs for more Information 
Host info: host: 'DESKTOP-19KQ7J4', ip: '192.168.1.12'
Build info: version: '4.6.0', revision: '79f1c02ae20'
System info: os.name: 'Windows 10', os.arch: 'amd64', os.version: '10.0', java.version: '19.0.1'
Driver info: io.appium.java_client.android.AndroidDriver
Command: [null, newSession {capabilities=[{appium:appActivity=Freedo Rentals, appium:appPackage=com.heerofreedo, appium:automationName=uiautomator2, appium:launchTimeout=90000, appium:newCommandTimeout=600, appium:pCloudy_ApiKey=2gdc5pv55mh54mqtwmvj4xbr, appium:pCloudy_ApplicationName=freedo_rentals_test.apk, appium:pCloudy_DeviceManufacturer=GOOGLE, appium:pCloudy_DeviceVersion=13.0.0, appium:pCloudy_DurationInMinutes=60, appium:pCloudy_EnableDeviceLogs=true, appium:pCloudy_EnablePerformanceData=true, appium:pCloudy_EnableVideo=true, appium:pCloudy_Username=randhir.kumar@heromotocorp.com, appium:pCloudy_WildNet=false, platformName=ANDROID, appium:platformVersion=13.0.0}], desiredCapabilities=Capabilities {appActivity: Freedo Rentals, appPackage: com.heerofreedo, automationName: uiautomator2, launchTimeout: 90000, newCommandTimeout: 600, pCloudy_ApiKey: 2gdc5pv55mh54mqtwmvj4xbr, pCloudy_ApplicationName: freedo_rentals_test.apk, pCloudy_DeviceManufacturer: GOOGLE, pCloudy_DeviceVersion: 13.0.0, pCloudy_DurationInMinutes: 60, pCloudy_EnableDeviceLogs: true, pCloudy_EnablePerformanceData: true, pCloudy_EnableVideo: true, pCloudy_Username: randhir.kumar@heromotocorp.com, pCloudy_WildNet: false, platformName: ANDROID, platformVersion: 13.0.0}}]
Capabilities {}
at org.openqa.selenium.remote.ProtocolHandshake.createSession(ProtocolHandshake.java:146)
at java.base/jdk.internal.reflect.DirectMethodHandleAccessor.invoke(DirectMethodHandleAccessor.java:104)
at java.base/java.lang.reflect.Method.invoke(Method.java:578)
at io.appium.java_client.remote.AppiumProtocolHandshake.createSession(AppiumProtocolHandshake.java:126)
at io.appium.java_client.remote.AppiumProtocolHandshake.createSession(AppiumProtocolHandshake.java:102)
at io.appium.java_client.remote.AppiumCommandExecutor.createSession(AppiumCommandExecutor.java:194)
at io.appium.java_client.remote.AppiumCommandExecutor.execute(AppiumCommandExecutor.java:262)
at org.openqa.selenium.remote.RemoteWebDriver.execute(RemoteWebDriver.java:541)
at io.appium.java_client.AppiumDriver.startSession(AppiumDriver.java:229)
at org.openqa.selenium.remote.RemoteWebDriver.<init>(RemoteWebDriver.java:157)
at io.appium.java_client.AppiumDriver.<init>(AppiumDriver.java:80)
at io.appium.java_client.AppiumDriver.<init>(AppiumDriver.java:92)
at io.appium.java_client.android.AndroidDriver.<init>(AndroidDriver.java:117)
at Freedo_domain.test_newapk.test(test_newapk.java:35)
at java.base/jdk.internal.reflect.DirectMethodHandleAccessor.invoke(DirectMethodHandleAccessor.java:104)
at java.base/java.lang.reflect.Method.invoke(Method.java:578)
at org.testng.internal.MethodInvocationHelper.invokeMethod(MethodInvocationHelper.java:133)
at org.testng.internal.TestInvoker.invokeMethod(TestInvoker.java:598)
at org.testng.internal.TestInvoker.invokeTestMethod(TestInvoker.java:173)
at org.testng.internal.MethodRunner.runInSequence(MethodRunner.java:46)
at org.testng.internal.TestInvoker$MethodInvocationAgent.invoke(TestInvoker.java:824)
at org.testng.internal.TestInvoker.invokeTestMethods(TestInvoker.java:146)
at org.testng.internal.TestMethodWorker.invokeTestMethods(TestMethodWorker.java:146)
at org.testng.internal.TestMethodWorker.run(TestMethodWorker.java:128)
at java.base/java.util.ArrayList.forEach(ArrayList.java:1511)
at org.testng.TestRunner.privateRun(TestRunner.java:794)
at org.testng.TestRunner.run(TestRunner.java:596)
at org.testng.SuiteRunner.runTest(SuiteRunner.java:377)
at org.testng.SuiteRunner.runSequentially(SuiteRunner.java:371)
at org.testng.SuiteRunner.privateRun(SuiteRunner.java:332)
at org.testng.SuiteRunner.run(SuiteRunner.java:276)
at org.testng.SuiteRunnerWorker.runSuite(SuiteRunnerWorker.java:53)
at org.testng.SuiteRunnerWorker.run(SuiteRunnerWorker.java:96)
at org.testng.TestNG.runSuitesSequentially(TestNG.java:1212)
at org.testng.TestNG.runSuitesLocally(TestNG.java:1134)
at org.testng.TestNG.runSuites(TestNG.java:1063)
at org.testng.TestNG.run(TestNG.java:1031)
at org.testng.remote.AbstractRemoteTestNG.run(AbstractRemoteTestNG.java:115)
at org.testng.remote.RemoteTestNG.initAndRun(RemoteTestNG.java:251)
at org.testng.remote.RemoteTestNG.main(RemoteTestNG.java:77)
]]>
    </error>
  </testcase> <!-- test -->
  <system-out/>
</testsuite> <!-- Freedo_domain.test_newapk -->
