<?xml version="1.0" encoding="UTF-8"?>
<!-- Generated by org.testng.reporters.JUnitReportReporter -->
<testsuite hostname="DESKTOP-LMKUKFJ" failures="0" tests="7" name="Freedo_domain.appium_2" time="0.000" errors="0" timestamp="2023-10-21T11:28:42 IST" skipped="7">
  <testcase classname="Freedo_domain.appium_2" name="TC_0058_admin_Request_reject" time="0.000">
    <skipped/>
  </testcase> <!-- TC_0058_admin_Request_reject -->
  <system-out/>
  <testcase classname="Freedo_domain.appium_2" name="TC_0052_admin_Request_reject" time="0.000">
    <skipped/>
  </testcase> <!-- TC_0052_admin_Request_reject -->
  <system-out/>
  <testcase classname="Freedo_domain.appium_2" name="TC_0053_Track_booking_status" time="0.000">
    <skipped/>
  </testcase> <!-- TC_0053_Track_booking_status -->
  <system-out/>
  <testcase classname="Freedo_domain.appium_2" name="TC_0054_Verify_user_able_to_logout_cancel" time="0.000">
    <skipped/>
  </testcase> <!-- TC_0054_Verify_user_able_to_logout_cancel -->
  <system-out/>
  <testcase classname="Freedo_domain.appium_2" name="TC_0055_Verify_user_able_to_successful_logout" time="0.000">
    <skipped/>
  </testcase> <!-- TC_0055_Verify_user_able_to_successful_logout -->
  <system-out/>
  <testcase classname="Freedo_domain.appium_2" name="TC_0056_Verify_user_able_to_deactivate_account" time="0.000">
    <skipped/>
  </testcase> <!-- TC_0056_Verify_user_able_to_deactivate_account -->
  <system-out/>
  <testcase classname="Freedo_domain.appium_2" name="TC_0057_Verify_user_able_to_COD_booking" time="0.000">
    <skipped/>
  </testcase> <!-- TC_0057_Verify_user_able_to_COD_booking -->
  <system-out/>
</testsuite> <!-- Freedo_domain.appium_2 -->
