<?xml version="1.0" encoding="UTF-8"?>
<!-- Generated by org.testng.reporters.JUnitReportReporter -->
<testsuite hostname="DESKTOP-LMKUKFJ" failures="0" tests="8" name="Freedo_domain.appium_3" time="321.935" errors="0" timestamp="2023-11-15T19:59:20 IST" skipped="0">
  <testcase classname="Freedo_domain.appium_3" name="TC_0064_Admin_check_End_ride_request" time="40.612"/>
  <system-out/>
  <testcase classname="Freedo_domain.appium_3" name="TC_0062_Verify_user_End_ride_request" time="4.377"/>
  <system-out/>
  <testcase classname="Freedo_domain.appium_3" name="TC_0063_Verify_user_end_ride_booking_status" time="9.948"/>
  <system-out/>
  <testcase classname="Freedo_domain.appium_3" name="TC_0061_Verify_user_able_to_view_booking_status_all_elements" time="68.476"/>
  <system-out/>
  <testcase classname="Freedo_domain.appium_3" name="TC_0060_Admin_approved_request" time="67.389"/>
  <system-out/>
  <testcase classname="Freedo_domain.appium_3" name="TC_0059_Verify_user_able_to_Online_payment_booking" time="101.358"/>
  <system-out/>
  <testcase classname="Freedo_domain.appium_3" name="TC_0065_Verify_user_Complete_ride_booking_status" time="27.007"/>
  <system-out/>
  <testcase classname="Freedo_domain.appium_3" name="TC_0066_Verify_after_Complete_ride_invoice_button" time="2.768"/>
  <system-out/>
</testsuite> <!-- Freedo_domain.appium_3 -->
