<?xml version="1.0" encoding="UTF-8"?>
<!-- Generated by org.testng.reporters.JUnitReportReporter -->
<testsuite hostname="DESKTOP-19KQ7J4" failures="0" tests="1" name="Freedo.appium.testapp" time="28.258" errors="0" timestamp="2022-12-29T22:00:31 IST" skipped="0">
  <testcase classname="Freedo.appium.testapp" name="tap" time="28.258"/>
  <system-out/>
</testsuite> <!-- Freedo.appium.testapp -->
