<?xml version="1.0" encoding="UTF-8"?>
<!-- Generated by org.testng.reporters.JUnitReportReporter -->
<testsuite hostname="DESKTOP-LMKUKFJ" failures="0" tests="9" name="Freedo_domain.appium_1" time="144.077" errors="0" timestamp="2023-04-25T10:33:24 IST" skipped="0">
  <testcase classname="Freedo_domain.appium_1" name="appium_1_TC_0012_verify_Aadhaar_verification_process" time="1.474"/>
  <system-out/>
  <testcase classname="Freedo_domain.appium_1" name="appium_1_TC_0010_verify_booking_Rentals_fleet_section" time="20.085"/>
  <system-out/>
  <testcase classname="Freedo_domain.appium_1" name="appium_1_TC_007_Verify_book_your_city_section" time="15.664"/>
  <system-out/>
  <testcase classname="Freedo_domain.appium_1" name="appium_1_TC_009_cod_payment" time="13.810"/>
  <system-out/>
  <testcase classname="Freedo_domain.appium_1" name="appium_1_TC_008_verify_book_your_vehicle_section" time="24.617"/>
  <system-out/>
  <testcase classname="Freedo_domain.appium_1" name="appium_1_TC_0015_admin_Request_reject" time="35.558"/>
  <system-out/>
  <testcase classname="Freedo_domain.appium_1" name="appium_1_TC_0014_verify_More_document_verification_process" time="12.747"/>
  <system-out/>
  <testcase classname="Freedo_domain.appium_1" name="appium_1_TC_0013_verify_Selfi_verification_process" time="2.323"/>
  <system-out/>
  <testcase classname="Freedo_domain.appium_1" name="appium_1_TC_0011_verify_kyc_verification_process" time="17.799"/>
  <system-out/>
</testsuite> <!-- Freedo_domain.appium_1 -->
