<?xml version="1.0" encoding="UTF-8"?>
<!-- Generated by org.testng.reporters.JUnitReportReporter -->
<testsuite hostname="DESKTOP-LMKUKFJ" failures="0" tests="15" name="Freedo_domain.appium_2" time="607.927" errors="0" timestamp="2023-06-09T07:58:19 IST" skipped="0">
  <testcase classname="Freedo_domain.appium_2" name="TC_0055_Verify_user_able_to_successful_logout" time="9.866"/>
  <system-out/>
  <testcase classname="Freedo_domain.appium_2" name="TC_0056_Verify_user_able_to_deactivate_account" time="42.978"/>
  <system-out/>
  <testcase classname="Freedo_domain.appium_2" name="TC_0058_admin_Request_reject" time="50.297"/>
  <system-out/>
  <testcase classname="Freedo_domain.appium_2" name="TC_0063_Verify_user_end_ride_booking_status" time="5.578"/>
  <system-out/>
  <testcase classname="Freedo_domain.appium_2" name="TC_0064_Admin_check_End_ride_request" time="52.758"/>
  <system-out/>
  <testcase classname="Freedo_domain.appium_2" name="TC_0052_admin_Request_reject" time="49.477"/>
  <system-out/>
  <testcase classname="Freedo_domain.appium_2" name="TC_0054_Verify_user_able_to_logout_cancel" time="17.578"/>
  <system-out/>
  <testcase classname="Freedo_domain.appium_2" name="TC_0061_Verify_user_able_to_view_booking_status_all_elements" time="84.809"/>
  <system-out/>
  <testcase classname="Freedo_domain.appium_2" name="TC_0053_Track_booking_status" time="24.129"/>
  <system-out/>
  <testcase classname="Freedo_domain.appium_2" name="TC_0065_Verify_user_Complete_ride_booking_status" time="33.686"/>
  <system-out/>
  <testcase classname="Freedo_domain.appium_2" name="TC_0062_Verify_user_End_ride_request" time="5.246"/>
  <system-out/>
  <testcase classname="Freedo_domain.appium_2" name="TC_0065_Verify_after_Complete_ride_invoice_button" time="22.172"/>
  <system-out/>
  <testcase classname="Freedo_domain.appium_2" name="TC_0059_Verify_user_able_to_Online_payment_booking" time="104.887"/>
  <system-out/>
  <testcase classname="Freedo_domain.appium_2" name="TC_0060_Admin_approved_request" time="57.191"/>
  <system-out/>
  <testcase classname="Freedo_domain.appium_2" name="TC_0057_Verify_user_able_to_COD_booking" time="47.275"/>
  <system-out/>
</testsuite> <!-- Freedo_domain.appium_2 -->
