<?xml version="1.0" encoding="UTF-8"?>
<!-- Generated by org.testng.reporters.JUnitReportReporter -->
<testsuite hostname="DESKTOP-LMKUKFJ" failures="0" tests="28" name="Freedo_domain.appium_1" time="757.731" errors="0" timestamp="2023-09-20T14:11:49 IST" skipped="0">
  <testcase classname="Freedo_domain.appium_1" name="TC_0024_Verify_home_page_all_elements" time="26.383"/>
  <system-out/>
  <testcase classname="Freedo_domain.appium_1" name="TC_0025_Verify_available_all_bikes" time="20.726"/>
  <system-out/>
  <testcase classname="Freedo_domain.appium_1" name="TC_0026_Verify_available_all_Scooters" time="6.179"/>
  <system-out/>
  <testcase classname="Freedo_domain.appium_1" name="TC_0027_Verify_homepage_bike_rentals_tab_available_bike" time="21.991"/>
  <system-out/>
  <testcase classname="Freedo_domain.appium_1" name="TC_0028_Verify_Rent_tab_all_elements" time="15.172"/>
  <system-out/>
  <testcase classname="Freedo_domain.appium_1" name="TC_0029_Verify_freedo_rental_icon" time="8.318"/>
  <system-out/>
  <testcase classname="Freedo_domain.appium_1" name="TC_0030_Verify_more_button_all_elements" time="24.746"/>
  <system-out/>
  <testcase classname="Freedo_domain.appium_1" name="TC_0031_Verify_Booking_elements" time="21.592"/>
  <system-out/>
  <testcase classname="Freedo_domain.appium_1" name="TC_0032_Verify_Booking_elements" time="19.479"/>
  <system-out/>
  <testcase classname="Freedo_domain.appium_1" name="TC_0033_Verify_Bike_button_on_homepage" time="14.216"/>
  <system-out/>
  <testcase classname="Freedo_domain.appium_1" name="TC_0034_Verify_scooter_button_on_homepage" time="8.923"/>
  <system-out/>
  <testcase classname="Freedo_domain.appium_1" name="TC_0035_Verify_user_able_to_select_date_and_package_under_booking" time="38.259"/>
  <system-out/>
  <testcase classname="Freedo_domain.appium_1" name="TC_0036_Verify_user_able_to_select_date_and_package_under_booking_all_elements" time="22.329"/>
  <system-out/>
  <testcase classname="Freedo_domain.appium_1" name="TC_0037_Verify_user_able_to_select_date_and_package_under_booking_all_elements_using_home_delivery" time="84.434"/>
  <system-out/>
  <testcase classname="Freedo_domain.appium_1" name="TC_0038_Verify_user_able_to_select_time_slot_afternoon" time="51.397"/>
  <system-out/>
  <testcase classname="Freedo_domain.appium_1" name="TC_0039_Verify_user_able_to_select_time_slot_Evening" time="4.609"/>
  <system-out/>
  <testcase classname="Freedo_domain.appium_1" name="TC_0040_Verify_user_able_to_select_time_slot_Morning" time="4.579"/>
  <system-out/>
  <testcase classname="Freedo_domain.appium_1" name="TC_0041_Verify_user_able_to_list_button" time="3.860"/>
  <system-out/>
  <testcase classname="Freedo_domain.appium_1" name="TC_0042_Verify_select_city" time="59.704"/>
  <system-out/>
  <testcase classname="Freedo_domain.appium_1" name="TC_0043_Verify_continue_button_and_summary_page" time="111.866"/>
  <system-out/>
  <testcase classname="Freedo_domain.appium_1" name="TC_0044_Verify_summary_page_additional_helmet_charges" time="16.726"/>
  <system-out/>
  <testcase classname="Freedo_domain.appium_1" name="TC_0045_Verify_summary_page_coupon_code" time="23.961"/>
  <system-out/>
  <testcase classname="Freedo_domain.appium_1" name="TC_0046_Verify_summary_page_cash_on_delivery_method" time="10.201"/>
  <system-out/>
  <testcase classname="Freedo_domain.appium_1" name="TC_0047_Verify_summary_page_i_accept_checkbox" time="6.449"/>
  <system-out/>
  <testcase classname="Freedo_domain.appium_1" name="TC_0048_Verify_summary_page_pay_now_button" time="25.110"/>
  <system-out/>
  <testcase classname="Freedo_domain.appium_1" name="TC_0049_Verify_user_able_to_make_payment" time="60.090"/>
  <system-out/>
  <testcase classname="Freedo_domain.appium_1" name="TC_0050_Verify_user_able_to_view_booking_status" time="4.851"/>
  <system-out/>
  <testcase classname="Freedo_domain.appium_1" name="TC_0051_Verify_user_able_to_view_booking_status_all_elements" time="41.581"/>
  <system-out/>
</testsuite> <!-- Freedo_domain.appium_1 -->
