<?xml version="1.0" encoding="UTF-8"?>
<!-- Generated by org.testng.reporters.JUnitReportReporter -->
<testsuite hostname="DESKTOP-LMKUKFJ" failures="0" tests="3" name="Store_class.Runner" time="4.067" errors="1" timestamp="2023-10-23T19:26:11 IST" skipped="2">
  <testcase classname="Store_class.Runner" name="prepareTest" time="4.067">
    <error message="Could not start a new session. Response code 500. Message: com.ssts.pcloudy.exceptions.DeviceNotBookedException : Requested Device Full &#039;SAMSUNG_GalaxyA10s_android_11.0.0_2a63e&#039; name not found/already booked. 
Host info: host: &#039;DESKTOP-LMKUKFJ&#039;, ip: &#039;192.168.1.7&#039;
Build info: version: &#039;4.12.0&#039;, revision: &#039;249f2a7d1b*&#039;
System info: os.name: &#039;Windows 10&#039;, os.arch: &#039;amd64&#039;, os.version: &#039;10.0&#039;, java.version: &#039;17.0.6&#039;
Driver info: io.appium.java_client.android.AndroidDriver
Command: [null, newSession {capabilities=[{appium:appActivity=com.heerofreedo.MainActivity, appium:appPackage=com.heerofreedo, appium:automationName=uiautomator2, appium:launchTimeout=90000, appium:newCommandTimeout=600, appium:noSign=true, appium:pCloudy_ApiKey=2gdc5pv55mh54mqtwmvj4xbr, appium:pCloudy_ApplicationName=Champion.apk, appium:pCloudy_DeviceFullName=SAMSUNG_GalaxyA10s_android_11.0.0_2a63e, appium:pCloudy_DurationInMinutes=10, appium:pCloudy_EnableDeviceLogs=true, appium:pCloudy_EnablePerformanceData=true, appium:pCloudy_EnableVideo=true, appium:pCloudy_Username=randhir.kumar@heromotocorp.com, appium:platformName=Android, appium:platformVersion=11.0.0, appium:uiautomator2ServerInstallTimeout=120000, appium:uiautomator2ServerLaunchTimeout=200000, appium:otherApps=[&quot;Champion.apk&quot;,&quot;10app-release.apk&quot;], appium:pCloudy_PreBook=true, platformName=ANDROID}], desiredCapabilities=Capabilities {appium:appActivity: com.heerofreedo.MainActivity, appium:appPackage: com.heerofreedo, appium:automationName: uiautomator2, appium:launchTimeout: 90000, appium:newCommandTimeout: 600, appium:noSign: true, appium:pCloudy_ApiKey: 2gdc5pv55mh54mqtwmvj4xbr, appium:pCloudy_ApplicationName: Champion.apk, appium:pCloudy_DeviceFullName: SAMSUNG_GalaxyA10s_android_..., appium:pCloudy_DurationInMinutes: 10, appium:pCloudy_EnableDeviceLogs: true, appium:pCloudy_EnablePerformanceData: true, appium:pCloudy_EnableVideo: true, appium:pCloudy_Username: randhir.kumar@heromotocorp.com, appium:platformName: Android, appium:platformVersion: 11.0.0, appium:uiautomator2ServerInstallTimeout: 120000, appium:uiautomator2ServerLaunchTimeout: 200000, otherApps: [&quot;Champion.apk&quot;,&quot;10app-rele..., pCloudy_PreBook: true, platformName: ANDROID}}]
Capabilities {appium:appActivity: com.heerofreedo.MainActivity, appium:appPackage: com.heerofreedo, appium:automationName: uiautomator2, appium:launchTimeout: 90000, appium:newCommandTimeout: 600, appium:noSign: true, appium:pCloudy_ApiKey: 2gdc5pv55mh54mqtwmvj4xbr, appium:pCloudy_ApplicationName: Champion.apk, appium:pCloudy_DeviceFullName: SAMSUNG_GalaxyA10s_android_..., appium:pCloudy_DurationInMinutes: 10, appium:pCloudy_EnableDeviceLogs: true, appium:pCloudy_EnablePerformanceData: true, appium:pCloudy_EnableVideo: true, appium:pCloudy_Username: randhir.kumar@heromotocorp.com, appium:platformName: Android, appium:platformVersion: 11.0.0, appium:uiautomator2ServerInstallTimeout: 120000, appium:uiautomator2ServerLaunchTimeout: 200000, otherApps: [&quot;Champion.apk&quot;,&quot;10app-rele..., pCloudy_PreBook: true, platformName: ANDROID}" type="org.openqa.selenium.SessionNotCreatedException">
      <![CDATA[org.openqa.selenium.SessionNotCreatedException: Could not start a new session. Response code 500. Message: com.ssts.pcloudy.exceptions.DeviceNotBookedException : Requested Device Full 'SAMSUNG_GalaxyA10s_android_11.0.0_2a63e' name not found/already booked. 
Host info: host: 'DESKTOP-LMKUKFJ', ip: '192.168.1.7'
Build info: version: '4.12.0', revision: '249f2a7d1b*'
System info: os.name: 'Windows 10', os.arch: 'amd64', os.version: '10.0', java.version: '17.0.6'
Driver info: io.appium.java_client.android.AndroidDriver
Command: [null, newSession {capabilities=[{appium:appActivity=com.heerofreedo.MainActivity, appium:appPackage=com.heerofreedo, appium:automationName=uiautomator2, appium:launchTimeout=90000, appium:newCommandTimeout=600, appium:noSign=true, appium:pCloudy_ApiKey=2gdc5pv55mh54mqtwmvj4xbr, appium:pCloudy_ApplicationName=Champion.apk, appium:pCloudy_DeviceFullName=SAMSUNG_GalaxyA10s_android_11.0.0_2a63e, appium:pCloudy_DurationInMinutes=10, appium:pCloudy_EnableDeviceLogs=true, appium:pCloudy_EnablePerformanceData=true, appium:pCloudy_EnableVideo=true, appium:pCloudy_Username=randhir.kumar@heromotocorp.com, appium:platformName=Android, appium:platformVersion=11.0.0, appium:uiautomator2ServerInstallTimeout=120000, appium:uiautomator2ServerLaunchTimeout=200000, appium:otherApps=["Champion.apk","10app-release.apk"], appium:pCloudy_PreBook=true, platformName=ANDROID}], desiredCapabilities=Capabilities {appium:appActivity: com.heerofreedo.MainActivity, appium:appPackage: com.heerofreedo, appium:automationName: uiautomator2, appium:launchTimeout: 90000, appium:newCommandTimeout: 600, appium:noSign: true, appium:pCloudy_ApiKey: 2gdc5pv55mh54mqtwmvj4xbr, appium:pCloudy_ApplicationName: Champion.apk, appium:pCloudy_DeviceFullName: SAMSUNG_GalaxyA10s_android_..., appium:pCloudy_DurationInMinutes: 10, appium:pCloudy_EnableDeviceLogs: true, appium:pCloudy_EnablePerformanceData: true, appium:pCloudy_EnableVideo: true, appium:pCloudy_Username: randhir.kumar@heromotocorp.com, appium:platformName: Android, appium:platformVersion: 11.0.0, appium:uiautomator2ServerInstallTimeout: 120000, appium:uiautomator2ServerLaunchTimeout: 200000, otherApps: ["Champion.apk","10app-rele..., pCloudy_PreBook: true, platformName: ANDROID}}]
Capabilities {appium:appActivity: com.heerofreedo.MainActivity, appium:appPackage: com.heerofreedo, appium:automationName: uiautomator2, appium:launchTimeout: 90000, appium:newCommandTimeout: 600, appium:noSign: true, appium:pCloudy_ApiKey: 2gdc5pv55mh54mqtwmvj4xbr, appium:pCloudy_ApplicationName: Champion.apk, appium:pCloudy_DeviceFullName: SAMSUNG_GalaxyA10s_android_..., appium:pCloudy_DurationInMinutes: 10, appium:pCloudy_EnableDeviceLogs: true, appium:pCloudy_EnablePerformanceData: true, appium:pCloudy_EnableVideo: true, appium:pCloudy_Username: randhir.kumar@heromotocorp.com, appium:platformName: Android, appium:platformVersion: 11.0.0, appium:uiautomator2ServerInstallTimeout: 120000, appium:uiautomator2ServerLaunchTimeout: 200000, otherApps: ["Champion.apk","10app-rele..., pCloudy_PreBook: true, platformName: ANDROID}
at org.openqa.selenium.remote.ProtocolHandshake.createSession(ProtocolHandshake.java:140)
at java.base/jdk.internal.reflect.NativeMethodAccessorImpl.invoke0(Native Method)
at java.base/jdk.internal.reflect.NativeMethodAccessorImpl.invoke(NativeMethodAccessorImpl.java:77)
at java.base/jdk.internal.reflect.DelegatingMethodAccessorImpl.invoke(DelegatingMethodAccessorImpl.java:43)
at java.base/java.lang.reflect.Method.invoke(Method.java:568)
at io.appium.java_client.remote.AppiumProtocolHandshake.createSession(AppiumProtocolHandshake.java:133)
at io.appium.java_client.remote.AppiumProtocolHandshake.createSession(AppiumProtocolHandshake.java:102)
at io.appium.java_client.remote.AppiumCommandExecutor.createSession(AppiumCommandExecutor.java:182)
at io.appium.java_client.remote.AppiumCommandExecutor.execute(AppiumCommandExecutor.java:250)
at org.openqa.selenium.remote.RemoteWebDriver.execute(RemoteWebDriver.java:602)
at io.appium.java_client.AppiumDriver.startSession(AppiumDriver.java:274)
at org.openqa.selenium.remote.RemoteWebDriver.<init>(RemoteWebDriver.java:163)
at io.appium.java_client.AppiumDriver.<init>(AppiumDriver.java:89)
at io.appium.java_client.AppiumDriver.<init>(AppiumDriver.java:101)
at io.appium.java_client.android.AndroidDriver.<init>(AndroidDriver.java:113)
at Store_class.Runner.prepareTest(Runner.java:86)
at java.base/jdk.internal.reflect.NativeMethodAccessorImpl.invoke0(Native Method)
at java.base/jdk.internal.reflect.NativeMethodAccessorImpl.invoke(NativeMethodAccessorImpl.java:77)
at java.base/jdk.internal.reflect.DelegatingMethodAccessorImpl.invoke(DelegatingMethodAccessorImpl.java:43)
at java.base/java.lang.reflect.Method.invoke(Method.java:568)
at org.testng.internal.MethodInvocationHelper.invokeMethod(MethodInvocationHelper.java:133)
at org.testng.internal.MethodInvocationHelper.invokeMethodConsideringTimeout(MethodInvocationHelper.java:62)
at org.testng.internal.ConfigInvoker.invokeConfigurationMethod(ConfigInvoker.java:385)
at org.testng.internal.ConfigInvoker.invokeConfigurations(ConfigInvoker.java:321)
at org.testng.internal.TestInvoker.runConfigMethods(TestInvoker.java:700)
at org.testng.internal.TestInvoker.invokeMethod(TestInvoker.java:527)
at org.testng.internal.TestInvoker.invokeTestMethod(TestInvoker.java:173)
at org.testng.internal.MethodRunner.runInSequence(MethodRunner.java:46)
at org.testng.internal.TestInvoker$MethodInvocationAgent.invoke(TestInvoker.java:824)
at org.testng.internal.TestInvoker.invokeTestMethods(TestInvoker.java:146)
at org.testng.internal.TestMethodWorker.invokeTestMethods(TestMethodWorker.java:146)
at org.testng.internal.TestMethodWorker.run(TestMethodWorker.java:128)
at java.base/java.util.ArrayList.forEach(ArrayList.java:1511)
at org.testng.TestRunner.privateRun(TestRunner.java:794)
at org.testng.TestRunner.run(TestRunner.java:596)
at org.testng.SuiteRunner.runTest(SuiteRunner.java:377)
at org.testng.SuiteRunner.runSequentially(SuiteRunner.java:371)
at org.testng.SuiteRunner.privateRun(SuiteRunner.java:332)
at org.testng.SuiteRunner.run(SuiteRunner.java:276)
at org.testng.SuiteRunnerWorker.runSuite(SuiteRunnerWorker.java:53)
at org.testng.SuiteRunnerWorker.run(SuiteRunnerWorker.java:96)
at org.testng.TestNG.runSuitesSequentially(TestNG.java:1212)
at org.testng.TestNG.runSuitesLocally(TestNG.java:1134)
at org.testng.TestNG.runSuites(TestNG.java:1063)
at org.testng.TestNG.run(TestNG.java:1031)
at org.testng.remote.AbstractRemoteTestNG.run(AbstractRemoteTestNG.java:115)
at org.testng.remote.RemoteTestNG.initAndRun(RemoteTestNG.java:251)
at org.testng.remote.RemoteTestNG.main(RemoteTestNG.java:77)
]]>
    </error>
  </testcase> <!-- prepareTest -->
  <system-out/>
  <testcase classname="Store_class.Runner" name="Test" time="0.000">
    <skipped/>
  </testcase> <!-- Test -->
  <system-out/>
  <testcase classname="Store_class.Runner" name="Test2">
    <skipped/>
  </testcase> <!-- Test2 -->
  <system-out/>
</testsuite> <!-- Store_class.Runner -->
