<?xml version="1.0" encoding="UTF-8"?>
<!-- Generated by org.testng.reporters.JUnitReportReporter -->
<testsuite hostname="DESKTOP-LMKUKFJ" failures="0" tests="28" name="freedodomain.appium_1" time="625.806" errors="0" timestamp="2023-11-20T10:40:20 IST" skipped="0">
  <testcase classname="freedodomain.appium_1" name="TC_0024_Verify_home_page_all_elements" time="23.536"/>
  <system-out/>
  <testcase classname="freedodomain.appium_1" name="TC_0025_Verify_available_all_bikes" time="18.566"/>
  <system-out/>
  <testcase classname="freedodomain.appium_1" name="TC_0026_Verify_available_all_Scooters" time="5.515"/>
  <system-out/>
  <testcase classname="freedodomain.appium_1" name="TC_0027_Verify_homepage_bike_rentals_tab_available_bike" time="19.474"/>
  <system-out/>
  <testcase classname="freedodomain.appium_1" name="TC_0028_Verify_Rent_tab_all_elements" time="12.812"/>
  <system-out/>
  <testcase classname="freedodomain.appium_1" name="TC_0029_Verify_freedo_rental_icon" time="5.443"/>
  <system-out/>
  <testcase classname="freedodomain.appium_1" name="TC_0030_Verify_more_button_all_elements" time="26.360"/>
  <system-out/>
  <testcase classname="freedodomain.appium_1" name="TC_0031_Verify_Booking_elements" time="19.333"/>
  <system-out/>
  <testcase classname="freedodomain.appium_1" name="TC_0032_Verify_change_city" time="14.693"/>
  <system-out/>
  <testcase classname="freedodomain.appium_1" name="TC_0033_Verify_Bike_button_on_homepage" time="18.274"/>
  <system-out/>
  <testcase classname="freedodomain.appium_1" name="TC_0034_Verify_scooter_button_on_homepage" time="12.150"/>
  <system-out/>
  <testcase classname="freedodomain.appium_1" name="TC_0035_Verify_user_able_to_select_date_and_package_under_booking" time="25.288"/>
  <system-out/>
  <testcase classname="freedodomain.appium_1" name="TC_0036_Verify_user_able_to_select_date_and_package_under_booking_all_elements" time="26.396"/>
  <system-out/>
  <testcase classname="freedodomain.appium_1" name="TC_0037_Verify_user_able_to_select_date_and_package_under_booking_all_elements_using_home_delivery" time="87.672"/>
  <system-out/>
  <testcase classname="freedodomain.appium_1" name="TC_0038_Verify_user_able_to_select_time_slot_afternoon" time="52.427"/>
  <system-out/>
  <testcase classname="freedodomain.appium_1" name="TC_0039_Verify_user_able_to_select_time_slot_Evening" time="3.481"/>
  <system-out/>
  <testcase classname="freedodomain.appium_1" name="TC_0040_Verify_user_able_to_select_time_slot_Morning" time="2.928"/>
  <system-out/>
  <testcase classname="freedodomain.appium_1" name="TC_0041_Verify_user_able_to_list_button" time="2.855"/>
  <system-out/>
  <testcase classname="freedodomain.appium_1" name="TC_0042_Verify_select_city" time="51.998"/>
  <system-out/>
  <testcase classname="freedodomain.appium_1" name="TC_0043_Verify_continue_button_and_summary_page" time="42.710"/>
  <system-out/>
  <testcase classname="freedodomain.appium_1" name="TC_0044_Verify_summary_page_additional_helmet_charges" time="19.666"/>
  <system-out/>
  <testcase classname="freedodomain.appium_1" name="TC_0045_Verify_summary_page_coupon_code" time="15.052"/>
  <system-out/>
  <testcase classname="freedodomain.appium_1" name="TC_0046_Verify_summary_page_cash_on_delivery_method" time="2.871"/>
  <system-out/>
  <testcase classname="freedodomain.appium_1" name="TC_0047_Verify_summary_page_pay_now_button_status" time="2.307"/>
  <system-out/>
  <testcase classname="freedodomain.appium_1" name="TC_0048_Verify_summary_page_pay_now_button" time="15.409"/>
  <system-out/>
  <testcase classname="freedodomain.appium_1" name="TC_0049_Verify_user_able_to_make_payment" time="62.343"/>
  <system-out/>
  <testcase classname="freedodomain.appium_1" name="TC_0050_Verify_user_able_to_view_booking_status" time="3.674"/>
  <system-out/>
  <testcase classname="freedodomain.appium_1" name="TC_0051_Verify_user_able_to_view_booking_status_all_elements" time="32.573"/>
  <system-out/>
</testsuite> <!-- freedodomain.appium_1 -->
