<?xml version="1.0" encoding="UTF-8"?>
<!-- Generated by org.testng.reporters.JUnitReportReporter -->
<testsuite hostname="DESKTOP-LMKUKFJ" failures="0" tests="8" name="Freedo_domain.appium_3" time="251.962" errors="0" timestamp="2023-11-09T14:44:03 IST" skipped="0">
  <testcase classname="Freedo_domain.appium_3" name="TC_0063_Verify_user_end_ride_booking_status" time="5.394"/>
  <system-out/>
  <testcase classname="Freedo_domain.appium_3" name="TC_0061_Verify_user_able_to_view_booking_status_all_elements" time="44.833"/>
  <system-out/>
  <testcase classname="Freedo_domain.appium_3" name="TC_0060_Admin_approved_request" time="58.348"/>
  <system-out/>
  <testcase classname="Freedo_domain.appium_3" name="TC_0062_Verify_user_End_ride_request" time="1.543"/>
  <system-out/>
  <testcase classname="Freedo_domain.appium_3" name="TC_0064_Admin_check_End_ride_request" time="35.142"/>
  <system-out/>
  <testcase classname="Freedo_domain.appium_3" name="TC_0059_Verify_user_able_to_Online_payment_booking" time="82.522"/>
  <system-out/>
  <testcase classname="Freedo_domain.appium_3" name="TC_0065_Verify_user_Complete_ride_booking_status" time="21.986"/>
  <system-out/>
  <testcase classname="Freedo_domain.appium_3" name="TC_0066_Verify_after_Complete_ride_invoice_button" time="2.194"/>
  <system-out/>
</testsuite> <!-- Freedo_domain.appium_3 -->
