<?xml version="1.0" encoding="UTF-8"?>
<!-- Generated by org.testng.reporters.JUnitReportReporter -->
<testsuite hostname="DESKTOP-LMKUKFJ" failures="0" tests="15" name="Freedo_domain.appium_2" time="22.722" errors="1" timestamp="2023-06-06T09:29:41 IST" skipped="14">
  <testcase classname="Freedo_domain.appium_2" name="TC_0053_Track_booking_status" time="0.000">
    <skipped/>
  </testcase> <!-- TC_0053_Track_booking_status -->
  <system-out/>
  <testcase classname="Freedo_domain.appium_2" name="TC_0062_Verify_user_End_ride_request" time="0.000">
    <skipped/>
  </testcase> <!-- TC_0062_Verify_user_End_ride_request -->
  <system-out/>
  <testcase classname="Freedo_domain.appium_2" name="TC_0052_admin_Request_reject" time="22.722">
    <error message="Unable to find element with locator By.xpath: //text[text()=&#039;Prathmesh&#039;]/parent::div/parent::td//following-sibling::td//div[@id=&#039;reject-action&#039;]
For documentation on this error, please visit: https://selenium.dev/exceptions/#no_such_element
Build info: version: &#039;4.8.1&#039;, revision: &#039;8ebccac989&#039;
System info: os.name: &#039;Windows 10&#039;, os.arch: &#039;amd64&#039;, os.version: &#039;10.0&#039;, java.version: &#039;17.0.6&#039;
Driver info: driver.version: RemoteWebDriver" type="org.openqa.selenium.NoSuchElementException">
      <![CDATA[org.openqa.selenium.NoSuchElementException: Unable to find element with locator By.xpath: //text[text()='Prathmesh']/parent::div/parent::td//following-sibling::td//div[@id='reject-action']
For documentation on this error, please visit: https://selenium.dev/exceptions/#no_such_element
Build info: version: '4.8.1', revision: '8ebccac989'
System info: os.name: 'Windows 10', os.arch: 'amd64', os.version: '10.0', java.version: '17.0.6'
Driver info: driver.version: RemoteWebDriver
at org.openqa.selenium.remote.ElementLocation$ElementFinder$2.findElement(ElementLocation.java:165)
at org.openqa.selenium.remote.ElementLocation.findElement(ElementLocation.java:60)
at org.openqa.selenium.remote.RemoteWebDriver.findElement(RemoteWebDriver.java:352)
at org.openqa.selenium.remote.RemoteWebDriver.findElement(RemoteWebDriver.java:344)
at Freedo_domain.appium_2.TC_0052_admin_Request_reject(appium_2.java:47)
at java.base/jdk.internal.reflect.NativeMethodAccessorImpl.invoke0(Native Method)
at java.base/jdk.internal.reflect.NativeMethodAccessorImpl.invoke(NativeMethodAccessorImpl.java:77)
at java.base/jdk.internal.reflect.DelegatingMethodAccessorImpl.invoke(DelegatingMethodAccessorImpl.java:43)
at java.base/java.lang.reflect.Method.invoke(Method.java:568)
at org.testng.internal.MethodInvocationHelper.invokeMethod(MethodInvocationHelper.java:133)
at org.testng.internal.TestInvoker.invokeMethod(TestInvoker.java:598)
at org.testng.internal.TestInvoker.invokeTestMethod(TestInvoker.java:173)
at org.testng.internal.MethodRunner.runInSequence(MethodRunner.java:46)
at org.testng.internal.TestInvoker$MethodInvocationAgent.invoke(TestInvoker.java:824)
at org.testng.internal.TestInvoker.invokeTestMethods(TestInvoker.java:146)
at org.testng.internal.TestMethodWorker.invokeTestMethods(TestMethodWorker.java:146)
at org.testng.internal.TestMethodWorker.run(TestMethodWorker.java:128)
at java.base/java.util.ArrayList.forEach(ArrayList.java:1511)
at org.testng.TestRunner.privateRun(TestRunner.java:794)
at org.testng.TestRunner.run(TestRunner.java:596)
at org.testng.SuiteRunner.runTest(SuiteRunner.java:377)
at org.testng.SuiteRunner.runSequentially(SuiteRunner.java:371)
at org.testng.SuiteRunner.privateRun(SuiteRunner.java:332)
at org.testng.SuiteRunner.run(SuiteRunner.java:276)
at org.testng.SuiteRunnerWorker.runSuite(SuiteRunnerWorker.java:53)
at org.testng.SuiteRunnerWorker.run(SuiteRunnerWorker.java:96)
at org.testng.TestNG.runSuitesSequentially(TestNG.java:1212)
at org.testng.TestNG.runSuitesLocally(TestNG.java:1134)
at org.testng.TestNG.runSuites(TestNG.java:1063)
at org.testng.TestNG.run(TestNG.java:1031)
at org.testng.remote.AbstractRemoteTestNG.run(AbstractRemoteTestNG.java:115)
at org.testng.remote.RemoteTestNG.initAndRun(RemoteTestNG.java:251)
at org.testng.remote.RemoteTestNG.main(RemoteTestNG.java:77)
]]>
    </error>
  </testcase> <!-- TC_0052_admin_Request_reject -->
  <system-out/>
  <testcase classname="Freedo_domain.appium_2" name="TC_0065_Verify_after_Complete_ride_invoice_button" time="0.000">
    <skipped/>
  </testcase> <!-- TC_0065_Verify_after_Complete_ride_invoice_button -->
  <system-out/>
  <testcase classname="Freedo_domain.appium_2" name="TC_0063_Verify_user_end_ride_booking_status" time="0.000">
    <skipped/>
  </testcase> <!-- TC_0063_Verify_user_end_ride_booking_status -->
  <system-out/>
  <testcase classname="Freedo_domain.appium_2" name="TC_0058_admin_Request_reject" time="0.000">
    <skipped/>
  </testcase> <!-- TC_0058_admin_Request_reject -->
  <system-out/>
  <testcase classname="Freedo_domain.appium_2" name="TC_0059_Verify_user_able_to_Online_payment_booking" time="0.000">
    <skipped/>
  </testcase> <!-- TC_0059_Verify_user_able_to_Online_payment_booking -->
  <system-out/>
  <testcase classname="Freedo_domain.appium_2" name="TC_0055_Verify_user_able_to_successful_logout" time="0.000">
    <skipped/>
  </testcase> <!-- TC_0055_Verify_user_able_to_successful_logout -->
  <system-out/>
  <testcase classname="Freedo_domain.appium_2" name="TC_0054_Verify_user_able_to_logout_cancel" time="0.000">
    <skipped/>
  </testcase> <!-- TC_0054_Verify_user_able_to_logout_cancel -->
  <system-out/>
  <testcase classname="Freedo_domain.appium_2" name="TC_0060_Admin_approved_request" time="0.000">
    <skipped/>
  </testcase> <!-- TC_0060_Admin_approved_request -->
  <system-out/>
  <testcase classname="Freedo_domain.appium_2" name="TC_0065_Verify_user_Complete_ride_booking_status" time="0.000">
    <skipped/>
  </testcase> <!-- TC_0065_Verify_user_Complete_ride_booking_status -->
  <system-out/>
  <testcase classname="Freedo_domain.appium_2" name="TC_0056_Verify_user_able_to_deactivate_account" time="0.000">
    <skipped/>
  </testcase> <!-- TC_0056_Verify_user_able_to_deactivate_account -->
  <system-out/>
  <testcase classname="Freedo_domain.appium_2" name="TC_0064_Admin_check_End_ride_request" time="0.000">
    <skipped/>
  </testcase> <!-- TC_0064_Admin_check_End_ride_request -->
  <system-out/>
  <testcase classname="Freedo_domain.appium_2" name="TC_0057_Verify_user_able_to_COD_booking" time="0.000">
    <skipped/>
  </testcase> <!-- TC_0057_Verify_user_able_to_COD_booking -->
  <system-out/>
  <testcase classname="Freedo_domain.appium_2" name="TC_0061_Verify_user_able_to_view_booking_status_all_elements" time="0.000">
    <skipped/>
  </testcase> <!-- TC_0061_Verify_user_able_to_view_booking_status_all_elements -->
  <system-out/>
</testsuite> <!-- Freedo_domain.appium_2 -->
