<?xml version="1.0" encoding="UTF-8"?>
<!-- Generated by org.testng.reporters.JUnitReportReporter -->
<testsuite hostname="DESKTOP-LMKUKFJ" failures="0" tests="28" name="Freedo_domain.appium_1" time="482.254" errors="0" timestamp="2023-11-09T14:44:03 IST" skipped="0">
  <testcase classname="Freedo_domain.appium_1" name="TC_0024_Verify_home_page_all_elements" time="25.851"/>
  <system-out/>
  <testcase classname="Freedo_domain.appium_1" name="TC_0025_Verify_available_all_bikes" time="17.780"/>
  <system-out/>
  <testcase classname="Freedo_domain.appium_1" name="TC_0026_Verify_available_all_Scooters" time="5.553"/>
  <system-out/>
  <testcase classname="Freedo_domain.appium_1" name="TC_0027_Verify_homepage_bike_rentals_tab_available_bike" time="22.337"/>
  <system-out/>
  <testcase classname="Freedo_domain.appium_1" name="TC_0028_Verify_Rent_tab_all_elements" time="13.793"/>
  <system-out/>
  <testcase classname="Freedo_domain.appium_1" name="TC_0029_Verify_freedo_rental_icon" time="5.834"/>
  <system-out/>
  <testcase classname="Freedo_domain.appium_1" name="TC_0030_Verify_more_button_all_elements" time="26.589"/>
  <system-out/>
  <testcase classname="Freedo_domain.appium_1" name="TC_0031_Verify_Booking_elements" time="20.140"/>
  <system-out/>
  <testcase classname="Freedo_domain.appium_1" name="TC_0032_Verify_change_city" time="17.676"/>
  <system-out/>
  <testcase classname="Freedo_domain.appium_1" name="TC_0033_Verify_Bike_button_on_homepage" time="17.132"/>
  <system-out/>
  <testcase classname="Freedo_domain.appium_1" name="TC_0034_Verify_scooter_button_on_homepage" time="11.921"/>
  <system-out/>
  <testcase classname="Freedo_domain.appium_1" name="TC_0035_Verify_user_able_to_select_date_and_package_under_booking" time="24.718"/>
  <system-out/>
  <testcase classname="Freedo_domain.appium_1" name="TC_0036_Verify_user_able_to_select_date_and_package_under_booking_all_elements" time="23.915"/>
  <system-out/>
  <testcase classname="Freedo_domain.appium_1" name="TC_0037_Verify_user_able_to_select_date_and_package_under_booking_all_elements_using_home_delivery" time="81.176"/>
  <system-out/>
  <testcase classname="Freedo_domain.appium_1" name="TC_0038_Verify_user_able_to_select_time_slot_afternoon" time="25.271"/>
  <system-out/>
  <testcase classname="Freedo_domain.appium_1" name="TC_0039_Verify_user_able_to_select_time_slot_Evening" time="1.724"/>
  <system-out/>
  <testcase classname="Freedo_domain.appium_1" name="TC_0040_Verify_user_able_to_select_time_slot_Morning" time="1.697"/>
  <system-out/>
  <testcase classname="Freedo_domain.appium_1" name="TC_0041_Verify_user_able_to_list_button" time="1.810"/>
  <system-out/>
  <testcase classname="Freedo_domain.appium_1" name="TC_0042_Verify_select_city" time="28.462"/>
  <system-out/>
  <testcase classname="Freedo_domain.appium_1" name="TC_0043_Verify_continue_button_and_summary_page" time="15.157"/>
  <system-out/>
  <testcase classname="Freedo_domain.appium_1" name="TC_0044_Verify_summary_page_additional_helmet_charges" time="8.095"/>
  <system-out/>
  <testcase classname="Freedo_domain.appium_1" name="TC_0045_Verify_summary_page_coupon_code" time="7.687"/>
  <system-out/>
  <testcase classname="Freedo_domain.appium_1" name="TC_0046_Verify_summary_page_cash_on_delivery_method" time="2.102"/>
  <system-out/>
  <testcase classname="Freedo_domain.appium_1" name="TC_0047_Verify_summary_page_pay_now_button_status" time="2.084"/>
  <system-out/>
  <testcase classname="Freedo_domain.appium_1" name="TC_0048_Verify_summary_page_pay_now_button" time="12.012"/>
  <system-out/>
  <testcase classname="Freedo_domain.appium_1" name="TC_0049_Verify_user_able_to_make_payment" time="47.456"/>
  <system-out/>
  <testcase classname="Freedo_domain.appium_1" name="TC_0050_Verify_user_able_to_view_booking_status" time="3.136"/>
  <system-out/>
  <testcase classname="Freedo_domain.appium_1" name="TC_0051_Verify_user_able_to_view_booking_status_all_elements" time="11.146"/>
  <system-out/>
</testsuite> <!-- Freedo_domain.appium_1 -->
