<?xml version="1.0" encoding="UTF-8"?>
<!-- Generated by org.testng.reporters.JUnitReportReporter -->
<testsuite hostname="DESKTOP-19KQ7J4" failures="0" tests="2" name="Freedo.appium.TC_002" time="48.481" errors="0" timestamp="2022-12-24T11:48:32 IST" skipped="0">
  <testcase classname="Freedo.appium.TC_002" name="sampleTest1" time="20.910"/>
  <system-out/>
  <testcase classname="Freedo.appium.TC_002" name="sampleTest" time="27.571"/>
  <system-out/>
</testsuite> <!-- Freedo.appium.TC_002 -->
