<?xml version="1.0" encoding="UTF-8"?>
<!-- Generated by org.testng.reporters.JUnitReportReporter -->
<testsuite hostname="DESKTOP-LMKUKFJ" failures="0" tests="3" name="Freedo_domain.TEST" time="28.890" errors="0" timestamp="2023-10-30T16:19:37 IST" skipped="0">
  <testcase classname="Freedo_domain.TEST" name="TC_002_verify_select_pickup_location_date_and_packages" time="8.738"/>
  <system-out/>
  <testcase classname="Freedo_domain.TEST" name="TC_0052_verify_install_apk" time="16.343"/>
  <system-out/>
  <testcase classname="Freedo_domain.TEST" name="TC_0052_Freddo_apk" time="3.809"/>
  <system-out/>
</testsuite> <!-- Freedo_domain.TEST -->
