<?xml version="1.0" encoding="UTF-8"?>
<!-- Generated by org.testng.reporters.JUnitReportReporter -->
<testsuite hostname="DESKTOP-19KQ7J4" failures="0" tests="2" name="Freedo_domain.TC_0001" time="9.802" errors="0" timestamp="2022-12-19T18:12:43 IST" skipped="0">
  <testcase classname="Freedo_domain.TC_0001" name="verify_FB" time="5.244"/>
  <system-out/>
  <testcase classname="Freedo_domain.TC_0001" name="Login_FB" time="4.558"/>
  <system-out/>
</testsuite> <!-- Freedo_domain.TC_0001 -->
