<?xml version="1.0" encoding="UTF-8"?>
<!-- Generated by org.testng.reporters.JUnitReportReporter -->
<testsuite hostname="DESKTOP-LMKUKFJ" failures="0" tests="23" name="Freedo_domain.appium_0" time="85.176" errors="0" timestamp="2023-06-06T09:29:41 IST" skipped="0">
  <testcase classname="Freedo_domain.appium_0" name="TC_0017_Verify_otp_verification_time_slot" time="2.472"/>
  <system-out/>
  <testcase classname="Freedo_domain.appium_0" name="TC_0013_verify_Privacy_policy_under_delete_dropdown_all_element" time="0.001"/>
  <system-out/>
  <testcase classname="Freedo_domain.appium_0" name="TC_0012_verify_Privacy_and_policy_link_on_create_an_account_page" time="2.458"/>
  <system-out/>
  <testcase classname="Freedo_domain.appium_0" name="TC_001_verify_install_apk" time="0.114"/>
  <system-out/>
  <testcase classname="Freedo_domain.appium_0" name="TC_005_Verify_the_slide_indicator" time="0.211"/>
  <system-out/>
  <testcase classname="Freedo_domain.appium_0" name="TC_0023_Select_all__City" time="2.732"/>
  <system-out/>
  <testcase classname="Freedo_domain.appium_0" name="TC_008_Verify_login_functionality_Register_mo_number" time="3.341"/>
  <system-out/>
  <testcase classname="Freedo_domain.appium_0" name="TC_004_Verify_the_NEXT_button_clicking" time="3.242"/>
  <system-out/>
  <testcase classname="Freedo_domain.appium_0" name="TC_007_Verify_login_component" time="1.647"/>
  <system-out/>
  <testcase classname="Freedo_domain.appium_0" name="TC_0018_Verify_OTP_Verification_Page" time="6.844"/>
  <system-out/>
  <testcase classname="Freedo_domain.appium_0" name="TC_0011_verify_Terms_and_condition_link_on_create_an_account_page" time="8.905"/>
  <system-out/>
  <testcase classname="Freedo_domain.appium_0" name="TC_0020_verify_user_select_City" time="1.428"/>
  <system-out/>
  <testcase classname="Freedo_domain.appium_0" name="TC_003_Verify_the_NEXT_button_clicking" time="3.455"/>
  <system-out/>
  <testcase classname="Freedo_domain.appium_0" name="TC_0015_verify_login_button_on_create_an_account_page" time="3.349"/>
  <system-out/>
  <testcase classname="Freedo_domain.appium_0" name="TC_006_Verify_the_Done_button_clicking" time="0.231"/>
  <system-out/>
  <testcase classname="Freedo_domain.appium_0" name="TC_009_verify_create_an_account_by_clicking_login_page" time="2.378"/>
  <system-out/>
  <testcase classname="Freedo_domain.appium_0" name="TC_0022_Search_city_name" time="3.641"/>
  <system-out/>
  <testcase classname="Freedo_domain.appium_0" name="TC_0016_Verify_login_functionality_Register_mo_number" time="4.052"/>
  <system-out/>
  <testcase classname="Freedo_domain.appium_0" name="TC_0010_verify_user_able_to_create_an_account" time="11.239"/>
  <system-out/>
  <testcase classname="Freedo_domain.appium_0" name="TC_0019_Select_location" time="9.403"/>
  <system-out/>
  <testcase classname="Freedo_domain.appium_0" name="TC_0021_Search_wrong_city_name" time="3.735"/>
  <system-out/>
  <testcase classname="Freedo_domain.appium_0" name="TC_0014_verify_Privacy_policy_under_Privacy_policy_dropdown_all_element" time="2.136"/>
  <system-out/>
  <testcase classname="Freedo_domain.appium_0" name="TC_002_verify_select_pickup_location_date_and_packages" time="8.162"/>
  <system-out/>
</testsuite> <!-- Freedo_domain.appium_0 -->
