<?xml version="1.0" encoding="UTF-8"?>
<!-- Generated by org.testng.reporters.JUnitReportReporter -->
<testsuite hostname="Prathmesh" failures="0" tests="1" name="Freedo_domain.web_cancel" time="25.762" errors="0" timestamp="2023-01-14T00:39:26 IST" skipped="0">
  <testcase classname="Freedo_domain.web_cancel" name="admin_Request_reject" time="25.762"/>
  <system-out/>
</testsuite> <!-- Freedo_domain.web_cancel -->
