<?xml version="1.0" encoding="UTF-8"?>
<!-- Generated by org.testng.reporters.JUnitReportReporter -->
<testsuite hostname="DESKTOP-LMKUKFJ" failures="0" tests="8" name="freedodomain.appium_3" time="341.015" errors="0" timestamp="2023-11-20T10:40:20 IST" skipped="0">
  <testcase classname="freedodomain.appium_3" name="TC_0060_Admin_approved_request" time="68.235"/>
  <system-out/>
  <testcase classname="freedodomain.appium_3" name="TC_0061_Verify_user_able_to_view_booking_status_all_elements" time="64.618"/>
  <system-out/>
  <testcase classname="freedodomain.appium_3" name="TC_0063_Verify_user_end_ride_booking_status" time="9.440"/>
  <system-out/>
  <testcase classname="freedodomain.appium_3" name="TC_0064_Admin_check_End_ride_request" time="41.076"/>
  <system-out/>
  <testcase classname="freedodomain.appium_3" name="TC_0062_Verify_user_End_ride_request" time="3.866"/>
  <system-out/>
  <testcase classname="freedodomain.appium_3" name="TC_0059_Verify_user_able_to_Online_payment_booking" time="125.088"/>
  <system-out/>
  <testcase classname="freedodomain.appium_3" name="TC_0065_Verify_user_Complete_ride_booking_status" time="25.983"/>
  <system-out/>
  <testcase classname="freedodomain.appium_3" name="TC_0066_Verify_after_Complete_ride_invoice_button" time="2.709"/>
  <system-out/>
</testsuite> <!-- freedodomain.appium_3 -->
