<?xml version="1.0" encoding="UTF-8"?>
<!-- Generated by org.testng.reporters.JUnitReportReporter -->
<testsuite hostname="Prathmesh" failures="0" tests="1" name="Freedo_domain.web_approved" time="15.838" errors="0" timestamp="2023-01-14T15:15:25 IST" skipped="0">
  <testcase classname="Freedo_domain.web_approved" name="Admin_approved_request" time="15.838"/>
  <system-out/>
</testsuite> <!-- Freedo_domain.web_approved -->
