<?xml version="1.0" encoding="UTF-8"?>
<!-- Generated by org.testng.reporters.JUnitReportReporter -->
<testsuite hostname="DESKTOP-LMKUKFJ" failures="0" tests="2" name="Freedo_domain.TEST" time="17.099" errors="0" timestamp="2023-09-04T15:06:41 IST" skipped="0">
  <testcase classname="Freedo_domain.TEST" name="TC_0052_verify_install_apk" time="10.032"/>
  <system-out/>
  <testcase classname="Freedo_domain.TEST" name="TC_0053_verify_install_apk" time="7.067"/>
  <system-out/>
</testsuite> <!-- Freedo_domain.TEST -->
