<?xml version="1.0" encoding="UTF-8"?>
<!-- Generated by org.testng.reporters.JUnitReportReporter -->
<testsuite hostname="DESKTOP-LMKUKFJ" failures="0" tests="23" name="Freedo_domain.appium_0" time="170.969" errors="0" timestamp="2023-11-15T19:59:20 IST" skipped="0">
  <testcase classname="Freedo_domain.appium_0" name="TC_001_verify_install_apk" time="11.111"/>
  <system-out/>
  <testcase classname="Freedo_domain.appium_0" name="TC_002_verify_select_pickup_location_date_and_packages" time="3.000"/>
  <system-out/>
  <testcase classname="Freedo_domain.appium_0" name="TC_003_Verify_the_NEXT_button_clicking" time="5.428"/>
  <system-out/>
  <testcase classname="Freedo_domain.appium_0" name="TC_004_Verify_the_NEXT_button_clicking" time="4.529"/>
  <system-out/>
  <testcase classname="Freedo_domain.appium_0" name="TC_005_Verify_the_slide_indicator" time="0.868"/>
  <system-out/>
  <testcase classname="Freedo_domain.appium_0" name="TC_006_Verify_the_Done_button_clicking" time="1.181"/>
  <system-out/>
  <testcase classname="Freedo_domain.appium_0" name="TC_007_Verify_login_component" time="3.773"/>
  <system-out/>
  <testcase classname="Freedo_domain.appium_0" name="TC_008_Verify_login_functionality_Register_mo_number" time="4.613"/>
  <system-out/>
  <testcase classname="Freedo_domain.appium_0" name="TC_009_verify_login_button_on_create_an_account_page" time="6.454"/>
  <system-out/>
  <testcase classname="Freedo_domain.appium_0" name="TC_0010_verify_create_an_account_by_clicking_login_page" time="7.741"/>
  <system-out/>
  <testcase classname="Freedo_domain.appium_0" name="TC_0011_verify_user_able_to_create_an_account" time="31.298"/>
  <system-out/>
  <testcase classname="Freedo_domain.appium_0" name="TC_0012_verify_Terms_and_condition_link_on_create_an_account_page" time="21.761"/>
  <system-out/>
  <testcase classname="Freedo_domain.appium_0" name="TC_0013_verify_Privacy_and_policy_link_on_create_an_account_page" time="4.751"/>
  <system-out/>
  <testcase classname="Freedo_domain.appium_0" name="TC_0014_verify_Privacy_policy_under_Privacy_policy_dropdown_all_element" time="6.823"/>
  <system-out/>
  <testcase classname="Freedo_domain.appium_0" name="TC_0015_Verify_create_my_account_button" time="1.129"/>
  <system-out/>
  <testcase classname="Freedo_domain.appium_0" name="TC_0016_Verify_otp_verification_time_slot" time="3.986"/>
  <system-out/>
  <testcase classname="Freedo_domain.appium_0" name="TC_0017_Verify_OTP_Verification_Page" time="10.409"/>
  <system-out/>
  <testcase classname="Freedo_domain.appium_0" name="TC_0018_Select_location" time="17.087"/>
  <system-out/>
  <testcase classname="Freedo_domain.appium_0" name="TC_0019_verify_user_select_City" time="4.815"/>
  <system-out/>
  <testcase classname="Freedo_domain.appium_0" name="TC_0020_Search_wrong_city_name" time="9.585"/>
  <system-out/>
  <testcase classname="Freedo_domain.appium_0" name="TC_0021_Search_city_name" time="6.369"/>
  <system-out/>
  <testcase classname="Freedo_domain.appium_0" name="TC_0022_Select_all__City" time="3.277"/>
  <system-out/>
  <testcase classname="Freedo_domain.appium_0" name="TC_0023_Verify_location_popup" time="0.981"/>
  <system-out/>
</testsuite> <!-- Freedo_domain.appium_0 -->
