<?xml version="1.0" encoding="UTF-8"?>
<!-- Generated by org.testng.reporters.JUnitReportReporter -->
<testsuite hostname="DESKTOP-LMKUKFJ" failures="0" tests="1" name="Freedo_domain.TEST" time="34.135" errors="0" timestamp="2023-05-11T00:04:33 IST" skipped="0">
  <testcase classname="Freedo_domain.TEST" name="t1" time="34.135"/>
  <system-out/>
</testsuite> <!-- Freedo_domain.TEST -->
