<?xml version="1.0" encoding="UTF-8"?>
<!-- Generated by org.testng.reporters.JUnitReportReporter -->
<testsuite hostname="DESKTOP-LMKUKFJ" failures="0" tests="23" name="Freedo_domain.appium_0" time="116.292" errors="0" timestamp="2023-05-11T17:12:40 IST" skipped="0">
  <testcase classname="Freedo_domain.appium_0" name="TC_004_Verify_the_NEXT_button_clicking" time="3.557"/>
  <system-out/>
  <testcase classname="Freedo_domain.appium_0" name="TC_003_Verify_the_NEXT_button_clicking" time="3.662"/>
  <system-out/>
  <testcase classname="Freedo_domain.appium_0" name="TC_008_Verify_login_functionality_Register_mo_number" time="3.863"/>
  <system-out/>
  <testcase classname="Freedo_domain.appium_0" name="TC_005_Verify_the_slide_indicator" time="0.368"/>
  <system-out/>
  <testcase classname="Freedo_domain.appium_0" name="TC_0014_verify_Privacy_policy_under_Privacy_policy_dropdown_all_element" time="5.640"/>
  <system-out/>
  <testcase classname="Freedo_domain.appium_0" name="TC_0010_verify_user_able_to_create_an_account" time="13.614"/>
  <system-out/>
  <testcase classname="Freedo_domain.appium_0" name="TC_0011_verify_Terms_and_condition_link_on_create_an_account_page" time="14.653"/>
  <system-out/>
  <testcase classname="Freedo_domain.appium_0" name="TC_001_verify_install_apk" time="0.084"/>
  <system-out/>
  <testcase classname="Freedo_domain.appium_0" name="TC_0018_Verify_OTP_Verification_Page" time="8.541"/>
  <system-out/>
  <testcase classname="Freedo_domain.appium_0" name="TC_0019_Select_location" time="14.652"/>
  <system-out/>
  <testcase classname="Freedo_domain.appium_0" name="TC_0015_verify_login_button_on_create_an_account_page" time="3.596"/>
  <system-out/>
  <testcase classname="Freedo_domain.appium_0" name="TC_0020_verify_user_select_City" time="1.780"/>
  <system-out/>
  <testcase classname="Freedo_domain.appium_0" name="TC_007_Verify_login_component" time="1.831"/>
  <system-out/>
  <testcase classname="Freedo_domain.appium_0" name="TC_0016_Verify_login_functionality_Register_mo_number" time="5.856"/>
  <system-out/>
  <testcase classname="Freedo_domain.appium_0" name="TC_006_Verify_the_Done_button_clicking" time="0.305"/>
  <system-out/>
  <testcase classname="Freedo_domain.appium_0" name="TC_0021_Search_wrong_city_name" time="4.513"/>
  <system-out/>
  <testcase classname="Freedo_domain.appium_0" name="TC_0017_Verify_otp_verification_time_slot" time="3.748"/>
  <system-out/>
  <testcase classname="Freedo_domain.appium_0" name="TC_009_verify_create_an_account_by_clicking_login_page" time="3.374"/>
  <system-out/>
  <testcase classname="Freedo_domain.appium_0" name="TC_0022_Search_city_name" time="4.953"/>
  <system-out/>
  <testcase classname="Freedo_domain.appium_0" name="TC_0023_Select_all__City" time="3.675"/>
  <system-out/>
  <testcase classname="Freedo_domain.appium_0" name="TC_0013_verify_Privacy_policy_under_delete_dropdown_all_element" time="4.307"/>
  <system-out/>
  <testcase classname="Freedo_domain.appium_0" name="TC_0012_verify_Privacy_and_policy_link_on_create_an_account_page" time="2.855"/>
  <system-out/>
  <testcase classname="Freedo_domain.appium_0" name="TC_002_verify_select_pickup_location_date_and_packages" time="6.865"/>
  <system-out/>
</testsuite> <!-- Freedo_domain.appium_0 -->
