<?xml version="1.0" encoding="UTF-8"?>
<!-- Generated by org.testng.reporters.JUnitReportReporter -->
<testsuite hostname="DESKTOP-LMKUKFJ" failures="0" tests="1" name="Freedo_domain.TEST" time="35.233" errors="0" timestamp="2023-08-03T13:14:43 IST" skipped="0">
  <testcase classname="Freedo_domain.TEST" name="TC_001_verify_install_apk" time="35.233"/>
  <system-out/>
</testsuite> <!-- Freedo_domain.TEST -->
