<?xml version="1.0" encoding="UTF-8"?>
<!-- Generated by org.testng.reporters.JUnitReportReporter -->
<testsuite hostname="DESKTOP-LMKUKFJ" failures="0" tests="7" name="freedodomain.appium_2" time="221.570" errors="0" timestamp="2023-11-20T10:40:20 IST" skipped="0">
  <testcase classname="freedodomain.appium_2" name="TC_0058_admin_Request_reject" time="28.730"/>
  <system-out/>
  <testcase classname="freedodomain.appium_2" name="TC_0052_admin_Request_reject" time="32.012"/>
  <system-out/>
  <testcase classname="freedodomain.appium_2" name="TC_0053_Track_booking_status" time="22.577"/>
  <system-out/>
  <testcase classname="freedodomain.appium_2" name="TC_0054_Verify_user_able_to_logout_cancel" time="17.509"/>
  <system-out/>
  <testcase classname="freedodomain.appium_2" name="TC_0055_Verify_user_able_to_successful_logout" time="15.890"/>
  <system-out/>
  <testcase classname="freedodomain.appium_2" name="TC_0056_Verify_user_able_to_deactivate_account" time="54.371"/>
  <system-out/>
  <testcase classname="freedodomain.appium_2" name="TC_0057_Verify_user_able_to_COD_booking" time="50.481"/>
  <system-out/>
</testsuite> <!-- freedodomain.appium_2 -->
