<?xml version="1.0" encoding="UTF-8"?>
<!-- Generated by org.testng.reporters.JUnitReportReporter -->
<testsuite hostname="DESKTOP-LMKUKFJ" failures="0" tests="1" name="Freedo_domain.dmeo" time="39.574" errors="0" timestamp="2023-03-23T17:34:56 IST" skipped="0">
  <testcase classname="Freedo_domain.dmeo" name="demo" time="39.574"/>
  <system-out/>
</testsuite> <!-- Freedo_domain.dmeo -->
