<?xml version="1.0" encoding="UTF-8"?>
<!-- Generated by org.testng.reporters.JUnitReportReporter -->
<testsuite hostname="Prathmesh" failures="0" tests="1" name="Freedo_domain.appium5" time="18.553" errors="0" timestamp="2023-02-07T16:30:16 IST" skipped="0">
  <testcase classname="Freedo_domain.appium5" name="appium_3_TC_0027_Admin_approved_request" time="18.553"/>
  <system-out/>
</testsuite> <!-- Freedo_domain.appium5 -->
