<?xml version="1.0" encoding="UTF-8"?>
<!-- Generated by org.testng.reporters.JUnitReportReporter -->
<testsuite hostname="DESKTOP-LMKUKFJ" failures="0" tests="3" name="com.freedo_domain.appium_1" time="8.334" errors="0" timestamp="2023-04-19T09:36:19 IST" skipped="1">
  <testcase classname="com.freedo_domain.appium_1" name="TC_002_verify_select_pickup_location_date_and_packages" time="8.330"/>
  <system-out/>
  <testcase classname="com.freedo_domain.appium_1" name="TC_003_verify" time="0.004"/>
  <system-out/>
  <testcase classname="com.freedo_domain.appium_1" name="TC_001_verify_install_apk">
    <skipped/>
  </testcase> <!-- TC_001_verify_install_apk -->
  <system-out/>
</testsuite> <!-- com.freedo_domain.appium_1 -->
