<?xml version="1.0" encoding="UTF-8"?>
<!-- Generated by org.testng.reporters.JUnitReportReporter -->
<testsuite hostname="DESKTOP-LMKUKFJ" failures="0" tests="15" name="Freedo_domain.appium_2" time="0.000" errors="0" timestamp="2023-08-24T11:35:16 IST" skipped="15">
  <testcase classname="Freedo_domain.appium_2" name="TC_0058_admin_Request_reject" time="0.000">
    <skipped/>
  </testcase> <!-- TC_0058_admin_Request_reject -->
  <system-out/>
  <testcase classname="Freedo_domain.appium_2" name="TC_0060_Admin_approved_request" time="0.000">
    <skipped/>
  </testcase> <!-- TC_0060_Admin_approved_request -->
  <system-out/>
  <testcase classname="Freedo_domain.appium_2" name="TC_0052_admin_Request_reject" time="0.000">
    <skipped/>
  </testcase> <!-- TC_0052_admin_Request_reject -->
  <system-out/>
  <testcase classname="Freedo_domain.appium_2" name="TC_0053_Track_booking_status" time="0.000">
    <skipped/>
  </testcase> <!-- TC_0053_Track_booking_status -->
  <system-out/>
  <testcase classname="Freedo_domain.appium_2" name="TC_0054_Verify_user_able_to_logout_cancel" time="0.000">
    <skipped/>
  </testcase> <!-- TC_0054_Verify_user_able_to_logout_cancel -->
  <system-out/>
  <testcase classname="Freedo_domain.appium_2" name="TC_0055_Verify_user_able_to_successful_logout" time="0.000">
    <skipped/>
  </testcase> <!-- TC_0055_Verify_user_able_to_successful_logout -->
  <system-out/>
  <testcase classname="Freedo_domain.appium_2" name="TC_0056_Verify_user_able_to_deactivate_account" time="0.000">
    <skipped/>
  </testcase> <!-- TC_0056_Verify_user_able_to_deactivate_account -->
  <system-out/>
  <testcase classname="Freedo_domain.appium_2" name="TC_0057_Verify_user_able_to_COD_booking" time="0.000">
    <skipped/>
  </testcase> <!-- TC_0057_Verify_user_able_to_COD_booking -->
  <system-out/>
  <testcase classname="Freedo_domain.appium_2" name="TC_0059_Verify_user_able_to_Online_payment_booking" time="0.000">
    <skipped/>
  </testcase> <!-- TC_0059_Verify_user_able_to_Online_payment_booking -->
  <system-out/>
  <testcase classname="Freedo_domain.appium_2" name="TC_0061_Verify_user_able_to_view_booking_status_all_elements" time="0.000">
    <skipped/>
  </testcase> <!-- TC_0061_Verify_user_able_to_view_booking_status_all_elements -->
  <system-out/>
  <testcase classname="Freedo_domain.appium_2" name="TC_0062_Verify_user_End_ride_request" time="0.000">
    <skipped/>
  </testcase> <!-- TC_0062_Verify_user_End_ride_request -->
  <system-out/>
  <testcase classname="Freedo_domain.appium_2" name="TC_0063_Verify_user_end_ride_booking_status" time="0.000">
    <skipped/>
  </testcase> <!-- TC_0063_Verify_user_end_ride_booking_status -->
  <system-out/>
  <testcase classname="Freedo_domain.appium_2" name="TC_0064_Admin_check_End_ride_request" time="0.000">
    <skipped/>
  </testcase> <!-- TC_0064_Admin_check_End_ride_request -->
  <system-out/>
  <testcase classname="Freedo_domain.appium_2" name="TC_0065_Verify_user_Complete_ride_booking_status" time="0.000">
    <skipped/>
  </testcase> <!-- TC_0065_Verify_user_Complete_ride_booking_status -->
  <system-out/>
  <testcase classname="Freedo_domain.appium_2" name="TC_0066_Verify_after_Complete_ride_invoice_button" time="0.000">
    <skipped/>
  </testcase> <!-- TC_0066_Verify_after_Complete_ride_invoice_button -->
  <system-out/>
</testsuite> <!-- Freedo_domain.appium_2 -->
