<?xml version="1.0" encoding="UTF-8"?>
<!-- Generated by org.testng.reporters.JUnitReportReporter -->
<testsuite hostname="DESKTOP-LMKUKFJ" failures="0" tests="8" name="Freedo_domain.appium_2" time="0.000" errors="0" timestamp="2023-04-13T21:42:14 IST" skipped="8">
  <testcase classname="Freedo_domain.appium_2" name="appium_2_TC_0017_verify_Home_delivery_section_with_fill_valid_data" time="0.000">
    <skipped/>
  </testcase> <!-- appium_2_TC_0017_verify_Home_delivery_section_with_fill_valid_data -->
  <system-out/>
  <testcase classname="Freedo_domain.appium_2" name="appium_2_TC_0020_verify_booking_page_components" time="0.000">
    <skipped/>
  </testcase> <!-- appium_2_TC_0020_verify_booking_page_components -->
  <system-out/>
  <testcase classname="Freedo_domain.appium_2" name="appium_2_TC_0018_verify_payment_process_methods" time="0.000">
    <skipped/>
  </testcase> <!-- appium_2_TC_0018_verify_payment_process_methods -->
  <system-out/>
  <testcase classname="Freedo_domain.appium_2" name="appium_2_TC_0019_verify_Booking_confirmation" time="0.000">
    <skipped/>
  </testcase> <!-- appium_2_TC_0019_verify_Booking_confirmation -->
  <system-out/>
  <testcase classname="Freedo_domain.appium_2" name="appium_2_TC_0022_verify_app_dark_theme" time="0.000">
    <skipped/>
  </testcase> <!-- appium_2_TC_0022_verify_app_dark_theme -->
  <system-out/>
  <testcase classname="Freedo_domain.appium_2" name="appium_2_TC_0016_verify_PickUp_delivery_section_with_valid_data" time="0.000">
    <skipped/>
  </testcase> <!-- appium_2_TC_0016_verify_PickUp_delivery_section_with_valid_data -->
  <system-out/>
  <testcase classname="Freedo_domain.appium_2" name="appium_2_TC_0021_verify_profile_edit_data" time="0.000">
    <skipped/>
  </testcase> <!-- appium_2_TC_0021_verify_profile_edit_data -->
  <system-out/>
  <testcase classname="Freedo_domain.appium_2" name="appium_2_TC_0023_admin_Request_reject" time="0.000">
    <skipped/>
  </testcase> <!-- appium_2_TC_0023_admin_Request_reject -->
  <system-out/>
</testsuite> <!-- Freedo_domain.appium_2 -->
