<?xml version="1.0" encoding="UTF-8"?>
<!-- Generated by org.testng.reporters.JUnitReportReporter -->
<testsuite hostname="Prathmesh" failures="0" tests="2" name="Freedo_domain.appium_6" time="2.359" errors="0" timestamp="2023-02-01T23:44:46 IST" skipped="1">
  <testcase classname="Freedo_domain.appium_6" name="keyboardcheck" time="2.359"/>
  <system-out/>
  <testcase classname="Freedo_domain.appium_6" name="date">
    <skipped/>
  </testcase> <!-- date -->
  <system-out/>
</testsuite> <!-- Freedo_domain.appium_6 -->
