<?xml version="1.0" encoding="UTF-8"?>
<!-- Generated by org.testng.reporters.JUnitReportReporter -->
<testsuite hostname="DESKTOP-LMKUKFJ" failures="0" tests="12" name="Freedo_domain.appium_0" time="61.575" errors="0" timestamp="2023-04-25T10:33:24 IST" skipped="0">
  <testcase classname="Freedo_domain.appium_0" name="appium_1_TC_005_verify_all__City" time="3.267"/>
  <system-out/>
  <testcase classname="Freedo_domain.appium_0" name="appium_1_TC_006_Select_all__City" time="6.138"/>
  <system-out/>
  <testcase classname="Freedo_domain.appium_0" name="appium_1_TC_003_Verify_login_component" time="2.195"/>
  <system-out/>
  <testcase classname="Freedo_domain.appium_0" name="TC_005_Verify_the_slide_indicator" time="0.554"/>
  <system-out/>
  <testcase classname="Freedo_domain.appium_0" name="appium_1_TC_004_2_Verify_OTP_Verification_Page" time="9.298"/>
  <system-out/>
  <testcase classname="Freedo_domain.appium_0" name="TC_001_verify_install_apk" time="0.074"/>
  <system-out/>
  <testcase classname="Freedo_domain.appium_0" name="appium_1_TC_004_1_Verify_login_functionality_Register_mo_number" time="5.778"/>
  <system-out/>
  <testcase classname="Freedo_domain.appium_0" name="TC_006_Verify_the_Done_button_clicking" time="0.458"/>
  <system-out/>
  <testcase classname="Freedo_domain.appium_0" name="TC_004_Verify_the_NEXT_button_clicking" time="4.077"/>
  <system-out/>
  <testcase classname="Freedo_domain.appium_0" name="appium_1_TC_004_3_Select_location" time="14.088"/>
  <system-out/>
  <testcase classname="Freedo_domain.appium_0" name="TC_003_Verify_the_NEXT_button_clicking" time="5.437"/>
  <system-out/>
  <testcase classname="Freedo_domain.appium_0" name="TC_002_verify_select_pickup_location_date_and_packages" time="10.211"/>
  <system-out/>
</testsuite> <!-- Freedo_domain.appium_0 -->
