<?xml version="1.0" encoding="UTF-8"?>
<!-- Generated by org.testng.reporters.JUnitReportReporter -->
<testsuite hostname="DESKTOP-LMKUKFJ" failures="0" tests="12" name="Freedo_domain.appium_0" time="64.041" errors="0" timestamp="2023-04-19T17:33:53 IST" skipped="0">
  <testcase classname="Freedo_domain.appium_0" name="TC_001_verify_install_apk" time="0.092"/>
  <system-out/>
  <testcase classname="Freedo_domain.appium_0" name="appium_1_TC_004_1_Verify_login_functionality_Register_mo_number" time="6.525"/>
  <system-out/>
  <testcase classname="Freedo_domain.appium_0" name="appium_1_TC_004_3_Select_location" time="14.732"/>
  <system-out/>
  <testcase classname="Freedo_domain.appium_0" name="TC_003_Verify_the_NEXT_button_clicking" time="5.267"/>
  <system-out/>
  <testcase classname="Freedo_domain.appium_0" name="appium_1_TC_003_Verify_login_component" time="4.231"/>
  <system-out/>
  <testcase classname="Freedo_domain.appium_0" name="appium_1_TC_005_verify_all__City" time="4.335"/>
  <system-out/>
  <testcase classname="Freedo_domain.appium_0" name="TC_004_Verify_the_NEXT_button_clicking" time="4.865"/>
  <system-out/>
  <testcase classname="Freedo_domain.appium_0" name="appium_1_TC_006_Select_all__City" time="5.490"/>
  <system-out/>
  <testcase classname="Freedo_domain.appium_0" name="TC_006_Verify_the_slide_indicator" time="0.004"/>
  <system-out/>
  <testcase classname="Freedo_domain.appium_0" name="appium_1_TC_004_2_Verify_OTP_Verification_Page" time="9.329"/>
  <system-out/>
  <testcase classname="Freedo_domain.appium_0" name="TC_005_Verify_the_Done_button_clicking" time="0.542"/>
  <system-out/>
  <testcase classname="Freedo_domain.appium_0" name="TC_002_verify_select_pickup_location_date_and_packages" time="8.629"/>
  <system-out/>
</testsuite> <!-- Freedo_domain.appium_0 -->
