<?xml version="1.0" encoding="UTF-8"?>
<!-- Generated by org.testng.reporters.JUnitReportReporter -->
<testsuite hostname="DESKTOP-LMKUKFJ" failures="0" tests="1" name="Freedo_domain.Champion_test" time="13.190" errors="0" timestamp="2023-10-11T23:25:26 IST" skipped="0">
  <testcase classname="Freedo_domain.Champion_test" name="TC_001_Verify_login_champion_app" time="13.190"/>
  <system-out/>
</testsuite> <!-- Freedo_domain.Champion_test -->
