<?xml version="1.0" encoding="UTF-8"?>
<!-- Generated by org.testng.reporters.JUnitReportReporter -->
<testsuite hostname="DESKTOP-LMKUKFJ" failures="0" tests="23" name="Freedo_domain.appium_0" time="106.589" errors="0" timestamp="2023-05-18T22:37:13 IST" skipped="0">
  <testcase classname="Freedo_domain.appium_0" name="TC_0015_verify_login_button_on_create_an_account_page" time="2.813"/>
  <system-out/>
  <testcase classname="Freedo_domain.appium_0" name="TC_0010_verify_user_able_to_create_an_account" time="15.428"/>
  <system-out/>
  <testcase classname="Freedo_domain.appium_0" name="TC_0012_verify_Privacy_and_policy_link_on_create_an_account_page" time="2.359"/>
  <system-out/>
  <testcase classname="Freedo_domain.appium_0" name="TC_0014_verify_Privacy_policy_under_Privacy_policy_dropdown_all_element" time="2.703"/>
  <system-out/>
  <testcase classname="Freedo_domain.appium_0" name="TC_0020_verify_user_select_City" time="0.013"/>
  <system-out/>
  <testcase classname="Freedo_domain.appium_0" name="TC_006_Verify_the_Done_button_clicking" time="0.404"/>
  <system-out/>
  <testcase classname="Freedo_domain.appium_0" name="TC_0018_Verify_OTP_Verification_Page" time="7.706"/>
  <system-out/>
  <testcase classname="Freedo_domain.appium_0" name="TC_003_Verify_the_NEXT_button_clicking" time="3.318"/>
  <system-out/>
  <testcase classname="Freedo_domain.appium_0" name="TC_0019_Select_location" time="13.245"/>
  <system-out/>
  <testcase classname="Freedo_domain.appium_0" name="TC_001_verify_install_apk" time="0.123"/>
  <system-out/>
  <testcase classname="Freedo_domain.appium_0" name="TC_0013_verify_Privacy_policy_under_delete_dropdown_all_element" time="2.562"/>
  <system-out/>
  <testcase classname="Freedo_domain.appium_0" name="TC_009_verify_create_an_account_by_clicking_login_page" time="1.915"/>
  <system-out/>
  <testcase classname="Freedo_domain.appium_0" name="TC_0021_Search_wrong_city_name" time="5.554"/>
  <system-out/>
  <testcase classname="Freedo_domain.appium_0" name="TC_0011_verify_Terms_and_condition_link_on_create_an_account_page" time="7.186"/>
  <system-out/>
  <testcase classname="Freedo_domain.appium_0" name="TC_0016_Verify_login_functionality_Register_mo_number" time="5.576"/>
  <system-out/>
  <testcase classname="Freedo_domain.appium_0" name="TC_0023_Select_all__City" time="6.372"/>
  <system-out/>
  <testcase classname="Freedo_domain.appium_0" name="TC_0022_Search_city_name" time="6.360"/>
  <system-out/>
  <testcase classname="Freedo_domain.appium_0" name="TC_004_Verify_the_NEXT_button_clicking" time="3.469"/>
  <system-out/>
  <testcase classname="Freedo_domain.appium_0" name="TC_005_Verify_the_slide_indicator" time="0.594"/>
  <system-out/>
  <testcase classname="Freedo_domain.appium_0" name="TC_008_Verify_login_functionality_Register_mo_number" time="4.854"/>
  <system-out/>
  <testcase classname="Freedo_domain.appium_0" name="TC_007_Verify_login_component" time="1.464"/>
  <system-out/>
  <testcase classname="Freedo_domain.appium_0" name="TC_0017_Verify_otp_verification_time_slot" time="4.023"/>
  <system-out/>
  <testcase classname="Freedo_domain.appium_0" name="TC_002_verify_select_pickup_location_date_and_packages" time="8.548"/>
  <system-out/>
</testsuite> <!-- Freedo_domain.appium_0 -->
