<?xml version="1.0" encoding="UTF-8"?>
<!-- Generated by org.testng.reporters.JUnitReportReporter -->
<testsuite hostname="DESKTOP-LMKUKFJ" failures="0" tests="1" name="Freedo_domain.TEST" time="59.188" errors="0" timestamp="2023-10-27T13:57:48 IST" skipped="0">
  <testcase classname="Freedo_domain.TEST" name="TC_0052_verify_install_apk" time="59.188"/>
  <system-out/>
</testsuite> <!-- Freedo_domain.TEST -->
