<?xml version="1.0" encoding="UTF-8"?>
<!-- Generated by org.testng.reporters.JUnitReportReporter -->
<testsuite hostname="DESKTOP-LMKUKFJ" failures="0" tests="23" name="Freedo_domain.appium_0" time="142.638" errors="0" timestamp="2023-06-09T14:50:58 IST" skipped="0">
  <testcase classname="Freedo_domain.appium_0" name="TC_003_Verify_the_NEXT_button_clicking" time="4.914"/>
  <system-out/>
  <testcase classname="Freedo_domain.appium_0" name="TC_0023_Verify_location_popup" time="1.473"/>
  <system-out/>
  <testcase classname="Freedo_domain.appium_0" name="TC_0020_Search_wrong_city_name" time="5.029"/>
  <system-out/>
  <testcase classname="Freedo_domain.appium_0" name="TC_005_Verify_the_slide_indicator" time="0.454"/>
  <system-out/>
  <testcase classname="Freedo_domain.appium_0" name="TC_0010_verify_create_an_account_by_clicking_login_page" time="4.944"/>
  <system-out/>
  <testcase classname="Freedo_domain.appium_0" name="TC_008_Verify_login_functionality_Register_mo_number" time="4.837"/>
  <system-out/>
  <testcase classname="Freedo_domain.appium_0" name="TC_0012_verify_Terms_and_condition_link_on_create_an_account_page" time="21.804"/>
  <system-out/>
  <testcase classname="Freedo_domain.appium_0" name="TC_009_verify_login_button_on_create_an_account_page" time="6.070"/>
  <system-out/>
  <testcase classname="Freedo_domain.appium_0" name="TC_006_Verify_the_Done_button_clicking" time="0.582"/>
  <system-out/>
  <testcase classname="Freedo_domain.appium_0" name="TC_0011_verify_user_able_to_create_an_account" time="18.273"/>
  <system-out/>
  <testcase classname="Freedo_domain.appium_0" name="TC_0014_verify_Privacy_policy_under_Privacy_policy_dropdown_all_element" time="5.071"/>
  <system-out/>
  <testcase classname="Freedo_domain.appium_0" name="TC_004_Verify_the_NEXT_button_clicking" time="4.116"/>
  <system-out/>
  <testcase classname="Freedo_domain.appium_0" name="TC_001_verify_install_apk" time="10.112"/>
  <system-out/>
  <testcase classname="Freedo_domain.appium_0" name="TC_0021_Search_city_name" time="5.408"/>
  <system-out/>
  <testcase classname="Freedo_domain.appium_0" name="TC_007_Verify_login_component" time="4.197"/>
  <system-out/>
  <testcase classname="Freedo_domain.appium_0" name="TC_0019_verify_user_select_City" time="3.338"/>
  <system-out/>
  <testcase classname="Freedo_domain.appium_0" name="TC_0022_Select_all__City" time="2.957"/>
  <system-out/>
  <testcase classname="Freedo_domain.appium_0" name="TC_0013_verify_Privacy_and_policy_link_on_create_an_account_page" time="4.841"/>
  <system-out/>
  <testcase classname="Freedo_domain.appium_0" name="TC_0017_Verify_OTP_Verification_Page" time="9.483"/>
  <system-out/>
  <testcase classname="Freedo_domain.appium_0" name="TC_0015_Verify_create_my_account_button" time="2.681"/>
  <system-out/>
  <testcase classname="Freedo_domain.appium_0" name="TC_0018_Select_location" time="17.475"/>
  <system-out/>
  <testcase classname="Freedo_domain.appium_0" name="TC_0016_Verify_otp_verification_time_slot" time="3.335"/>
  <system-out/>
  <testcase classname="Freedo_domain.appium_0" name="TC_002_verify_select_pickup_location_date_and_packages" time="1.244"/>
  <system-out/>
</testsuite> <!-- Freedo_domain.appium_0 -->
