<?xml version="1.0" encoding="UTF-8"?>
<!-- Generated by org.testng.reporters.JUnitReportReporter -->
<testsuite hostname="DESKTOP-LMKUKFJ" failures="0" tests="28" name="Freedo_domain.appium_1" time="274.572" errors="1" timestamp="2023-06-06T09:29:41 IST" skipped="3">
  <testcase classname="Freedo_domain.appium_1" name="TC_0049_Verify_user_able_to_make_payment" time="0.000">
    <skipped/>
  </testcase> <!-- TC_0049_Verify_user_able_to_make_payment -->
  <system-out/>
  <testcase classname="Freedo_domain.appium_1" name="TC_0050_Verify_user_able_to_view_booking_status" time="0.000">
    <skipped/>
  </testcase> <!-- TC_0050_Verify_user_able_to_view_booking_status -->
  <system-out/>
  <testcase classname="Freedo_domain.appium_1" name="TC_0047_Verify_summary_page_i_accept_checkbox" time="4.177"/>
  <system-out/>
  <testcase classname="Freedo_domain.appium_1" name="TC_0038_Verify_user_able_to_select_time_slot_afternoon" time="27.429"/>
  <system-out/>
  <testcase classname="Freedo_domain.appium_1" name="TC_0048_Verify_summary_page_pay_now_button" time="31.085">
    <error message="Cannot invoke &quot;com.utility.listner.onTestFailure(org.testng.ITestResult)&quot; because &quot;com.utility.library.listner&quot; is null" type="java.lang.NullPointerException">
      <![CDATA[java.lang.NullPointerException: Cannot invoke "com.utility.listner.onTestFailure(org.testng.ITestResult)" because "com.utility.library.listner" is null
at com.utility.library.visible_link(library.java:86)
at Freedo_domain.appium_1.TC_0048_Verify_summary_page_pay_now_button(appium_1.java:476)
at java.base/jdk.internal.reflect.NativeMethodAccessorImpl.invoke0(Native Method)
at java.base/jdk.internal.reflect.NativeMethodAccessorImpl.invoke(NativeMethodAccessorImpl.java:77)
at java.base/jdk.internal.reflect.DelegatingMethodAccessorImpl.invoke(DelegatingMethodAccessorImpl.java:43)
at java.base/java.lang.reflect.Method.invoke(Method.java:568)
at org.testng.internal.MethodInvocationHelper.invokeMethod(MethodInvocationHelper.java:133)
at org.testng.internal.TestInvoker.invokeMethod(TestInvoker.java:598)
at org.testng.internal.TestInvoker.invokeTestMethod(TestInvoker.java:173)
at org.testng.internal.MethodRunner.runInSequence(MethodRunner.java:46)
at org.testng.internal.TestInvoker$MethodInvocationAgent.invoke(TestInvoker.java:824)
at org.testng.internal.TestInvoker.invokeTestMethods(TestInvoker.java:146)
at org.testng.internal.TestMethodWorker.invokeTestMethods(TestMethodWorker.java:146)
at org.testng.internal.TestMethodWorker.run(TestMethodWorker.java:128)
at java.base/java.util.ArrayList.forEach(ArrayList.java:1511)
at org.testng.TestRunner.privateRun(TestRunner.java:794)
at org.testng.TestRunner.run(TestRunner.java:596)
at org.testng.SuiteRunner.runTest(SuiteRunner.java:377)
at org.testng.SuiteRunner.runSequentially(SuiteRunner.java:371)
at org.testng.SuiteRunner.privateRun(SuiteRunner.java:332)
at org.testng.SuiteRunner.run(SuiteRunner.java:276)
at org.testng.SuiteRunnerWorker.runSuite(SuiteRunnerWorker.java:53)
at org.testng.SuiteRunnerWorker.run(SuiteRunnerWorker.java:96)
at org.testng.TestNG.runSuitesSequentially(TestNG.java:1212)
at org.testng.TestNG.runSuitesLocally(TestNG.java:1134)
at org.testng.TestNG.runSuites(TestNG.java:1063)
at org.testng.TestNG.run(TestNG.java:1031)
at org.testng.remote.AbstractRemoteTestNG.run(AbstractRemoteTestNG.java:115)
at org.testng.remote.RemoteTestNG.initAndRun(RemoteTestNG.java:251)
at org.testng.remote.RemoteTestNG.main(RemoteTestNG.java:77)
]]>
    </error>
  </testcase> <!-- TC_0048_Verify_summary_page_pay_now_button -->
  <system-out/>
  <testcase classname="Freedo_domain.appium_1" name="TC_0034_Verify_scooter_button_on_homepage" time="4.567"/>
  <system-out/>
  <testcase classname="Freedo_domain.appium_1" name="TC_0045_Verify_summary_page_coupon_code" time="9.785"/>
  <system-out/>
  <testcase classname="Freedo_domain.appium_1" name="TC_0037_Verify_user_able_to_select_date_and_package_under_booking_all_elements_using_home_delivery" time="37.317"/>
  <system-out/>
  <testcase classname="Freedo_domain.appium_1" name="TC_0030_Verify_more_button_all_elements" time="7.680"/>
  <system-out/>
  <testcase classname="Freedo_domain.appium_1" name="TC_0026_Verify_available_all_Scooters" time="1.967"/>
  <system-out/>
  <testcase classname="Freedo_domain.appium_1" name="TC_0043_Verify_continue_button_and_summary_page" time="9.533"/>
  <system-out/>
  <testcase classname="Freedo_domain.appium_1" name="TC_0033_Verify_Bike_button_on_homepage" time="9.426"/>
  <system-out/>
  <testcase classname="Freedo_domain.appium_1" name="TC_0025_Verify_available_all_bikes" time="9.246"/>
  <system-out/>
  <testcase classname="Freedo_domain.appium_1" name="TC_0024_Verify_home_page_all_elements" time="12.813"/>
  <system-out/>
  <testcase classname="Freedo_domain.appium_1" name="TC_0040_Verify_user_able_to_select_time_slot_Morning" time="1.466"/>
  <system-out/>
  <testcase classname="Freedo_domain.appium_1" name="TC_0028_Verify_Rent_tab_all_elements" time="4.100"/>
  <system-out/>
  <testcase classname="Freedo_domain.appium_1" name="TC_0044_Verify_summary_page_additional_helmet_charges" time="4.341"/>
  <system-out/>
  <testcase classname="Freedo_domain.appium_1" name="TC_0027_Verify_homepage_bike_rentals_tab_available_bike" time="7.927"/>
  <system-out/>
  <testcase classname="Freedo_domain.appium_1" name="TC_0036_Verify_user_able_to_select_date_and_package_under_booking_all_elements" time="6.112"/>
  <system-out/>
  <testcase classname="Freedo_domain.appium_1" name="TC_0031_Verify_Booking_elements" time="8.626"/>
  <system-out/>
  <testcase classname="Freedo_domain.appium_1" name="TC_0035_Verify_user_able_to_select_date_and_package_under_booking" time="12.453"/>
  <system-out/>
  <testcase classname="Freedo_domain.appium_1" name="TC_0041_Verify_user_able_to_list_button" time="1.500"/>
  <system-out/>
  <testcase classname="Freedo_domain.appium_1" name="TC_0029_Verify_freedo_rental_icon" time="1.789"/>
  <system-out/>
  <testcase classname="Freedo_domain.appium_1" name="TC_0039_Verify_user_able_to_select_time_slot_Evening" time="1.430"/>
  <system-out/>
  <testcase classname="Freedo_domain.appium_1" name="TC_0051_Verify_user_able_to_view_booking_status_all_elements" time="0.000">
    <skipped/>
  </testcase> <!-- TC_0051_Verify_user_able_to_view_booking_status_all_elements -->
  <system-out/>
  <testcase classname="Freedo_domain.appium_1" name="TC_0032_Verify_Booking_elements" time="8.898"/>
  <system-out/>
  <testcase classname="Freedo_domain.appium_1" name="TC_0046_Verify_summary_page_cash_on_delivery_method" time="5.223"/>
  <system-out/>
  <testcase classname="Freedo_domain.appium_1" name="TC_0042_Verify_select_automation_city" time="45.682"/>
  <system-out/>
</testsuite> <!-- Freedo_domain.appium_1 -->
