<?xml version="1.0" encoding="UTF-8"?>
<!-- Generated by org.testng.reporters.JUnitReportReporter -->
<testsuite hostname="DESKTOP-LMKUKFJ" failures="0" tests="7" name="freedodomain.appium_2" time="166.017" errors="0" timestamp="2023-11-17T15:56:07 IST" skipped="0">
  <testcase classname="freedodomain.appium_2" name="TC_0058_admin_Request_reject" time="25.670"/>
  <system-out/>
  <testcase classname="freedodomain.appium_2" name="TC_0052_admin_Request_reject" time="27.497"/>
  <system-out/>
  <testcase classname="freedodomain.appium_2" name="TC_0053_Track_booking_status" time="19.216"/>
  <system-out/>
  <testcase classname="freedodomain.appium_2" name="TC_0054_Verify_user_able_to_logout_cancel" time="13.818"/>
  <system-out/>
  <testcase classname="freedodomain.appium_2" name="TC_0055_Verify_user_able_to_successful_logout" time="11.716"/>
  <system-out/>
  <testcase classname="freedodomain.appium_2" name="TC_0056_Verify_user_able_to_deactivate_account" time="34.103"/>
  <system-out/>
  <testcase classname="freedodomain.appium_2" name="TC_0057_Verify_user_able_to_COD_booking" time="33.997"/>
  <system-out/>
</testsuite> <!-- freedodomain.appium_2 -->
