<?xml version="1.0" encoding="UTF-8"?>
<!-- Generated by org.testng.reporters.JUnitReportReporter -->
<testsuite hostname="DESKTOP-LMKUKFJ" failures="0" tests="28" name="Freedo_domain.appium_1" time="398.666" errors="1" timestamp="2023-06-07T00:21:56 IST" skipped="4">
  <testcase classname="Freedo_domain.appium_1" name="TC_0036_Verify_user_able_to_select_date_and_package_under_booking_all_elements" time="9.716"/>
  <system-out/>
  <testcase classname="Freedo_domain.appium_1" name="TC_0044_Verify_summary_page_additional_helmet_charges" time="7.562"/>
  <system-out/>
  <testcase classname="Freedo_domain.appium_1" name="TC_0025_Verify_available_all_bikes" time="14.512"/>
  <system-out/>
  <testcase classname="Freedo_domain.appium_1" name="TC_0039_Verify_user_able_to_select_time_slot_Evening" time="1.944"/>
  <system-out/>
  <testcase classname="Freedo_domain.appium_1" name="TC_0027_Verify_homepage_bike_rentals_tab_available_bike" time="14.053"/>
  <system-out/>
  <testcase classname="Freedo_domain.appium_1" name="TC_0051_Verify_user_able_to_view_booking_status_all_elements" time="0.000">
    <skipped/>
  </testcase> <!-- TC_0051_Verify_user_able_to_view_booking_status_all_elements -->
  <system-out/>
  <testcase classname="Freedo_domain.appium_1" name="TC_0032_Verify_Booking_elements" time="9.301"/>
  <system-out/>
  <testcase classname="Freedo_domain.appium_1" name="TC_0038_Verify_user_able_to_select_time_slot_afternoon" time="52.325"/>
  <system-out/>
  <testcase classname="Freedo_domain.appium_1" name="TC_0030_Verify_more_button_all_elements" time="11.292"/>
  <system-out/>
  <testcase classname="Freedo_domain.appium_1" name="TC_0048_Verify_summary_page_pay_now_button" time="0.000">
    <skipped/>
  </testcase> <!-- TC_0048_Verify_summary_page_pay_now_button -->
  <system-out/>
  <testcase classname="Freedo_domain.appium_1" name="TC_0026_Verify_available_all_Scooters" time="3.728"/>
  <system-out/>
  <testcase classname="Freedo_domain.appium_1" name="TC_0045_Verify_summary_page_coupon_code" time="14.454"/>
  <system-out/>
  <testcase classname="Freedo_domain.appium_1" name="TC_0034_Verify_scooter_button_on_homepage" time="6.066"/>
  <system-out/>
  <testcase classname="Freedo_domain.appium_1" name="TC_0047_Verify_summary_page_i_accept_checkbox" time="22.673">
    <error message="An element could not be located on the page using the given search parameters.
For documentation on this error, please visit: https://selenium.dev/exceptions/#no_such_element
Build info: version: &#039;4.8.1&#039;, revision: &#039;8ebccac989&#039;
System info: os.name: &#039;Windows 10&#039;, os.arch: &#039;amd64&#039;, os.version: &#039;10.0&#039;, java.version: &#039;17.0.6&#039;
Driver info: io.appium.java_client.android.AndroidDriver
Command: [85227a81-4465-41d8-a933-4f40b0949f11, findElement {using=xpath, value=//android.widget.Button[@text=&#039;Pay Now&#039;]}]
Capabilities {appium:app: /opt/raid-data/data/userV2/..., appium:appActivity: com.heerofreedo.MainActivity, appium:appPackage: com.heerofreedo, appium:automationName: uiautomator2, appium:databaseEnabled: false, appium:desired: {app: /opt/raid-data/data/userV2/..., appActivity: com.heerofreedo.MainActivity, appPackage: com.heerofreedo, automationName: uiautomator2, deviceName: 805, launchTimeout: 90000, newCommandTimeout: 600, pCloudy_ApiKey: 2gdc5pv55mh54mqtwmvj4xbr, pCloudy_DeviceManufacturer: GOOGLE, pCloudy_DeviceVersion: 13.0.0, pCloudy_DurationInMinutes: 15, pCloudy_EnableDeviceLogs: true, pCloudy_EnablePerformanceData: true, pCloudy_EnableVideo: true, pCloudy_Username: randhir.kumar@heromotocorp.com, pCloudy_WildNet: false, platformName: android, platformVersion: 13.0.0, systemPort: 31954}, appium:deviceApiLevel: 33, appium:deviceManufacturer: Google, appium:deviceModel: Pixel 7 Pro, appium:deviceName: 2B081FDH3003ZV, appium:deviceScreenDensity: 420, appium:deviceScreenSize: 1440x3120, appium:deviceUDID: 2B081FDH3003ZV, appium:javascriptEnabled: true, appium:launchTimeout: 90000, appium:locationContextEnabled: false, appium:networkConnectionEnabled: true, appium:newCommandTimeout: 600, appium:pCloudy_ApiKey: 2gdc5pv55mh54mqtwmvj4xbr, appium:pCloudy_DeviceManufacturer: GOOGLE, appium:pCloudy_DeviceVersion: 13.0.0, appium:pCloudy_DurationInMinutes: 15, appium:pCloudy_EnableDeviceLogs: true, appium:pCloudy_EnablePerformanceData: true, appium:pCloudy_EnableVideo: true, appium:pCloudy_Username: randhir.kumar@heromotocorp.com, appium:pCloudy_WildNet: false, appium:pixelRatio: 2.625, appium:platformVersion: 13, appium:statBarHeight: 130, appium:systemPort: 31954, appium:takesScreenshot: true, appium:viewportRect: {height: 2734, left: 0, top: 130, width: 1440}, appium:warnings: {}, appium:webStorageEnabled: false, platformName: ANDROID}
Session ID: 85227a81-4465-41d8-a933-4f40b0949f11" type="org.openqa.selenium.NoSuchElementException">
      <![CDATA[org.openqa.selenium.NoSuchElementException: An element could not be located on the page using the given search parameters.
For documentation on this error, please visit: https://selenium.dev/exceptions/#no_such_element
Build info: version: '4.8.1', revision: '8ebccac989'
System info: os.name: 'Windows 10', os.arch: 'amd64', os.version: '10.0', java.version: '17.0.6'
Driver info: io.appium.java_client.android.AndroidDriver
Command: [85227a81-4465-41d8-a933-4f40b0949f11, findElement {using=xpath, value=//android.widget.Button[@text='Pay Now']}]
Capabilities {appium:app: /opt/raid-data/data/userV2/..., appium:appActivity: com.heerofreedo.MainActivity, appium:appPackage: com.heerofreedo, appium:automationName: uiautomator2, appium:databaseEnabled: false, appium:desired: {app: /opt/raid-data/data/userV2/..., appActivity: com.heerofreedo.MainActivity, appPackage: com.heerofreedo, automationName: uiautomator2, deviceName: 805, launchTimeout: 90000, newCommandTimeout: 600, pCloudy_ApiKey: 2gdc5pv55mh54mqtwmvj4xbr, pCloudy_DeviceManufacturer: GOOGLE, pCloudy_DeviceVersion: 13.0.0, pCloudy_DurationInMinutes: 15, pCloudy_EnableDeviceLogs: true, pCloudy_EnablePerformanceData: true, pCloudy_EnableVideo: true, pCloudy_Username: randhir.kumar@heromotocorp.com, pCloudy_WildNet: false, platformName: android, platformVersion: 13.0.0, systemPort: 31954}, appium:deviceApiLevel: 33, appium:deviceManufacturer: Google, appium:deviceModel: Pixel 7 Pro, appium:deviceName: 2B081FDH3003ZV, appium:deviceScreenDensity: 420, appium:deviceScreenSize: 1440x3120, appium:deviceUDID: 2B081FDH3003ZV, appium:javascriptEnabled: true, appium:launchTimeout: 90000, appium:locationContextEnabled: false, appium:networkConnectionEnabled: true, appium:newCommandTimeout: 600, appium:pCloudy_ApiKey: 2gdc5pv55mh54mqtwmvj4xbr, appium:pCloudy_DeviceManufacturer: GOOGLE, appium:pCloudy_DeviceVersion: 13.0.0, appium:pCloudy_DurationInMinutes: 15, appium:pCloudy_EnableDeviceLogs: true, appium:pCloudy_EnablePerformanceData: true, appium:pCloudy_EnableVideo: true, appium:pCloudy_Username: randhir.kumar@heromotocorp.com, appium:pCloudy_WildNet: false, appium:pixelRatio: 2.625, appium:platformVersion: 13, appium:statBarHeight: 130, appium:systemPort: 31954, appium:takesScreenshot: true, appium:viewportRect: {height: 2734, left: 0, top: 130, width: 1440}, appium:warnings: {}, appium:webStorageEnabled: false, platformName: ANDROID}
Session ID: 85227a81-4465-41d8-a933-4f40b0949f11
at java.base/jdk.internal.reflect.NativeConstructorAccessorImpl.newInstance0(Native Method)
at java.base/jdk.internal.reflect.NativeConstructorAccessorImpl.newInstance(NativeConstructorAccessorImpl.java:77)
at java.base/jdk.internal.reflect.DelegatingConstructorAccessorImpl.newInstance(DelegatingConstructorAccessorImpl.java:45)
at java.base/java.lang.reflect.Constructor.newInstanceWithCaller(Constructor.java:499)
at java.base/java.lang.reflect.Constructor.newInstance(Constructor.java:480)
at org.openqa.selenium.remote.codec.w3c.W3CHttpResponseCodec.createException(W3CHttpResponseCodec.java:200)
at org.openqa.selenium.remote.codec.w3c.W3CHttpResponseCodec.decode(W3CHttpResponseCodec.java:133)
at org.openqa.selenium.remote.codec.w3c.W3CHttpResponseCodec.decode(W3CHttpResponseCodec.java:53)
at org.openqa.selenium.remote.HttpCommandExecutor.execute(HttpCommandExecutor.java:184)
at io.appium.java_client.remote.AppiumCommandExecutor.execute(AppiumCommandExecutor.java:262)
at org.openqa.selenium.remote.RemoteWebDriver.execute(RemoteWebDriver.java:543)
at org.openqa.selenium.remote.ElementLocation$ElementFinder$2.findElement(ElementLocation.java:162)
at org.openqa.selenium.remote.ElementLocation.findElement(ElementLocation.java:60)
at org.openqa.selenium.remote.RemoteWebDriver.findElement(RemoteWebDriver.java:352)
at org.openqa.selenium.remote.RemoteWebDriver.findElement(RemoteWebDriver.java:344)
at org.openqa.selenium.support.pagefactory.DefaultElementLocator.findElement(DefaultElementLocator.java:70)
at org.openqa.selenium.support.pagefactory.internal.LocatingElementHandler.invoke(LocatingElementHandler.java:39)
at jdk.proxy2/jdk.proxy2.$Proxy33.isSelected(Unknown Source)
at Freedo_domain.appium_1.TC_0047_Verify_summary_page_i_accept_checkbox(appium_1.java:458)
at java.base/jdk.internal.reflect.NativeMethodAccessorImpl.invoke0(Native Method)
at java.base/jdk.internal.reflect.NativeMethodAccessorImpl.invoke(NativeMethodAccessorImpl.java:77)
at java.base/jdk.internal.reflect.DelegatingMethodAccessorImpl.invoke(DelegatingMethodAccessorImpl.java:43)
at java.base/java.lang.reflect.Method.invoke(Method.java:568)
at org.testng.internal.MethodInvocationHelper.invokeMethod(MethodInvocationHelper.java:133)
at org.testng.internal.TestInvoker.invokeMethod(TestInvoker.java:598)
at org.testng.internal.TestInvoker.invokeTestMethod(TestInvoker.java:173)
at org.testng.internal.MethodRunner.runInSequence(MethodRunner.java:46)
at org.testng.internal.TestInvoker$MethodInvocationAgent.invoke(TestInvoker.java:824)
at org.testng.internal.TestInvoker.invokeTestMethods(TestInvoker.java:146)
at org.testng.internal.TestMethodWorker.invokeTestMethods(TestMethodWorker.java:146)
at org.testng.internal.TestMethodWorker.run(TestMethodWorker.java:128)
at java.base/java.util.ArrayList.forEach(ArrayList.java:1511)
at org.testng.TestRunner.privateRun(TestRunner.java:794)
at org.testng.TestRunner.run(TestRunner.java:596)
at org.testng.SuiteRunner.runTest(SuiteRunner.java:377)
at org.testng.SuiteRunner.runSequentially(SuiteRunner.java:371)
at org.testng.SuiteRunner.privateRun(SuiteRunner.java:332)
at org.testng.SuiteRunner.run(SuiteRunner.java:276)
at org.testng.SuiteRunnerWorker.runSuite(SuiteRunnerWorker.java:53)
at org.testng.SuiteRunnerWorker.run(SuiteRunnerWorker.java:96)
at org.testng.TestNG.runSuitesSequentially(TestNG.java:1212)
at org.testng.TestNG.runSuitesLocally(TestNG.java:1134)
at org.testng.TestNG.runSuites(TestNG.java:1063)
at org.testng.TestNG.run(TestNG.java:1031)
at org.testng.remote.AbstractRemoteTestNG.run(AbstractRemoteTestNG.java:115)
at org.testng.remote.RemoteTestNG.initAndRun(RemoteTestNG.java:251)
at org.testng.remote.RemoteTestNG.main(RemoteTestNG.java:77)
]]>
    </error>
  </testcase> <!-- TC_0047_Verify_summary_page_i_accept_checkbox -->
  <system-out/>
  <testcase classname="Freedo_domain.appium_1" name="TC_0050_Verify_user_able_to_view_booking_status" time="0.000">
    <skipped/>
  </testcase> <!-- TC_0050_Verify_user_able_to_view_booking_status -->
  <system-out/>
  <testcase classname="Freedo_domain.appium_1" name="TC_0028_Verify_Rent_tab_all_elements" time="6.293"/>
  <system-out/>
  <testcase classname="Freedo_domain.appium_1" name="TC_0024_Verify_home_page_all_elements" time="18.772"/>
  <system-out/>
  <testcase classname="Freedo_domain.appium_1" name="TC_0041_Verify_user_able_to_list_button" time="1.976"/>
  <system-out/>
  <testcase classname="Freedo_domain.appium_1" name="TC_0049_Verify_user_able_to_make_payment" time="0.001">
    <skipped/>
  </testcase> <!-- TC_0049_Verify_user_able_to_make_payment -->
  <system-out/>
  <testcase classname="Freedo_domain.appium_1" name="TC_0031_Verify_Booking_elements" time="18.095"/>
  <system-out/>
  <testcase classname="Freedo_domain.appium_1" name="TC_0029_Verify_freedo_rental_icon" time="2.571"/>
  <system-out/>
  <testcase classname="Freedo_domain.appium_1" name="TC_0035_Verify_user_able_to_select_date_and_package_under_booking" time="15.439"/>
  <system-out/>
  <testcase classname="Freedo_domain.appium_1" name="TC_0040_Verify_user_able_to_select_time_slot_Morning" time="2.001"/>
  <system-out/>
  <testcase classname="Freedo_domain.appium_1" name="TC_0046_Verify_summary_page_cash_on_delivery_method" time="6.791"/>
  <system-out/>
  <testcase classname="Freedo_domain.appium_1" name="TC_0037_Verify_user_able_to_select_date_and_package_under_booking_all_elements_using_home_delivery" time="59.897"/>
  <system-out/>
  <testcase classname="Freedo_domain.appium_1" name="TC_0043_Verify_continue_button_and_summary_page" time="38.740"/>
  <system-out/>
  <testcase classname="Freedo_domain.appium_1" name="TC_0033_Verify_Bike_button_on_homepage" time="10.490"/>
  <system-out/>
  <testcase classname="Freedo_domain.appium_1" name="TC_0042_Verify_select_automation_city" time="49.974"/>
  <system-out/>
</testsuite> <!-- Freedo_domain.appium_1 -->
