<?xml version="1.0" encoding="UTF-8"?>
<!-- Generated by org.testng.reporters.JUnitReportReporter -->
<testsuite hostname="DESKTOP-LMKUKFJ" failures="0" tests="23" name="Freedo_domain.appium_0" time="88.767" errors="0" timestamp="2023-10-27T15:45:25 IST" skipped="0">
  <testcase classname="Freedo_domain.appium_0" name="TC_001_verify_install_apk" time="5.505"/>
  <system-out/>
  <testcase classname="Freedo_domain.appium_0" name="TC_002_verify_select_pickup_location_date_and_packages" time="0.729"/>
  <system-out/>
  <testcase classname="Freedo_domain.appium_0" name="TC_003_Verify_the_NEXT_button_clicking" time="3.539"/>
  <system-out/>
  <testcase classname="Freedo_domain.appium_0" name="TC_004_Verify_the_NEXT_button_clicking" time="3.458"/>
  <system-out/>
  <testcase classname="Freedo_domain.appium_0" name="TC_005_Verify_the_slide_indicator" time="0.237"/>
  <system-out/>
  <testcase classname="Freedo_domain.appium_0" name="TC_006_Verify_the_Done_button_clicking" time="0.448"/>
  <system-out/>
  <testcase classname="Freedo_domain.appium_0" name="TC_007_Verify_login_component" time="2.284"/>
  <system-out/>
  <testcase classname="Freedo_domain.appium_0" name="TC_008_Verify_login_functionality_Register_mo_number" time="3.699"/>
  <system-out/>
  <testcase classname="Freedo_domain.appium_0" name="TC_009_verify_login_button_on_create_an_account_page" time="4.657"/>
  <system-out/>
  <testcase classname="Freedo_domain.appium_0" name="TC_0010_verify_create_an_account_by_clicking_login_page" time="2.931"/>
  <system-out/>
  <testcase classname="Freedo_domain.appium_0" name="TC_0011_verify_user_able_to_create_an_account" time="12.498"/>
  <system-out/>
  <testcase classname="Freedo_domain.appium_0" name="TC_0012_verify_Terms_and_condition_link_on_create_an_account_page" time="9.198"/>
  <system-out/>
  <testcase classname="Freedo_domain.appium_0" name="TC_0013_verify_Privacy_and_policy_link_on_create_an_account_page" time="2.674"/>
  <system-out/>
  <testcase classname="Freedo_domain.appium_0" name="TC_0014_verify_Privacy_policy_under_Privacy_policy_dropdown_all_element" time="2.340"/>
  <system-out/>
  <testcase classname="Freedo_domain.appium_0" name="TC_0015_Verify_create_my_account_button" time="1.265"/>
  <system-out/>
  <testcase classname="Freedo_domain.appium_0" name="TC_0016_Verify_otp_verification_time_slot" time="2.849"/>
  <system-out/>
  <testcase classname="Freedo_domain.appium_0" name="TC_0017_Verify_OTP_Verification_Page" time="6.951"/>
  <system-out/>
  <testcase classname="Freedo_domain.appium_0" name="TC_0018_Select_location" time="10.290"/>
  <system-out/>
  <testcase classname="Freedo_domain.appium_0" name="TC_0019_verify_user_select_City" time="1.914"/>
  <system-out/>
  <testcase classname="Freedo_domain.appium_0" name="TC_0020_Search_wrong_city_name" time="3.979"/>
  <system-out/>
  <testcase classname="Freedo_domain.appium_0" name="TC_0021_Search_city_name" time="4.202"/>
  <system-out/>
  <testcase classname="Freedo_domain.appium_0" name="TC_0022_Select_all__City" time="0.182"/>
  <system-out/>
  <testcase classname="Freedo_domain.appium_0" name="TC_0023_Verify_location_popup" time="2.938"/>
  <system-out/>
</testsuite> <!-- Freedo_domain.appium_0 -->
