<?xml version="1.0" encoding="UTF-8"?>
<!-- Generated by org.testng.reporters.JUnitReportReporter -->
<testsuite hostname="DESKTOP-LMKUKFJ" failures="0" tests="15" name="Freedo_domain.appium_2" time="529.257" errors="1" timestamp="2023-08-03T13:39:06 IST" skipped="0">
  <testcase classname="Freedo_domain.appium_2" name="TC_0052_admin_Request_reject" time="32.764"/>
  <system-out/>
  <testcase classname="Freedo_domain.appium_2" name="TC_0053_Track_booking_status" time="22.702"/>
  <system-out/>
  <testcase classname="Freedo_domain.appium_2" name="TC_0054_Verify_user_able_to_logout_cancel" time="19.730"/>
  <system-out/>
  <testcase classname="Freedo_domain.appium_2" name="TC_0055_Verify_user_able_to_successful_logout" time="10.970"/>
  <system-out/>
  <testcase classname="Freedo_domain.appium_2" name="TC_0056_Verify_user_able_to_deactivate_account" time="51.022"/>
  <system-out/>
  <testcase classname="Freedo_domain.appium_2" name="TC_0057_Verify_user_able_to_COD_booking" time="48.104"/>
  <system-out/>
  <testcase classname="Freedo_domain.appium_2" name="TC_0058_admin_Request_reject" time="27.945"/>
  <system-out/>
  <testcase classname="Freedo_domain.appium_2" name="TC_0059_Verify_user_able_to_Online_payment_booking" time="121.153"/>
  <system-out/>
  <testcase classname="Freedo_domain.appium_2" name="TC_0060_Admin_approved_request" time="47.129"/>
  <system-out/>
  <testcase classname="Freedo_domain.appium_2" name="TC_0061_Verify_user_able_to_view_booking_status_all_elements" time="84.141"/>
  <system-out/>
  <testcase classname="Freedo_domain.appium_2" name="TC_0062_Verify_user_End_ride_request" time="5.160"/>
  <system-out/>
  <testcase classname="Freedo_domain.appium_2" name="TC_0063_Verify_user_end_ride_booking_status" time="6.033">
    <error message="The element &#039;By.xpath: //android.widget.TextView[@text=&#039;Booking Status&#039;]//following-sibling::android.widget.TextView&#039; is not linked to the same object in DOM anymore
For documentation on this error, please visit: https://selenium.dev/exceptions/#stale_element_reference
Build info: version: &#039;4.8.1&#039;, revision: &#039;8ebccac989&#039;
System info: os.name: &#039;Windows 10&#039;, os.arch: &#039;amd64&#039;, os.version: &#039;10.0&#039;, java.version: &#039;17.0.6&#039;
Driver info: io.appium.java_client.android.AndroidDriver
Command: [43cef632-9bdb-41eb-bb2a-3e403c11ec55, getElementText {id=00000000-0000-00df-ffff-ffff000071c6}]
Capabilities {appium:appActivity: com.heerofreedo.MainActivity, appium:appPackage: com.heerofreedo, appium:automationName: uiautomator2, appium:avd: Pixel_6, appium:avdLaunchTimeout: 600000, appium:databaseEnabled: false, appium:desired: {appActivity: com.heerofreedo.MainActivity, appPackage: com.heerofreedo, automationName: uiautomator2, avd: Pixel_6, avdLaunchTimeout: 600000, deviceName: pixel_6, ensureWebviewsHavePages: true, nativeWebScreenshot: true, newCommandTimeout: 66000, noReset: false, platformName: android, udid: emulator-5554}, appium:deviceApiLevel: 33, appium:deviceManufacturer: Google, appium:deviceModel: sdk_gphone64_x86_64, appium:deviceName: emulator-5554, appium:deviceScreenDensity: 560, appium:deviceScreenSize: 1440x3120, appium:deviceUDID: emulator-5554, appium:ensureWebviewsHavePages: true, appium:javascriptEnabled: true, appium:locationContextEnabled: false, appium:nativeWebScreenshot: true, appium:networkConnectionEnabled: true, appium:newCommandTimeout: 66000, appium:noReset: false, appium:pixelRatio: 3.5, appium:platformVersion: 13, appium:statBarHeight: 84, appium:takesScreenshot: true, appium:udid: emulator-5554, appium:viewportRect: {height: 2952, left: 0, top: 84, width: 1440}, appium:warnings: {}, appium:webStorageEnabled: false, platformName: ANDROID}
Element: [[AndroidDriver:  on ANDROID (43cef632-9bdb-41eb-bb2a-3e403c11ec55)] -&gt; xpath: //android.widget.TextView[@text=&#039;Booking Status&#039;]//following-sibling::android.widget.TextView]
Session ID: 43cef632-9bdb-41eb-bb2a-3e403c11ec55" type="org.openqa.selenium.StaleElementReferenceException">
      <![CDATA[org.openqa.selenium.StaleElementReferenceException: The element 'By.xpath: //android.widget.TextView[@text='Booking Status']//following-sibling::android.widget.TextView' is not linked to the same object in DOM anymore
For documentation on this error, please visit: https://selenium.dev/exceptions/#stale_element_reference
Build info: version: '4.8.1', revision: '8ebccac989'
System info: os.name: 'Windows 10', os.arch: 'amd64', os.version: '10.0', java.version: '17.0.6'
Driver info: io.appium.java_client.android.AndroidDriver
Command: [43cef632-9bdb-41eb-bb2a-3e403c11ec55, getElementText {id=00000000-0000-00df-ffff-ffff000071c6}]
Capabilities {appium:appActivity: com.heerofreedo.MainActivity, appium:appPackage: com.heerofreedo, appium:automationName: uiautomator2, appium:avd: Pixel_6, appium:avdLaunchTimeout: 600000, appium:databaseEnabled: false, appium:desired: {appActivity: com.heerofreedo.MainActivity, appPackage: com.heerofreedo, automationName: uiautomator2, avd: Pixel_6, avdLaunchTimeout: 600000, deviceName: pixel_6, ensureWebviewsHavePages: true, nativeWebScreenshot: true, newCommandTimeout: 66000, noReset: false, platformName: android, udid: emulator-5554}, appium:deviceApiLevel: 33, appium:deviceManufacturer: Google, appium:deviceModel: sdk_gphone64_x86_64, appium:deviceName: emulator-5554, appium:deviceScreenDensity: 560, appium:deviceScreenSize: 1440x3120, appium:deviceUDID: emulator-5554, appium:ensureWebviewsHavePages: true, appium:javascriptEnabled: true, appium:locationContextEnabled: false, appium:nativeWebScreenshot: true, appium:networkConnectionEnabled: true, appium:newCommandTimeout: 66000, appium:noReset: false, appium:pixelRatio: 3.5, appium:platformVersion: 13, appium:statBarHeight: 84, appium:takesScreenshot: true, appium:udid: emulator-5554, appium:viewportRect: {height: 2952, left: 0, top: 84, width: 1440}, appium:warnings: {}, appium:webStorageEnabled: false, platformName: ANDROID}
Element: [[AndroidDriver:  on ANDROID (43cef632-9bdb-41eb-bb2a-3e403c11ec55)] -> xpath: //android.widget.TextView[@text='Booking Status']//following-sibling::android.widget.TextView]
Session ID: 43cef632-9bdb-41eb-bb2a-3e403c11ec55
at java.base/jdk.internal.reflect.NativeConstructorAccessorImpl.newInstance0(Native Method)
at java.base/jdk.internal.reflect.NativeConstructorAccessorImpl.newInstance(NativeConstructorAccessorImpl.java:77)
at java.base/jdk.internal.reflect.DelegatingConstructorAccessorImpl.newInstance(DelegatingConstructorAccessorImpl.java:45)
at java.base/java.lang.reflect.Constructor.newInstanceWithCaller(Constructor.java:499)
at java.base/java.lang.reflect.Constructor.newInstance(Constructor.java:480)
at org.openqa.selenium.remote.codec.w3c.W3CHttpResponseCodec.createException(W3CHttpResponseCodec.java:200)
at org.openqa.selenium.remote.codec.w3c.W3CHttpResponseCodec.decode(W3CHttpResponseCodec.java:133)
at org.openqa.selenium.remote.codec.w3c.W3CHttpResponseCodec.decode(W3CHttpResponseCodec.java:53)
at org.openqa.selenium.remote.HttpCommandExecutor.execute(HttpCommandExecutor.java:184)
at io.appium.java_client.remote.AppiumCommandExecutor.execute(AppiumCommandExecutor.java:262)
at org.openqa.selenium.remote.RemoteWebDriver.execute(RemoteWebDriver.java:543)
at org.openqa.selenium.remote.RemoteWebElement.execute(RemoteWebElement.java:257)
at org.openqa.selenium.remote.RemoteWebElement.getText(RemoteWebElement.java:207)
at jdk.internal.reflect.GeneratedMethodAccessor4.invoke(Unknown Source)
at java.base/jdk.internal.reflect.DelegatingMethodAccessorImpl.invoke(DelegatingMethodAccessorImpl.java:43)
at java.base/java.lang.reflect.Method.invoke(Method.java:568)
at org.openqa.selenium.support.pagefactory.internal.LocatingElementHandler.invoke(LocatingElementHandler.java:52)
at jdk.proxy2/jdk.proxy2.$Proxy33.getText(Unknown Source)
at Freedo_domain.appium_2.TC_0063_Verify_user_end_ride_booking_status(appium_2.java:463)
at java.base/jdk.internal.reflect.NativeMethodAccessorImpl.invoke0(Native Method)
at java.base/jdk.internal.reflect.NativeMethodAccessorImpl.invoke(NativeMethodAccessorImpl.java:77)
at java.base/jdk.internal.reflect.DelegatingMethodAccessorImpl.invoke(DelegatingMethodAccessorImpl.java:43)
at java.base/java.lang.reflect.Method.invoke(Method.java:568)
at org.testng.internal.MethodInvocationHelper.invokeMethod(MethodInvocationHelper.java:133)
at org.testng.internal.TestInvoker.invokeMethod(TestInvoker.java:598)
at org.testng.internal.TestInvoker.invokeTestMethod(TestInvoker.java:173)
at org.testng.internal.MethodRunner.runInSequence(MethodRunner.java:46)
at org.testng.internal.TestInvoker$MethodInvocationAgent.invoke(TestInvoker.java:824)
at org.testng.internal.TestInvoker.invokeTestMethods(TestInvoker.java:146)
at org.testng.internal.TestMethodWorker.invokeTestMethods(TestMethodWorker.java:146)
at org.testng.internal.TestMethodWorker.run(TestMethodWorker.java:128)
at java.base/java.util.ArrayList.forEach(ArrayList.java:1511)
at org.testng.TestRunner.privateRun(TestRunner.java:794)
at org.testng.TestRunner.run(TestRunner.java:596)
at org.testng.SuiteRunner.runTest(SuiteRunner.java:377)
at org.testng.SuiteRunner.runSequentially(SuiteRunner.java:371)
at org.testng.SuiteRunner.privateRun(SuiteRunner.java:332)
at org.testng.SuiteRunner.run(SuiteRunner.java:276)
at org.testng.SuiteRunnerWorker.runSuite(SuiteRunnerWorker.java:53)
at org.testng.SuiteRunnerWorker.run(SuiteRunnerWorker.java:96)
at org.testng.TestNG.runSuitesSequentially(TestNG.java:1212)
at org.testng.TestNG.runSuitesLocally(TestNG.java:1134)
at org.testng.TestNG.runSuites(TestNG.java:1063)
at org.testng.TestNG.run(TestNG.java:1031)
at org.testng.remote.AbstractRemoteTestNG.run(AbstractRemoteTestNG.java:115)
at org.testng.remote.RemoteTestNG.initAndRun(RemoteTestNG.java:251)
at org.testng.remote.RemoteTestNG.main(RemoteTestNG.java:77)
]]>
    </error>
  </testcase> <!-- TC_0063_Verify_user_end_ride_booking_status -->
  <system-out/>
  <testcase classname="Freedo_domain.appium_2" name="TC_0064_Admin_check_End_ride_request" time="32.267"/>
  <system-out/>
  <testcase classname="Freedo_domain.appium_2" name="TC_0065_Verify_user_Complete_ride_booking_status" time="17.342"/>
  <system-out/>
  <testcase classname="Freedo_domain.appium_2" name="TC_0066_Verify_after_Complete_ride_invoice_button" time="2.795"/>
  <system-out/>
</testsuite> <!-- Freedo_domain.appium_2 -->
