<?xml version="1.0" encoding="UTF-8"?>
<!-- Generated by org.testng.reporters.JUnitReportReporter -->
<testsuite hostname="DESKTOP-LMKUKFJ" failures="0" tests="1" name="Freedo_domain.TEST" time="82.926" errors="0" timestamp="2023-06-10T14:32:22 IST" skipped="0">
  <testcase classname="Freedo_domain.TEST" name="t1" time="82.926"/>
  <system-out/>
</testsuite> <!-- Freedo_domain.TEST -->
