<?xml version="1.0" encoding="UTF-8"?>
<!-- Generated by org.testng.reporters.JUnitReportReporter -->
<testsuite hostname="DESKTOP-LMKUKFJ" failures="0" tests="9" name="Freedo_domain.appium_1" time="148.347" errors="0" timestamp="2023-04-13T22:56:23 IST" skipped="0">
  <testcase classname="Freedo_domain.appium_1" name="appium_1_TC_0014_verify_More_document_verification_process" time="14.138"/>
  <system-out/>
  <testcase classname="Freedo_domain.appium_1" name="appium_1_TC_0010_verify_booking_Rentals_fleet_section" time="25.615"/>
  <system-out/>
  <testcase classname="Freedo_domain.appium_1" name="appium_1_TC_008_verify_book_your_vehicle_section" time="24.724"/>
  <system-out/>
  <testcase classname="Freedo_domain.appium_1" name="appium_1_TC_0015_admin_Request_reject" time="29.329"/>
  <system-out/>
  <testcase classname="Freedo_domain.appium_1" name="appium_1_TC_009_cod_payment" time="15.584"/>
  <system-out/>
  <testcase classname="Freedo_domain.appium_1" name="appium_1_TC_0012_verify_Aadhaar_verification_process" time="1.830"/>
  <system-out/>
  <testcase classname="Freedo_domain.appium_1" name="appium_1_TC_0013_verify_Selfi_verification_process" time="3.334"/>
  <system-out/>
  <testcase classname="Freedo_domain.appium_1" name="appium_1_TC_007_Verify_book_your_city_section" time="15.852"/>
  <system-out/>
  <testcase classname="Freedo_domain.appium_1" name="appium_1_TC_0011_verify_kyc_verification_process" time="17.941"/>
  <system-out/>
</testsuite> <!-- Freedo_domain.appium_1 -->
