<?xml version="1.0" encoding="UTF-8"?>
<!-- Generated by org.testng.reporters.JUnitReportReporter -->
<testsuite hostname="DESKTOP-19KQ7J4" failures="0" tests="4" name="Freedo_domain.create_account" time="52.403" errors="0" timestamp="2022-12-29T18:11:26 IST" skipped="0">
  <testcase classname="Freedo_domain.create_account" name="Module1_TC_002_static_pages_view" time="8.949"/>
  <system-out/>
  <testcase classname="Freedo_domain.create_account" name="Module2_TC_003_Verify_login_component" time="1.726"/>
  <system-out/>
  <testcase classname="Freedo_domain.create_account" name="Module4_TC_004_Verify_Create_Account_functionality" time="32.596"/>
  <system-out/>
  <testcase classname="Freedo_domain.create_account" name="Module1_TC_001_On_boarding_screen" time="9.132"/>
  <system-out/>
</testsuite> <!-- Freedo_domain.create_account -->
