<?xml version="1.0" encoding="UTF-8"?>
<!-- Generated by org.testng.reporters.JUnitReportReporter -->
<testsuite hostname="DESKTOP-LMKUKFJ" failures="0" tests="3" name="Freedo_domain.TEST" time="46.335" errors="0" timestamp="2023-10-30T00:15:51 IST" skipped="0">
  <testcase classname="Freedo_domain.TEST" name="TC_002_verify_select_pickup_location_date_and_packages" time="8.576"/>
  <system-out/>
  <testcase classname="Freedo_domain.TEST" name="TC_0052_verify_install_apk" time="21.013"/>
  <system-out/>
  <testcase classname="Freedo_domain.TEST" name="TC_0052_Freddo_apk" time="16.746"/>
  <system-out/>
</testsuite> <!-- Freedo_domain.TEST -->
