<?xml version="1.0" encoding="UTF-8"?>
<!-- Generated by org.testng.reporters.JUnitReportReporter -->
<testsuite hostname="DESKTOP-LMKUKFJ" failures="0" tests="23" name="Freedo_domain.appium_0" time="105.717" errors="0" timestamp="2023-06-07T00:21:56 IST" skipped="0">
  <testcase classname="Freedo_domain.appium_0" name="TC_007_Verify_login_component" time="3.292"/>
  <system-out/>
  <testcase classname="Freedo_domain.appium_0" name="TC_0019_Select_location" time="9.341"/>
  <system-out/>
  <testcase classname="Freedo_domain.appium_0" name="TC_0017_Verify_otp_verification_time_slot" time="3.202"/>
  <system-out/>
  <testcase classname="Freedo_domain.appium_0" name="TC_0020_verify_user_select_City" time="2.514"/>
  <system-out/>
  <testcase classname="Freedo_domain.appium_0" name="TC_0012_verify_Privacy_and_policy_link_on_create_an_account_page" time="3.102"/>
  <system-out/>
  <testcase classname="Freedo_domain.appium_0" name="TC_003_Verify_the_NEXT_button_clicking" time="6.020"/>
  <system-out/>
  <testcase classname="Freedo_domain.appium_0" name="TC_0018_Verify_OTP_Verification_Page" time="8.109"/>
  <system-out/>
  <testcase classname="Freedo_domain.appium_0" name="TC_0021_Search_wrong_city_name" time="4.535"/>
  <system-out/>
  <testcase classname="Freedo_domain.appium_0" name="TC_005_Verify_the_slide_indicator" time="1.177"/>
  <system-out/>
  <testcase classname="Freedo_domain.appium_0" name="TC_008_Verify_login_functionality_Register_mo_number" time="3.854"/>
  <system-out/>
  <testcase classname="Freedo_domain.appium_0" name="TC_0023_Select_all__City" time="2.812"/>
  <system-out/>
  <testcase classname="Freedo_domain.appium_0" name="TC_0014_verify_Privacy_policy_under_Privacy_policy_dropdown_all_element" time="3.505"/>
  <system-out/>
  <testcase classname="Freedo_domain.appium_0" name="TC_004_Verify_the_NEXT_button_clicking" time="4.682"/>
  <system-out/>
  <testcase classname="Freedo_domain.appium_0" name="TC_006_Verify_the_Done_button_clicking" time="0.816"/>
  <system-out/>
  <testcase classname="Freedo_domain.appium_0" name="TC_001_verify_install_apk" time="0.042"/>
  <system-out/>
  <testcase classname="Freedo_domain.appium_0" name="TC_0016_Verify_login_functionality_Register_mo_number" time="4.624"/>
  <system-out/>
  <testcase classname="Freedo_domain.appium_0" name="TC_0022_Search_city_name" time="4.181"/>
  <system-out/>
  <testcase classname="Freedo_domain.appium_0" name="TC_0013_verify_Privacy_policy_under_delete_dropdown_all_element" time="0.002"/>
  <system-out/>
  <testcase classname="Freedo_domain.appium_0" name="TC_009_verify_create_an_account_by_clicking_login_page" time="4.808"/>
  <system-out/>
  <testcase classname="Freedo_domain.appium_0" name="TC_0015_verify_login_button_on_create_an_account_page" time="3.762"/>
  <system-out/>
  <testcase classname="Freedo_domain.appium_0" name="TC_0010_verify_user_able_to_create_an_account" time="16.437"/>
  <system-out/>
  <testcase classname="Freedo_domain.appium_0" name="TC_0011_verify_Terms_and_condition_link_on_create_an_account_page" time="8.275"/>
  <system-out/>
  <testcase classname="Freedo_domain.appium_0" name="TC_002_verify_select_pickup_location_date_and_packages" time="6.625"/>
  <system-out/>
</testsuite> <!-- Freedo_domain.appium_0 -->
